TN:
SF:src/api/deposit.ts
FN:64,(anonymous_0)
FN:74,addBaseDepositValidationIssues
FN:102,(anonymous_2)
FN:122,(anonymous_3)
FNF:4
FNH:4
FNDA:2,(anonymous_0)
FNDA:6,addBaseDepositValidationIssues
FNDA:4,(anonymous_2)
FNDA:3,(anonymous_3)
DA:3,1
DA:9,1
DA:10,1
DA:12,1
DA:14,1
DA:18,1
DA:22,1
DA:26,1
DA:43,1
DA:55,1
DA:63,1
DA:65,2
DA:78,6
DA:79,2
DA:86,6
DA:87,1
DA:95,1
DA:103,4
DA:106,1
DA:123,3
DA:124,1
DA:127,2
LF:22
LH:22
BRDA:78,0,0,2
BRDA:78,0,1,4
BRDA:86,1,0,1
BRDA:86,1,1,5
BRDA:123,2,0,1
BRDA:123,2,1,2
BRF:6
BRH:6
end_of_record
TN:
SF:src/api/marketDashboard.ts
FNF:0
FNH:0
DA:18,1
DA:23,1
DA:29,1
DA:38,1
DA:45,1
DA:50,1
LF:6
LH:6
BRF:0
BRH:0
end_of_record
TN:
SF:src/shared/market-freshness.ts
FNF:0
FNH:0
DA:3,3
DA:11,3
LF:2
LH:2
BRF:0
BRH:0
end_of_record
TN:
SF:src/shared/wallet.ts
FN:8,isWalletAddress
FNF:1
FNH:1
FNDA:9,isWalletAddress
DA:6,1
DA:9,9
LF:2
LH:2
BRDA:9,0,0,9
BRDA:9,0,1,5
BRF:2
BRH:2
end_of_record
TN:
SF:src/strategy/allocation.ts
FN:21,(anonymous_0)
FNF:1
FNH:1
FNDA:2,(anonymous_0)
DA:3,4
DA:11,4
DA:16,4
DA:18,4
DA:20,4
DA:21,2
LF:6
LH:6
BRF:0
BRH:0
end_of_record
TN:
SF:src/strategy/backtesting.ts
FN:186,(anonymous_0)
FNF:1
FNH:1
FNDA:6,(anonymous_0)
DA:12,3
DA:20,3
DA:28,3
DA:37,3
DA:46,3
DA:55,3
DA:63,3
DA:76,3
DA:83,3
DA:94,3
DA:96,3
DA:105,3
DA:118,3
DA:128,3
DA:136,3
DA:145,3
DA:154,3
DA:163,3
DA:167,3
DA:179,3
DA:186,3
DA:188,6
DA:190,3
DA:198,3
DA:206,3
DA:211,3
DA:217,3
DA:223,3
DA:247,3
DA:255,3
DA:264,3
LF:31
LH:31
BRF:0
BRH:0
end_of_record
TN:
SF:src/strategy/bucket.ts
FNF:0
FNH:0
DA:9,4
DA:11,4
LF:2
LH:2
BRF:0
BRH:0
end_of_record
TN:
SF:src/strategy/preset.ts
FNF:0
FNH:0
DA:6,1
DA:16,1
DA:21,1
DA:28,1
LF:4
LH:4
BRF:0
BRH:0
end_of_record
TN:
SF:src/strategy/suggestion.ts
FNF:0
FNH:0
DA:14,1
DA:20,1
DA:26,1
DA:34,1
DA:38,1
DA:52,1
DA:60,1
LF:7
LH:7
BRF:0
BRH:0
end_of_record
