{"total": {"lines":{"total":367,"covered":348,"skipped":0,"pct":94.82},"statements":{"total":371,"covered":352,"skipped":0,"pct":94.87},"functions":{"total":100,"covered":98,"skipped":0,"pct":98},"branches":{"total":221,"covered":191,"skipped":0,"pct":86.42},"branchesTrue":{"total":0,"covered":0,"skipped":0,"pct":100}}
,"/Users/chouyasushi/htdocs/zapPilot/zapEngine/packages/intent-engine/src/adapters/lifi.adapter.ts": {"lines":{"total":39,"covered":34,"skipped":0,"pct":87.17},"functions":{"total":11,"covered":9,"skipped":0,"pct":81.81},"statements":{"total":39,"covered":34,"skipped":0,"pct":87.17},"branches":{"total":33,"covered":23,"skipped":0,"pct":69.69}}
,"/Users/chouyasushi/htdocs/zapPilot/zapEngine/packages/intent-engine/src/adapters/simulation.adapter.ts": {"lines":{"total":4,"covered":4,"skipped":0,"pct":100},"functions":{"total":3,"covered":3,"skipped":0,"pct":100},"statements":{"total":4,"covered":4,"skipped":0,"pct":100},"branches":{"total":2,"covered":2,"skipped":0,"pct":100}}
,"/Users/chouyasushi/htdocs/zapPilot/zapEngine/packages/intent-engine/src/approvals/erc20Approval.ts": {"lines":{"total":5,"covered":5,"skipped":0,"pct":100},"functions":{"total":2,"covered":2,"skipped":0,"pct":100},"statements":{"total":5,"covered":5,"skipped":0,"pct":100},"branches":{"total":4,"covered":4,"skipped":0,"pct":100}}
,"/Users/chouyasushi/htdocs/zapPilot/zapEngine/packages/intent-engine/src/builders/bridge.builder.ts": {"lines":{"total":3,"covered":3,"skipped":0,"pct":100},"functions":{"total":1,"covered":1,"skipped":0,"pct":100},"statements":{"total":3,"covered":3,"skipped":0,"pct":100},"branches":{"total":2,"covered":2,"skipped":0,"pct":100}}
,"/Users/chouyasushi/htdocs/zapPilot/zapEngine/packages/intent-engine/src/builders/gmx-v2-supply.builder.ts": {"lines":{"total":33,"covered":32,"skipped":0,"pct":96.96},"functions":{"total":7,"covered":7,"skipped":0,"pct":100},"statements":{"total":33,"covered":32,"skipped":0,"pct":96.96},"branches":{"total":14,"covered":12,"skipped":0,"pct":85.71}}
,"/Users/chouyasushi/htdocs/zapPilot/zapEngine/packages/intent-engine/src/builders/rotate.builder.ts": {"lines":{"total":6,"covered":6,"skipped":0,"pct":100},"functions":{"total":1,"covered":1,"skipped":0,"pct":100},"statements":{"total":6,"covered":6,"skipped":0,"pct":100},"branches":{"total":0,"covered":0,"skipped":0,"pct":100}}
,"/Users/chouyasushi/htdocs/zapPilot/zapEngine/packages/intent-engine/src/builders/supply.builder.ts": {"lines":{"total":7,"covered":7,"skipped":0,"pct":100},"functions":{"total":1,"covered":1,"skipped":0,"pct":100},"statements":{"total":7,"covered":7,"skipped":0,"pct":100},"branches":{"total":2,"covered":2,"skipped":0,"pct":100}}
,"/Users/chouyasushi/htdocs/zapPilot/zapEngine/packages/intent-engine/src/builders/swap.builder.ts": {"lines":{"total":2,"covered":2,"skipped":0,"pct":100},"functions":{"total":1,"covered":1,"skipped":0,"pct":100},"statements":{"total":2,"covered":2,"skipped":0,"pct":100},"branches":{"total":0,"covered":0,"skipped":0,"pct":100}}
,"/Users/chouyasushi/htdocs/zapPilot/zapEngine/packages/intent-engine/src/builders/withdraw.builder.ts": {"lines":{"total":3,"covered":3,"skipped":0,"pct":100},"functions":{"total":1,"covered":1,"skipped":0,"pct":100},"statements":{"total":3,"covered":3,"skipped":0,"pct":100},"branches":{"total":0,"covered":0,"skipped":0,"pct":100}}
,"/Users/chouyasushi/htdocs/zapPilot/zapEngine/packages/intent-engine/src/errors/intent.errors.ts": {"lines":{"total":39,"covered":39,"skipped":0,"pct":100},"functions":{"total":17,"covered":17,"skipped":0,"pct":100},"statements":{"total":39,"covered":39,"skipped":0,"pct":100},"branches":{"total":5,"covered":5,"skipped":0,"pct":100}}
,"/Users/chouyasushi/htdocs/zapPilot/zapEngine/packages/intent-engine/src/execution/capability.detector.ts": {"lines":{"total":33,"covered":31,"skipped":0,"pct":93.93},"functions":{"total":6,"covered":6,"skipped":0,"pct":100},"statements":{"total":33,"covered":31,"skipped":0,"pct":93.93},"branches":{"total":28,"covered":25,"skipped":0,"pct":89.28}}
,"/Users/chouyasushi/htdocs/zapPilot/zapEngine/packages/intent-engine/src/execution/eip7702.executor.ts": {"lines":{"total":17,"covered":16,"skipped":0,"pct":94.11},"functions":{"total":5,"covered":5,"skipped":0,"pct":100},"statements":{"total":18,"covered":17,"skipped":0,"pct":94.44},"branches":{"total":17,"covered":15,"skipped":0,"pct":88.23}}
,"/Users/chouyasushi/htdocs/zapPilot/zapEngine/packages/intent-engine/src/protocols/registry.ts": {"lines":{"total":24,"covered":24,"skipped":0,"pct":100},"functions":{"total":11,"covered":11,"skipped":0,"pct":100},"statements":{"total":25,"covered":25,"skipped":0,"pct":100},"branches":{"total":16,"covered":16,"skipped":0,"pct":100}}
,"/Users/chouyasushi/htdocs/zapPilot/zapEngine/packages/intent-engine/src/protocols/gmx-v2/gmx-v2.encoder.ts": {"lines":{"total":14,"covered":14,"skipped":0,"pct":100},"functions":{"total":4,"covered":4,"skipped":0,"pct":100},"statements":{"total":14,"covered":14,"skipped":0,"pct":100},"branches":{"total":28,"covered":28,"skipped":0,"pct":100}}
,"/Users/chouyasushi/htdocs/zapPilot/zapEngine/packages/intent-engine/src/protocols/morpho/morpho.encoder.ts": {"lines":{"total":4,"covered":4,"skipped":0,"pct":100},"functions":{"total":4,"covered":4,"skipped":0,"pct":100},"statements":{"total":4,"covered":4,"skipped":0,"pct":100},"branches":{"total":0,"covered":0,"skipped":0,"pct":100}}
,"/Users/chouyasushi/htdocs/zapPilot/zapEngine/packages/intent-engine/src/strategies/composeDeposit.ts": {"lines":{"total":76,"covered":68,"skipped":0,"pct":89.47},"functions":{"total":14,"covered":14,"skipped":0,"pct":100},"statements":{"total":78,"covered":70,"skipped":0,"pct":89.74},"branches":{"total":42,"covered":33,"skipped":0,"pct":78.57}}
,"/Users/chouyasushi/htdocs/zapPilot/zapEngine/packages/intent-engine/src/validators/intent.validator.ts": {"lines":{"total":58,"covered":56,"skipped":0,"pct":96.55},"functions":{"total":11,"covered":11,"skipped":0,"pct":100},"statements":{"total":58,"covered":56,"skipped":0,"pct":96.55},"branches":{"total":28,"covered":24,"skipped":0,"pct":85.71}}
}
