TN:
SF:src/adapters/lifi.adapter.ts
FN:74,isNativeTokenAddress
FN:85,toBaseUnitString
FN:95,(anonymous_2)
FN:97,(anonymous_3)
FN:107,(anonymous_4)
FN:114,(anonymous_5)
FN:124,(anonymous_6)
FN:157,(anonymous_7)
FN:209,(anonymous_8)
FN:236,(anonymous_9)
FN:275,(anonymous_10)
FNF:11
FNH:9
FNDA:0,isNativeTokenAddress
FNDA:33,toBaseUnitString
FNDA:25,(anonymous_2)
FNDA:16,(anonymous_3)
FNDA:0,(anonymous_4)
FNDA:11,(anonymous_5)
FNDA:12,(anonymous_6)
FNDA:3,(anonymous_7)
FNDA:1,(anonymous_8)
FNDA:11,(anonymous_9)
FNDA:3,(anonymous_10)
DA:75,0
DA:76,0
DA:86,33
DA:87,9
DA:89,24
DA:93,25
DA:95,25
DA:98,16
DA:99,13
DA:103,13
DA:108,0
DA:117,11
DA:127,12
DA:129,12
DA:130,12
DA:140,12
DA:141,10
DA:147,2
DA:173,3
DA:175,3
DA:176,3
DA:185,3
DA:189,3
DA:190,1
DA:195,2
DA:213,1
DA:215,1
DA:216,1
DA:220,1
DA:227,0
DA:240,11
DA:241,0
DA:244,11
DA:245,11
DA:247,11
DA:263,11
DA:274,11
DA:275,3
DA:278,11
LF:39
LH:34
BRDA:77,0,0,0
BRDA:77,0,1,0
BRDA:86,1,0,9
BRDA:86,1,1,24
BRDA:86,2,0,33
BRDA:86,2,1,32
BRDA:86,2,2,25
BRDA:98,3,0,13
BRDA:98,3,1,3
BRDA:137,4,0,12
BRDA:137,4,1,12
BRDA:138,5,0,12
BRDA:138,5,1,9
BRDA:143,6,0,10
BRDA:143,6,1,0
BRDA:144,7,0,0
BRDA:144,7,1,0
BRDA:185,8,0,0
BRDA:185,8,1,3
BRDA:240,9,0,0
BRDA:240,9,1,11
BRDA:245,10,0,11
BRDA:245,10,1,8
BRDA:250,11,0,11
BRDA:250,11,1,3
BRDA:263,12,0,0
BRDA:263,12,1,11
BRDA:263,13,0,11
BRDA:263,13,1,0
BRDA:274,14,0,11
BRDA:274,14,1,8
BRDA:275,15,0,3
BRDA:275,15,1,0
BRF:33
BRH:23
end_of_record
TN:
SF:src/adapters/simulation.adapter.ts
FN:27,(anonymous_0)
FN:29,(anonymous_1)
FN:52,(anonymous_2)
FNF:3
FNH:3
FNDA:2,(anonymous_0)
FNDA:2,(anonymous_1)
FNDA:1,(anonymous_2)
DA:27,2
DA:37,2
DA:39,2
DA:53,1
LF:4
LH:4
BRDA:41,0,0,2
BRDA:41,0,1,1
BRF:2
BRH:2
end_of_record
TN:
SF:src/approvals/erc20Approval.ts
FN:16,needsApproval
FN:35,buildApproveTx
FNF:2
FNH:2
FNDA:9,needsApproval
FNDA:6,buildApproveTx
DA:21,9
DA:22,9
DA:29,7
DA:31,2
DA:43,6
LF:5
LH:5
BRDA:52,0,0,1
BRDA:52,0,1,5
BRDA:54,1,0,6
BRDA:54,1,1,6
BRF:4
BRH:4
end_of_record
TN:
SF:src/builders/bridge.builder.ts
FN:20,buildBridgeTx
FNF:1
FNH:1
FNDA:4,buildBridgeTx
DA:24,4
DA:25,1
DA:28,3
LF:3
LH:3
BRDA:24,0,0,1
BRDA:24,0,1,3
BRF:2
BRH:2
end_of_record
TN:
SF:src/builders/gmx-v2-supply.builder.ts
FN:41,normalizeAddress
FN:45,validatePositiveAmount
FN:53,createApprovalTx
FN:76,approvalFromQuote
FN:90,parseStep
FN:94,buildDepositStep
FN:126,buildGmxV2SupplyTx
FNF:7
FNH:7
FNDA:18,normalizeAddress
FNDA:8,validatePositiveAmount
FNDA:6,createApprovalTx
FNDA:2,approvalFromQuote
FNDA:2,parseStep
FNDA:4,buildDepositStep
FNDA:6,buildGmxV2SupplyTx
DA:42,18
DA:46,8
DA:47,8
DA:48,1
DA:50,7
DA:58,6
DA:79,2
DA:80,0
DA:83,2
DA:91,2
DA:99,4
DA:100,4
DA:107,4
DA:130,6
DA:132,6
DA:136,1
DA:139,4
DA:140,4
DA:141,4
DA:142,4
DA:144,4
DA:148,2
DA:159,2
DA:160,2
DA:161,2
DA:164,2
DA:165,2
DA:166,2
DA:169,4
DA:177,4
DA:185,4
DA:186,12
DA:192,4
LF:33
LH:32
BRDA:47,0,0,1
BRDA:47,0,1,7
BRDA:79,1,0,0
BRDA:79,1,1,2
BRDA:103,2,0,2
BRDA:103,2,1,2
BRDA:104,3,0,2
BRDA:104,3,1,2
BRDA:132,4,0,1
BRDA:132,4,1,5
BRDA:144,5,0,2
BRDA:144,5,1,2
BRDA:160,6,0,2
BRDA:160,6,1,0
BRF:14
BRH:12
end_of_record
TN:
SF:src/builders/rotate.builder.ts
FN:35,buildRotateTx
FNF:1
FNH:1
FNDA:2,buildRotateTx
DA:40,2
DA:42,2
DA:56,2
DA:58,2
DA:75,2
DA:86,1
LF:6
LH:6
BRF:0
BRH:0
end_of_record
TN:
SF:src/builders/supply.builder.ts
FN:24,buildSupplyTx
FNF:1
FNH:1
FNDA:9,buildSupplyTx
DA:29,9
DA:31,9
DA:38,9
DA:40,9
DA:41,6
DA:46,6
DA:71,3
LF:7
LH:7
BRDA:40,0,0,6
BRDA:40,0,1,3
BRF:2
BRH:2
end_of_record
TN:
SF:src/builders/swap.builder.ts
FN:15,buildSwapTx
FNF:1
FNH:1
FNDA:3,buildSwapTx
DA:20,3
DA:22,3
LF:2
LH:2
BRF:0
BRH:0
end_of_record
TN:
SF:src/builders/withdraw.builder.ts
FN:17,buildWithdrawTx
FNF:1
FNH:1
FNDA:1,buildWithdrawTx
DA:21,1
DA:23,1
DA:29,1
LF:3
LH:3
BRF:0
BRH:0
end_of_record
TN:
SF:src/errors/intent.errors.ts
FN:16,(anonymous_0)
FN:26,(anonymous_1)
FN:42,(anonymous_2)
FN:48,(anonymous_3)
FN:57,(anonymous_4)
FN:68,(anonymous_5)
FN:81,(anonymous_6)
FN:95,(anonymous_7)
FN:107,(anonymous_8)
FN:119,(anonymous_9)
FN:130,(anonymous_10)
FN:142,(anonymous_11)
FN:151,(anonymous_12)
FN:163,(anonymous_13)
FN:169,(anonymous_14)
FN:180,(anonymous_15)
FN:186,(anonymous_16)
FNF:17
FNH:17
FNDA:31,(anonymous_0)
FNDA:10,(anonymous_1)
FNDA:11,(anonymous_2)
FNDA:1,(anonymous_3)
FNDA:4,(anonymous_4)
FNDA:1,(anonymous_5)
FNDA:1,(anonymous_6)
FNDA:1,(anonymous_7)
FNDA:1,(anonymous_8)
FNDA:1,(anonymous_9)
FNDA:1,(anonymous_10)
FNDA:2,(anonymous_11)
FNDA:1,(anonymous_12)
FNDA:7,(anonymous_13)
FNDA:1,(anonymous_14)
FNDA:1,(anonymous_15)
FNDA:1,(anonymous_16)
DA:20,31
DA:21,31
DA:22,31
DA:23,31
DA:27,10
DA:43,11
DA:44,11
DA:45,11
DA:49,1
DA:58,4
DA:59,4
DA:69,1
DA:75,1
DA:76,1
DA:77,1
DA:78,1
DA:82,1
DA:96,1
DA:102,1
DA:103,1
DA:104,1
DA:108,1
DA:120,1
DA:126,1
DA:127,1
DA:131,1
DA:143,2
DA:146,2
DA:147,2
DA:148,2
DA:152,1
DA:164,7
DA:165,7
DA:166,7
DA:170,1
DA:181,1
DA:182,1
DA:183,1
DA:187,1
LF:39
LH:39
BRDA:22,0,0,31
BRDA:22,0,1,3
BRDA:32,1,0,1
BRDA:32,1,1,9
BRDA:42,2,0,11
BRF:5
BRH:5
end_of_record
TN:
SF:src/execution/capability.detector.ts
FN:6,isObject
FN:10,getAtomicStatus
FN:23,getCapabilitiesForChain
FN:42,isAtomicSupported
FN:60,detectEIP7702Support
FN:99,determineExecutionStrategy
FNF:6
FNH:6
FNDA:39,isObject
FNDA:19,getAtomicStatus
FNDA:8,getCapabilitiesForChain
FNDA:16,isAtomicSupported
FNDA:13,detectEIP7702Support
FNDA:5,determineExecutionStrategy
DA:7,39
DA:11,19
DA:12,7
DA:15,12
DA:16,12
DA:17,3
DA:20,9
DA:27,8
DA:28,4
DA:31,4
DA:34,4
DA:35,2
DA:39,2
DA:43,16
DA:64,13
DA:65,13
DA:66,11
DA:67,11
DA:68,3
DA:70,8
DA:71,4
DA:74,4
DA:75,4
DA:78,4
DA:79,0
DA:81,4
DA:82,0
DA:85,4
DA:89,2
DA:103,5
DA:104,2
DA:107,3
DA:108,3
LF:33
LH:31
BRDA:7,0,0,39
BRDA:7,0,1,25
BRDA:11,1,0,7
BRDA:11,1,1,12
BRDA:16,2,0,3
BRDA:16,2,1,9
BRDA:20,3,0,9
BRDA:20,3,1,0
BRDA:27,4,0,4
BRDA:27,4,1,4
BRDA:34,5,0,2
BRDA:34,5,1,2
BRDA:43,6,0,16
BRDA:43,6,1,12
BRDA:67,7,0,3
BRDA:67,7,1,8
BRDA:70,8,0,4
BRDA:70,8,1,4
BRDA:78,9,0,0
BRDA:78,9,1,4
BRDA:81,10,0,0
BRDA:81,10,1,4
BRDA:103,11,0,2
BRDA:103,11,1,3
BRDA:103,12,0,5
BRDA:103,12,1,4
BRDA:108,13,0,1
BRDA:108,13,1,2
BRF:28
BRH:25
end_of_record
TN:
SF:src/execution/eip7702.executor.ts
FN:13,getEIP7702Chain
FN:14,(anonymous_1)
FN:32,executeWithEIP7702
FN:51,(anonymous_3)
FN:84,waitForEIP7702Confirmation
FNF:5
FNH:5
FNDA:3,getEIP7702Chain
FNDA:6,(anonymous_1)
FNDA:12,executeWithEIP7702
FNDA:11,(anonymous_3)
FNDA:5,waitForEIP7702Confirmation
DA:11,4
DA:14,6
DA:15,3
DA:16,0
DA:18,3
DA:37,12
DA:38,3
DA:41,9
DA:42,9
DA:43,3
DA:46,6
DA:51,11
DA:59,4
DA:64,5
DA:92,5
DA:97,2
DA:99,5
LF:17
LH:16
BRDA:15,0,0,0
BRDA:15,0,1,3
BRDA:35,1,0,12
BRDA:37,2,0,3
BRDA:37,2,1,9
BRDA:37,3,0,12
BRDA:37,3,1,11
BRDA:42,4,0,3
BRDA:42,4,1,6
BRDA:42,5,0,9
BRDA:42,5,1,8
BRDA:48,6,0,3
BRDA:48,6,1,3
BRDA:67,7,0,5
BRDA:67,7,1,0
BRDA:100,8,0,1
BRDA:100,8,1,1
BRF:17
BRH:15
end_of_record
TN:
SF:src/protocols/registry.ts
FN:116,(anonymous_0)
FN:121,(anonymous_1)
FN:133,(anonymous_2)
FN:141,normalizeAddress
FN:145,matchesAsset
FN:153,listRegistryVaults
FN:154,(anonymous_6)
FN:157,lookupVault
FN:167,(anonymous_8)
FN:175,findVaultByAddress
FN:187,(anonymous_10)
FNF:11
FNH:11
FNDA:42,(anonymous_0)
FNDA:32,(anonymous_1)
FNDA:42,(anonymous_2)
FNDA:222,normalizeAddress
FNDA:14,matchesAsset
FNDA:44,listRegistryVaults
FNDA:86,(anonymous_6)
FNDA:10,lookupVault
FNDA:53,(anonymous_8)
FNDA:34,findVaultByAddress
FNDA:168,(anonymous_10)
DA:9,8
DA:11,8
DA:14,8
DA:23,8
DA:54,8
DA:61,8
DA:66,8
DA:114,8
DA:116,42
DA:119,8
DA:121,32
DA:131,8
DA:133,42
DA:136,8
DA:142,222
DA:146,14
DA:147,10
DA:150,4
DA:154,86
DA:165,10
DA:168,53
DA:183,34
DA:185,34
DA:188,168
LF:24
LH:24
BRDA:146,0,0,10
BRDA:146,0,1,4
BRDA:163,1,0,10
BRDA:166,2,0,10
BRDA:166,2,1,2
BRDA:168,3,0,53
BRDA:168,3,1,25
BRDA:168,3,2,14
BRDA:181,4,0,34
BRDA:186,5,0,34
BRDA:186,5,1,4
BRDA:188,6,0,168
BRDA:188,6,1,33
BRDA:188,6,2,6
BRDA:188,6,3,32
BRDA:188,6,4,27
BRF:16
BRH:16
end_of_record
TN:
SF:src/protocols/gmx-v2/gmx-v2.encoder.ts
FN:38,encodeGmxV2SendWnt
FN:46,encodeGmxV2SendTokens
FN:58,encodeGmxV2CreateDeposit
FN:86,encodeGmxV2CreateDepositMulticall
FNF:4
FNH:4
FNDA:9,encodeGmxV2SendWnt
FNDA:9,encodeGmxV2SendTokens
FNDA:9,encodeGmxV2CreateDeposit
FNDA:9,encodeGmxV2CreateDepositMulticall
DA:11,10
DA:39,9
DA:51,9
DA:61,9
DA:89,9
DA:90,1
DA:93,8
DA:94,9
DA:98,9
DA:99,4
DA:108,8
DA:109,4
DA:118,8
DA:129,9
LF:14
LH:14
BRDA:68,0,0,9
BRDA:68,0,1,9
BRDA:69,1,0,9
BRDA:69,1,1,9
BRDA:73,2,0,9
BRDA:73,2,1,9
BRDA:74,3,0,9
BRDA:74,3,1,9
BRDA:76,4,0,9
BRDA:76,4,1,1
BRDA:77,5,0,9
BRDA:77,5,1,9
BRDA:79,6,0,9
BRDA:79,6,1,9
BRDA:80,7,0,9
BRDA:80,7,1,9
BRDA:89,8,0,1
BRDA:89,8,1,8
BRDA:89,9,0,9
BRDA:89,9,1,5
BRDA:93,10,0,8
BRDA:93,10,1,8
BRDA:98,11,0,4
BRDA:98,11,1,5
BRDA:108,12,0,4
BRDA:108,12,1,4
BRDA:125,13,0,8
BRDA:125,13,1,8
BRF:28
BRH:28
end_of_record
TN:
SF:src/protocols/morpho/morpho.encoder.ts
FN:9,encodeDeposit
FN:25,encodeMint
FN:39,encodeWithdraw
FN:57,encodeRedeem
FNF:4
FNH:4
FNDA:8,encodeDeposit
FNDA:2,encodeMint
FNDA:2,encodeWithdraw
FNDA:5,encodeRedeem
DA:13,8
DA:26,2
DA:44,2
DA:62,5
LF:4
LH:4
BRF:0
BRH:0
end_of_record
TN:
SF:src/strategies/composeDeposit.ts
FN:53,isNativeToken
FN:57,approvalRequirementKey
FN:64,addApprovalRequirement
FN:98,splitAmounts
FN:106,(anonymous_4)
FN:109,(anonymous_5)
FN:115,(anonymous_6)
FN:120,(anonymous_7)
FN:129,(anonymous_8)
FN:139,bridgeName
FN:152,totalGasUsd
FN:155,(anonymous_11)
FN:161,sourcePublicClient
FN:172,composeDeposit
FNF:14
FNH:14
FNDA:7,isNativeToken
FNDA:7,approvalRequirementKey
FNDA:9,addApprovalRequirement
FNDA:7,splitAmounts
FNDA:21,(anonymous_4)
FNDA:21,(anonymous_5)
FNDA:9,(anonymous_6)
FNDA:9,(anonymous_7)
FNDA:9,(anonymous_8)
FNDA:4,bridgeName
FNDA:7,totalGasUsd
FNDA:9,(anonymous_11)
FNDA:7,sourcePublicClient
FNDA:8,composeDeposit
DA:28,4
DA:31,4
DA:36,4
DA:54,7
DA:61,7
DA:74,9
DA:75,2
DA:78,7
DA:79,7
DA:80,0
DA:83,7
DA:84,7
DA:86,7
DA:87,1
DA:88,1
DA:91,6
DA:105,7
DA:106,21
DA:109,21
DA:111,7
DA:112,0
DA:115,9
DA:119,7
DA:120,9
DA:124,7
DA:125,0
DA:128,7
DA:129,7
DA:131,9
DA:134,9
DA:135,9
DA:140,4
DA:146,4
DA:149,0
DA:153,7
DA:155,9
DA:165,7
DA:166,7
DA:167,0
DA:169,7
DA:176,8
DA:177,1
DA:180,7
DA:184,7
DA:188,8
DA:189,8
DA:190,8
DA:191,8
DA:193,8
DA:194,9
DA:195,7
DA:196,7
DA:197,0
DA:201,7
DA:202,0
DA:207,7
DA:221,7
DA:222,7
DA:223,7
DA:227,5
DA:233,2
DA:235,7
DA:245,7
DA:248,2
DA:249,2
DA:250,0
DA:255,2
DA:267,2
DA:268,2
DA:269,2
DA:270,2
DA:282,7
DA:283,7
DA:284,6
DA:291,5
DA:302,7
LF:76
LH:68
BRDA:74,0,0,2
BRDA:74,0,1,7
BRDA:79,1,0,0
BRDA:79,1,1,7
BRDA:86,2,0,1
BRDA:86,2,1,6
BRDA:108,3,0,21
BRDA:108,3,1,12
BRDA:111,4,0,0
BRDA:111,4,1,7
BRDA:124,5,0,0
BRDA:124,5,1,7
BRDA:131,6,0,7
BRDA:131,6,1,2
BRDA:140,7,0,4
BRDA:140,7,1,0
BRDA:141,8,0,4
BRDA:141,8,1,4
BRDA:141,8,2,4
BRDA:141,8,3,4
BRDA:166,9,0,0
BRDA:166,9,1,7
BRDA:176,10,0,1
BRDA:176,10,1,7
BRDA:186,11,0,7
BRDA:186,11,1,6
BRDA:194,12,0,7
BRDA:194,12,1,2
BRDA:196,13,0,0
BRDA:196,13,1,7
BRDA:201,14,0,0
BRDA:201,14,1,7
BRDA:223,15,0,5
BRDA:223,15,1,2
BRDA:224,16,0,7
BRDA:224,16,1,5
BRDA:249,17,0,0
BRDA:249,17,1,2
BRDA:276,18,0,2
BRDA:276,18,1,0
BRDA:284,19,0,5
BRDA:284,19,1,1
BRF:42
BRH:33
end_of_record
TN:
SF:src/validators/intent.validator.ts
FN:24,assertSupportedChain
FN:37,assertKnownOnThisChainOrUnknown
FN:45,(anonymous_2)
FN:57,(anonymous_3)
FN:70,assertTokenForChain
FN:79,assertVaultForChain
FN:95,validateIntent
FN:107,validateSwapIntent
FN:121,validateSupplyIntent
FN:135,validateWithdrawIntent
FN:148,validateRotateIntent
FNF:11
FNH:11
FNDA:22,assertSupportedChain
FNDA:19,assertKnownOnThisChainOrUnknown
FNDA:60,(anonymous_2)
FNDA:14,(anonymous_3)
FNDA:19,assertTokenForChain
FNDA:21,assertVaultForChain
FNDA:2,validateIntent
FNDA:7,validateSwapIntent
FNDA:13,validateSupplyIntent
FNDA:4,validateWithdrawIntent
FNDA:5,validateRotateIntent
DA:22,5
DA:25,22
DA:28,0
DA:43,19
DA:44,19
DA:45,60
DA:47,19
DA:48,16
DA:51,3
DA:52,5
DA:53,5
DA:54,2
DA:56,3
DA:57,14
DA:59,3
DA:60,1
DA:61,1
DA:63,0
DA:71,19
DA:80,21
DA:81,20
DA:84,1
DA:85,1
DA:86,1
DA:96,2
DA:97,2
DA:98,1
DA:100,1
DA:101,1
DA:108,7
DA:109,7
DA:110,3
DA:112,4
DA:113,4
DA:114,4
DA:115,4
DA:122,13
DA:123,13
DA:124,2
DA:126,11
DA:127,11
DA:128,11
DA:129,11
DA:136,4
DA:137,4
DA:138,2
DA:140,2
DA:141,2
DA:142,2
DA:149,5
DA:150,5
DA:151,1
DA:153,4
DA:154,4
DA:155,4
DA:156,4
DA:157,1
DA:159,4
LF:58
LH:56
BRDA:25,0,0,0
BRDA:25,0,1,22
BRDA:44,1,0,19
BRDA:44,1,1,0
BRDA:47,2,0,16
BRDA:47,2,1,3
BRDA:53,3,0,2
BRDA:53,3,1,3
BRDA:59,4,0,1
BRDA:59,4,1,2
BRDA:60,5,0,1
BRDA:60,5,1,0
BRDA:80,6,0,20
BRDA:80,6,1,1
BRDA:85,7,0,1
BRDA:85,7,1,0
BRDA:97,8,0,1
BRDA:97,8,1,1
BRDA:109,9,0,3
BRDA:109,9,1,4
BRDA:123,10,0,2
BRDA:123,10,1,11
BRDA:137,11,0,2
BRDA:137,11,1,2
BRDA:150,12,0,1
BRDA:150,12,1,4
BRDA:156,13,0,1
BRDA:156,13,1,3
BRF:28
BRH:24
end_of_record
