SF:lib/models/episode_page.dart
DA:4,8
DA:9,3
DA:10,3
DA:11,3
DA:12,3
DA:13,3
DA:14,3
DA:15,3
LF:8
LH:8
end_of_record
SF:lib/models/episode.dart
DA:4,6
DA:14,16
DA:16,2
DA:17,2
DA:22,2
DA:24,2
DA:26,2
DA:27,2
DA:31,3
DA:34,3
DA:35,9
DA:36,3
DA:37,3
DA:40,1
DA:41,4
DA:45,3
DA:57,2
DA:58,2
DA:59,2
DA:60,2
DA:61,2
DA:62,2
DA:66,0
DA:69,0
DA:70,0
DA:71,0
DA:72,0
DA:73,0
DA:76,0
DA:77,0
DA:81,3
DA:93,2
DA:94,2
DA:95,2
DA:100,2
DA:105,2
DA:106,2
DA:110,1
DA:113,0
DA:114,0
DA:115,0
DA:116,0
DA:117,0
DA:120,0
DA:121,0
DA:122,0
DA:123,0
DA:124,0
DA:125,0
DA:130,15
DA:158,6
DA:159,6
DA:160,12
DA:161,6
DA:164,4
DA:165,4
DA:166,4
DA:171,4
DA:177,4
DA:179,4
DA:180,4
DA:181,4
DA:182,4
DA:183,4
DA:184,4
DA:185,4
DA:186,4
DA:187,4
DA:188,4
DA:189,4
DA:190,4
DA:191,4
DA:199,5
DA:213,5
DA:214,5
DA:215,5
DA:216,4
DA:217,5
DA:218,5
DA:219,5
DA:220,3
DA:221,5
DA:222,5
DA:223,5
DA:224,5
DA:225,5
DA:230,4
DA:235,6
DA:238,4
DA:243,10
DA:246,2
DA:251,4
DA:252,2
DA:255,4
DA:256,8
DA:257,4
DA:260,2
DA:261,8
DA:262,6
DA:263,2
DA:266,4
DA:269,8
DA:270,4
DA:273,2
DA:274,2
DA:275,2
DA:276,4
DA:278,10
DA:279,2
DA:282,2
DA:285,2
DA:286,2
DA:289,2
DA:290,2
DA:291,4
DA:292,2
DA:295,10
DA:296,2
DA:299,0
DA:301,0
DA:302,0
DA:303,0
LF:122
LH:99
end_of_record
SF:lib/utils/json_utils.dart
DA:1,4
DA:6,8
DA:7,4
DA:8,4
DA:9,5
LF:5
LH:5
end_of_record
SF:lib/services/episode_service.dart
DA:8,2
DA:18,6
DA:22,6
DA:24,6
DA:25,6
DA:33,0
DA:38,0
DA:39,0
DA:40,0
DA:41,0
DA:42,0
DA:45,0
DA:46,0
DA:47,0
DA:48,0
DA:51,0
DA:52,0
DA:53,0
DA:55,0
DA:57,0
DA:61,0
DA:65,0
DA:66,0
DA:67,0
DA:70,0
DA:71,0
DA:72,0
DA:74,0
DA:75,0
DA:78,0
DA:79,0
DA:80,0
DA:81,0
DA:82,0
DA:83,0
DA:85,0
DA:88,0
DA:92,0
DA:93,0
DA:95,0
DA:96,0
DA:97,0
DA:98,0
DA:101,0
DA:105,0
DA:106,0
DA:107,0
DA:108,0
DA:109,0
DA:118,0
DA:123,0
DA:127,0
DA:131,0
DA:136,0
DA:140,0
DA:153,6
DA:157,0
DA:162,0
DA:163,0
DA:164,0
LF:60
LH:6
end_of_record
SF:lib/config/app_config.dart
DA:4,0
DA:11,2
LF:2
LH:1
end_of_record
SF:lib/config/language_codes.dart
DA:2,24
DA:39,1
DA:40,1
DA:41,3
DA:42,2
DA:43,3
LF:6
LH:6
end_of_record
SF:lib/services/supabase_service.dart
DA:4,0
LF:1
LH:0
end_of_record
SF:lib/services/audio_player_handler.dart
DA:19,0
DA:20,0
DA:23,0
DA:24,0
DA:25,0
DA:26,0
DA:27,0
DA:29,0
DA:30,0
DA:31,0
DA:32,0
DA:34,0
DA:35,0
DA:36,0
DA:37,0
DA:38,0
DA:42,0
DA:44,0
DA:45,0
DA:46,0
DA:50,0
DA:51,0
DA:54,0
DA:55,0
DA:59,0
DA:69,0
DA:70,0
DA:71,0
DA:84,0
DA:86,0
DA:88,0
DA:90,0
DA:92,0
DA:94,0
DA:99,0
DA:101,0
DA:102,0
DA:105,0
DA:107,0
DA:108,0
DA:111,0
DA:113,0
DA:114,0
DA:115,0
DA:116,0
DA:119,0
DA:121,0
DA:122,0
DA:125,0
DA:127,0
DA:130,0
DA:132,0
DA:135,0
DA:137,0
DA:138,0
DA:139,0
DA:140,0
DA:141,0
DA:144,0
DA:147,0
DA:149,0
DA:150,0
DA:151,0
DA:152,0
DA:156,0
DA:158,0
DA:159,0
DA:162,0
DA:164,0
DA:165,0
DA:166,0
DA:167,0
DA:169,0
DA:171,0
DA:174,0
DA:176,0
DA:181,0
DA:182,0
DA:184,0
DA:185,0
DA:186,0
DA:188,0
DA:191,0
DA:192,0
DA:195,0
DA:196,0
DA:198,0
DA:199,0
DA:202,0
DA:205,0
DA:210,0
DA:215,0
DA:216,0
DA:218,0
DA:221,0
DA:222,0
DA:223,0
DA:224,0
DA:229,0
DA:230,0
DA:232,0
DA:233,0
DA:234,0
DA:237,0
DA:239,0
DA:240,0
DA:241,0
DA:247,0
DA:248,0
DA:256,0
DA:257,0
DA:260,0
DA:261,0
DA:262,0
DA:266,0
DA:267,0
LF:116
LH:0
end_of_record
SF:lib/screens/episode_detail_screen.dart
DA:18,2
DA:22,2
DA:23,2
DA:27,6
DA:32,2
DA:34,2
DA:35,6
DA:38,2
DA:40,2
DA:41,4
DA:42,2
DA:43,2
DA:46,0
DA:47,0
DA:48,0
DA:49,0
DA:51,0
DA:52,0
DA:53,0
DA:54,0
DA:55,0
DA:60,0
DA:61,0
DA:68,2
DA:70,2
DA:71,0
DA:74,2
DA:76,2
DA:80,2
DA:83,0
DA:86,2
DA:87,2
DA:89,4
DA:93,2
DA:94,2
DA:95,2
DA:96,2
DA:98,2
DA:99,2
DA:100,8
DA:101,6
DA:103,2
DA:105,2
DA:106,4
DA:107,4
DA:109,4
DA:111,4
DA:112,6
DA:113,1
DA:114,4
DA:119,2
DA:122,2
DA:123,2
DA:124,2
DA:125,2
DA:126,2
DA:128,2
DA:133,2
DA:147,2
DA:151,2
DA:153,2
DA:159,4
DA:165,2
DA:169,2
DA:170,2
DA:177,1
DA:178,3
DA:179,1
DA:180,1
DA:181,3
DA:183,1
DA:184,5
DA:187,2
DA:189,2
DA:190,12
DA:191,2
DA:192,10
DA:193,2
DA:194,2
DA:195,2
DA:196,2
DA:197,2
DA:198,0
DA:200,4
DA:201,4
DA:202,6
DA:203,2
DA:204,1
DA:205,2
DA:206,1
DA:209,2
DA:211,2
DA:213,2
DA:214,2
DA:216,2
DA:217,2
DA:218,2
DA:219,2
DA:222,2
DA:225,2
DA:232,2
DA:233,2
DA:234,2
DA:236,6
DA:239,2
DA:240,2
DA:241,4
DA:245,2
DA:251,2
DA:255,2
DA:256,0
DA:258,2
DA:259,0
DA:261,2
DA:262,0
DA:263,0
DA:264,0
DA:265,0
DA:273,2
DA:274,2
DA:275,6
DA:281,2
DA:283,2
DA:284,2
DA:285,2
DA:288,5
DA:290,1
DA:294,1
DA:296,2
DA:305,2
DA:306,2
DA:307,2
DA:308,4
DA:309,2
DA:310,6
DA:312,2
DA:313,0
DA:315,4
DA:320,1
DA:332,1
DA:334,1
DA:336,1
DA:337,1
DA:338,1
DA:340,1
DA:341,1
DA:343,1
DA:344,1
DA:346,1
DA:348,1
DA:349,1
DA:350,1
DA:351,1
DA:352,1
DA:354,2
DA:355,1
DA:356,2
DA:357,1
DA:370,1
DA:384,1
DA:386,5
DA:388,1
DA:389,1
DA:390,1
DA:391,1
DA:392,1
DA:393,1
DA:394,4
DA:395,1
DA:400,1
DA:401,1
DA:402,1
DA:405,1
DA:407,1
DA:410,2
DA:411,1
DA:414,1
DA:416,0
DA:417,0
DA:420,0
DA:432,2
DA:436,2
DA:438,2
DA:440,2
DA:441,4
DA:442,4
DA:449,2
DA:453,2
DA:455,4
DA:456,2
DA:458,1
DA:460,1
DA:461,1
DA:463,1
DA:465,3
DA:469,2
DA:470,1
DA:471,2
DA:479,1
DA:483,1
DA:485,1
DA:487,1
DA:489,1
DA:490,1
DA:492,1
DA:493,1
DA:495,1
DA:497,1
DA:499,1
DA:500,1
DA:501,1
DA:502,3
DA:504,1
DA:505,1
DA:506,2
DA:507,3
DA:517,1
DA:520,1
DA:521,2
DA:522,1
DA:534,1
DA:538,1
DA:540,1
DA:541,1
DA:542,1
DA:543,1
DA:544,2
DA:546,1
DA:548,1
DA:549,2
DA:550,4
DA:559,1
DA:561,1
DA:563,0
DA:565,0
DA:574,1
DA:578,1
DA:580,3
DA:581,3
DA:582,1
DA:583,2
DA:584,2
DA:585,2
DA:586,1
DA:588,1
DA:590,1
DA:591,1
DA:593,1
DA:595,1
DA:597,1
DA:600,1
DA:601,1
DA:602,2
DA:605,4
DA:611,1
DA:615,4
LF:256
LH:230
end_of_record
SF:lib/screens/feed_screen.dart
DA:19,2
DA:24,2
DA:25,2
DA:29,2
DA:30,4
DA:44,2
DA:46,2
DA:47,6
DA:48,6
DA:49,6
DA:51,4
DA:52,2
DA:54,4
DA:55,2
DA:56,2
DA:57,4
DA:58,4
DA:62,2
DA:64,4
DA:65,4
DA:66,2
DA:69,2
DA:70,4
DA:71,4
DA:72,2
DA:73,2
DA:74,2
DA:75,2
DA:79,2
DA:80,6
DA:82,4
DA:83,4
DA:84,4
DA:85,2
DA:87,8
DA:89,0
DA:90,0
DA:91,0
DA:92,0
DA:97,0
DA:98,0
DA:100,0
DA:101,0
DA:102,0
DA:103,0
DA:107,0
DA:108,0
DA:110,0
DA:111,0
DA:112,0
DA:113,0
DA:115,0
DA:117,0
DA:118,0
DA:119,0
DA:120,0
DA:125,2
DA:126,4
DA:127,4
DA:129,4
DA:132,2
DA:133,6
DA:134,1
DA:136,2
DA:139,2
DA:140,1
DA:141,1
DA:144,3
DA:148,2
DA:149,2
DA:151,1
DA:152,2
DA:153,1
DA:155,1
DA:158,1
DA:159,2
DA:160,1
DA:161,3
DA:164,1
DA:165,1
DA:166,2
DA:167,2
DA:168,1
DA:169,4
DA:174,0
DA:175,0
DA:176,0
DA:177,0
DA:178,0
DA:182,2
DA:184,4
DA:185,2
DA:187,2
DA:189,4
DA:190,2
DA:192,2
DA:195,2
DA:196,2
DA:197,2
DA:199,2
DA:200,2
DA:203,2
DA:204,2
DA:206,2
DA:210,5
DA:215,2
DA:216,2
DA:220,2
DA:221,0
DA:223,0
DA:225,4
DA:226,1
DA:230,1
DA:232,1
DA:233,1
DA:236,4
DA:237,2
DA:238,3
DA:239,2
DA:242,3
DA:244,1
DA:245,1
DA:247,2
DA:250,3
DA:252,1
DA:253,1
DA:255,2
DA:258,3
DA:259,1
DA:260,1
DA:261,2
DA:262,1
DA:263,0
DA:264,0
DA:267,1
DA:268,0
DA:269,0
DA:271,0
DA:274,1
DA:275,1
DA:276,1
DA:277,1
DA:278,1
DA:279,1
DA:282,1
DA:289,1
DA:290,2
DA:291,4
DA:292,2
DA:294,0
DA:295,0
DA:297,0
DA:302,2
DA:305,2
DA:306,2
DA:307,2
DA:308,2
DA:310,3
DA:311,1
DA:312,1
DA:313,1
DA:314,1
DA:315,1
DA:316,1
DA:317,1
DA:321,2
DA:328,2
DA:329,6
DA:330,6
DA:331,4
DA:335,2
DA:336,0
DA:337,0
DA:338,0
DA:343,2
DA:355,1
DA:365,1
DA:367,1
DA:368,2
DA:369,1
DA:370,2
DA:371,1
DA:373,3
DA:374,4
DA:375,3
DA:383,21
DA:387,1
DA:389,1
DA:391,1
DA:392,1
DA:393,1
DA:394,1
DA:395,1
DA:397,3
DA:408,1
DA:420,1
DA:422,1
DA:429,1
DA:430,0
DA:432,0
DA:433,0
DA:440,2
DA:445,0
DA:450,0
DA:452,0
DA:454,0
DA:456,0
DA:463,0
DA:464,0
DA:466,0
DA:468,0
DA:471,0
DA:472,0
DA:483,21
DA:485,1
DA:487,1
DA:488,1
DA:490,1
DA:492,3
LF:219
LH:166
end_of_record
SF:lib/services/auth_service.dart
DA:9,5
DA:21,1
DA:22,1
DA:23,1
DA:24,1
DA:25,1
DA:26,1
DA:32,10
DA:35,10
DA:36,10
DA:46,5
DA:47,5
DA:48,5
DA:51,1
DA:53,1
DA:54,1
DA:55,1
DA:59,1
DA:60,1
DA:61,1
DA:64,1
DA:66,2
DA:67,0
DA:74,0
DA:75,0
DA:87,0
DA:88,0
DA:89,0
DA:91,0
DA:95,1
DA:96,2
DA:97,1
DA:101,0
DA:103,0
DA:107,1
DA:108,1
DA:109,1
DA:110,1
DA:111,1
DA:114,0
DA:115,0
DA:117,0
DA:118,0
DA:120,0
DA:121,0
DA:124,0
DA:128,0
DA:129,0
DA:130,0
DA:131,0
DA:132,0
DA:134,0
DA:135,0
DA:137,0
DA:138,0
DA:142,1
DA:143,2
DA:146,0
DA:147,0
DA:148,0
DA:149,0
DA:150,0
DA:151,0
DA:153,0
DA:154,0
DA:155,0
DA:156,0
DA:157,0
DA:158,0
DA:159,0
DA:160,0
DA:161,0
DA:166,22
DA:170,1
DA:171,1
LF:75
LH:35
end_of_record
SF:lib/services/likes_service.dart
DA:4,3
DA:11,9
DA:13,14
DA:17,1
DA:18,4
DA:20,1
DA:22,2
DA:23,1
DA:24,3
DA:25,2
DA:26,1
DA:30,1
DA:34,0
DA:35,0
DA:37,0
DA:40,1
DA:46,2
DA:50,2
DA:63,7
DA:67,0
DA:69,0
DA:70,0
DA:71,0
DA:74,0
DA:79,0
DA:80,0
DA:81,0
DA:82,0
DA:83,0
DA:86,0
DA:91,0
LF:31
LH:16
end_of_record
SF:lib/state/auth_provider.dart
DA:8,9
DA:9,4
DA:10,18
DA:20,18
DA:21,2
DA:22,2
DA:23,2
DA:25,9
DA:26,9
DA:27,9
DA:28,9
DA:31,27
DA:33,0
DA:35,9
DA:36,9
DA:40,1
DA:41,2
DA:44,0
DA:45,0
DA:48,0
DA:49,0
DA:52,0
DA:53,0
DA:54,0
DA:55,0
DA:58,0
DA:59,0
DA:60,0
DA:61,0
DA:64,0
DA:66,0
DA:69,0
DA:70,0
LF:33
LH:16
end_of_record
SF:lib/state/likes_provider.dart
DA:10,8
DA:15,2
DA:16,2
DA:17,0
DA:18,0
DA:24,8
DA:25,3
DA:33,2
DA:35,3
DA:37,6
DA:38,6
DA:42,7
DA:43,21
DA:44,10
DA:47,3
DA:48,5
DA:49,6
DA:50,8
DA:51,0
DA:52,2
DA:55,3
DA:58,3
DA:59,6
DA:61,3
DA:62,3
DA:63,3
DA:64,12
DA:65,2
DA:66,2
DA:67,4
DA:68,4
DA:69,2
DA:72,4
DA:73,6
DA:74,4
DA:75,4
DA:79,2
DA:80,2
DA:82,1
DA:83,1
DA:84,1
DA:89,2
DA:90,2
DA:91,2
DA:92,5
DA:93,2
DA:95,8
DA:96,2
DA:99,2
DA:102,4
DA:103,2
DA:105,2
DA:108,0
DA:109,0
DA:114,8
DA:116,11
DA:117,8
LF:57
LH:52
end_of_record
SF:lib/state/playback_provider.dart
DA:13,6
DA:14,4
DA:15,6
DA:16,12
DA:45,10
DA:46,6
DA:47,10
DA:48,8
DA:49,6
DA:50,6
DA:51,6
DA:52,9
DA:54,2
DA:55,6
DA:58,6
DA:59,30
DA:60,30
DA:61,30
DA:62,30
DA:65,3
DA:66,3
DA:69,6
DA:70,6
DA:71,6
DA:74,2
DA:77,2
DA:78,2
DA:79,2
DA:82,5
DA:83,16
DA:84,1
DA:85,1
DA:87,2
DA:92,5
DA:93,10
DA:94,10
DA:95,10
DA:96,10
DA:99,2
DA:101,8
DA:102,2
DA:104,8
DA:105,2
DA:106,2
DA:107,2
DA:110,2
DA:111,1
DA:112,2
DA:113,2
DA:114,1
DA:115,1
DA:119,2
DA:120,2
DA:121,2
DA:122,2
DA:123,4
DA:124,12
DA:125,4
DA:126,1
DA:127,1
DA:128,2
DA:130,2
DA:132,4
DA:133,4
DA:136,3
DA:137,6
DA:138,3
DA:141,0
DA:142,0
DA:145,2
DA:146,4
DA:147,2
DA:148,2
DA:149,2
DA:152,1
DA:153,1
DA:156,2
DA:157,4
DA:158,2
DA:159,2
DA:162,2
DA:163,2
DA:166,2
DA:167,6
DA:171,2
DA:172,2
DA:173,2
DA:176,4
DA:178,0
DA:179,0
DA:184,5
DA:185,10
DA:186,10
DA:187,1
DA:188,1
DA:189,2
DA:192,5
DA:195,3
DA:196,3
DA:197,3
DA:198,3
DA:199,3
DA:200,8
DA:201,6
DA:203,3
DA:206,3
DA:207,3
DA:208,3
DA:211,3
DA:212,3
DA:214,3
DA:215,9
DA:216,6
DA:217,12
DA:219,4
DA:222,6
DA:224,12
DA:225,12
DA:226,12
DA:227,12
DA:228,12
DA:229,18
DA:230,6
DA:233,5
DA:234,5
DA:235,5
DA:236,2
DA:239,5
DA:240,15
DA:241,4
DA:246,5
DA:247,5
DA:249,10
DA:250,5
DA:251,15
DA:252,5
DA:253,5
DA:254,5
DA:255,5
DA:256,5
DA:259,10
DA:260,5
DA:261,4
DA:262,4
DA:263,2
DA:266,5
DA:267,5
DA:271,2
DA:272,2
DA:274,6
DA:276,2
DA:278,6
DA:279,4
DA:281,2
DA:283,2
DA:285,4
DA:287,2
DA:290,6
DA:293,2
DA:295,2
DA:299,2
DA:300,4
DA:301,8
DA:302,4
DA:303,4
DA:304,2
DA:305,2
DA:306,2
DA:307,2
DA:308,2
DA:309,2
DA:313,1
DA:314,3
DA:315,2
DA:316,2
DA:319,5
DA:320,5
DA:321,5
DA:324,4
DA:326,2
DA:327,4
DA:331,2
DA:333,4
DA:335,2
DA:339,3
LF:185
LH:181
end_of_record
SF:lib/theme/app_theme.dart
DA:7,11
DA:8,11
DA:26,22
DA:32,11
DA:33,11
DA:34,22
DA:41,22
DA:46,22
DA:51,22
DA:56,22
DA:61,22
DA:67,22
DA:71,22
DA:75,22
DA:80,11
DA:83,11
DA:86,22
DA:92,11
DA:96,11
DA:97,11
DA:104,11
DA:105,11
DA:109,11
DA:110,11
DA:112,11
DA:115,11
DA:116,11
DA:120,11
DA:121,11
DA:123,11
DA:126,11
DA:127,11
DA:130,11
DA:131,11
DA:135,11
DA:138,22
DA:141,11
DA:142,11
DA:143,11
DA:146,11
DA:147,11
DA:150,11
DA:151,11
DA:155,11
DA:157,11
LF:45
LH:45
end_of_record
SF:lib/widgets/episode_card.dart
DA:16,4
DA:33,4
DA:35,4
DA:36,4
DA:37,4
DA:38,4
DA:39,4
DA:43,4
DA:45,4
DA:47,4
DA:48,4
DA:49,4
DA:50,2
DA:51,4
DA:53,4
DA:55,4
DA:56,4
DA:58,12
DA:63,4
DA:64,4
DA:66,4
DA:67,4
DA:68,8
DA:71,8
DA:74,4
DA:78,4
DA:79,4
DA:80,12
DA:81,8
DA:83,8
DA:84,8
DA:91,4
DA:98,2
DA:108,1
DA:109,1
DA:111,4
DA:115,1
DA:116,1
DA:120,1
DA:121,1
DA:122,1
DA:124,1
DA:125,1
DA:131,0
DA:132,0
DA:133,0
DA:134,0
DA:135,0
DA:139,1
DA:140,1
DA:145,1
DA:146,1
DA:149,1
DA:150,1
DA:151,2
DA:154,1
LF:56
LH:51
end_of_record
SF:lib/config/share_config.dart
DA:2,0
DA:9,0
DA:10,0
DA:11,0
LF:4
LH:0
end_of_record
SF:lib/models/episode_status.dart
DA:6,7
DA:7,7
DA:8,14
LF:3
LH:3
end_of_record
SF:lib/widgets/bookmark_button.dart
DA:10,6
DA:19,6
DA:20,6
DA:25,12
DA:30,6
DA:32,6
DA:34,12
DA:35,6
DA:38,6
DA:40,6
DA:41,6
DA:42,18
DA:43,12
DA:45,6
DA:46,6
DA:47,6
DA:48,6
DA:50,12
DA:51,6
DA:52,6
DA:53,6
DA:56,6
DA:58,1
DA:59,2
DA:60,1
DA:61,2
DA:62,5
LF:27
LH:27
end_of_record
SF:lib/widgets/episode_hero_frame.dart
DA:9,4
DA:30,4
DA:32,4
DA:33,4
DA:34,4
DA:35,4
DA:36,4
DA:37,4
DA:39,4
DA:40,8
DA:43,8
DA:47,4
DA:49,4
DA:50,4
DA:51,4
DA:52,4
DA:53,4
DA:56,4
DA:61,4
DA:63,4
DA:64,4
DA:65,4
DA:66,4
DA:72,4
DA:74,3
DA:76,3
DA:77,3
DA:78,3
DA:79,3
DA:88,2
DA:99,2
DA:101,2
DA:103,2
DA:105,2
DA:106,2
DA:107,2
DA:108,2
DA:110,6
DA:115,4
DA:117,6
DA:119,2
DA:120,2
DA:121,2
DA:122,6
DA:125,4
DA:131,2
DA:132,4
DA:135,4
DA:137,2
LF:49
LH:49
end_of_record
SF:lib/widgets/language_chip_row.dart
DA:8,22
DA:17,3
DA:19,3
DA:21,3
DA:23,3
DA:24,3
DA:26,3
DA:27,3
DA:29,3
DA:31,3
DA:32,3
DA:33,3
DA:34,3
DA:35,3
DA:37,9
DA:38,6
DA:39,3
DA:51,3
DA:63,3
DA:65,6
DA:66,3
DA:68,3
DA:69,3
DA:70,2
DA:71,3
DA:76,3
DA:77,3
DA:78,3
DA:81,3
DA:83,3
DA:84,6
DA:86,6
DA:87,3
DA:90,3
DA:92,0
DA:93,0
DA:96,0
DA:106,3
DA:109,1
DA:110,2
DA:111,1
DA:112,1
DA:113,1
DA:116,1
DA:117,4
LF:45
LH:42
end_of_record
SF:lib/widgets/play_pause_button.dart
DA:8,7
DA:33,7
DA:35,14
DA:36,21
DA:38,7
DA:39,4
DA:41,4
DA:42,8
DA:46,6
DA:47,6
DA:49,6
DA:50,6
DA:51,6
DA:52,6
DA:55,12
DA:59,7
DA:60,7
DA:61,1
DA:62,1
DA:63,1
DA:67,7
DA:68,7
DA:69,7
DA:73,6
DA:74,6
DA:75,6
DA:80,4
DA:90,21
LF:28
LH:28
end_of_record
SF:lib/widgets/playback_speed_menu.dart
DA:8,3
DA:17,3
DA:19,3
DA:21,3
DA:22,3
DA:23,4
DA:24,2
DA:25,2
DA:27,6
DA:30,3
DA:32,3
DA:33,3
DA:34,3
DA:36,3
DA:37,9
DA:49,3
DA:50,6
DA:51,9
DA:52,2
LF:19
LH:19
end_of_record
SF:lib/widgets/share_button.dart
DA:9,6
DA:16,6
DA:18,6
DA:20,18
DA:21,6
DA:24,6
DA:25,6
DA:27,6
DA:30,0
DA:31,0
DA:32,0
DA:33,0
DA:34,0
LF:13
LH:8
end_of_record
SF:lib/widgets/synced_transcript.dart
DA:10,3
DA:14,3
DA:15,3
DA:26,3
DA:28,3
DA:29,18
DA:30,3
DA:31,3
DA:32,3
DA:33,3
DA:35,4
DA:37,5
DA:38,1
DA:39,3
DA:40,1
DA:41,3
DA:44,1
DA:53,3
DA:55,3
DA:56,3
DA:58,3
DA:60,9
DA:68,3
DA:69,8
DA:71,8
DA:73,1
DA:77,1
DA:78,1
DA:79,1
DA:80,1
DA:81,2
DA:83,1
DA:84,2
DA:92,3
DA:93,9
DA:94,15
DA:95,4
DA:96,4
DA:97,2
DA:100,12
DA:101,3
DA:102,3
DA:103,6
DA:104,11
DA:105,3
DA:106,3
DA:109,1
DA:111,1
DA:112,1
DA:113,5
DA:115,1
DA:116,0
DA:119,1
DA:120,1
DA:121,1
DA:125,1
DA:129,1
DA:130,6
DA:131,0
DA:133,2
DA:138,3
DA:142,3
DA:144,5
DA:146,3
DA:148,3
DA:149,5
DA:150,12
DA:163,1
DA:174,1
DA:176,1
DA:177,2
DA:180,2
DA:182,1
DA:184,1
DA:185,1
DA:186,1
DA:187,1
DA:191,1
DA:192,1
DA:193,1
DA:199,1
DA:201,1
DA:203,1
DA:204,1
DA:206,1
DA:207,3
DA:208,3
DA:218,1
DA:219,1
DA:220,2
DA:221,3
DA:238,1
DA:239,1
DA:240,1
DA:241,1
DA:242,3
DA:243,2
LF:97
LH:95
end_of_record
SF:lib/widgets/continue_listening_card.dart
DA:14,3
DA:29,3
DA:31,3
DA:32,6
DA:33,3
DA:35,3
DA:38,9
DA:39,3
DA:41,3
DA:42,3
DA:43,1
DA:44,3
DA:46,3
DA:48,3
DA:52,3
DA:54,1
DA:55,1
DA:57,1
DA:58,3
DA:62,3
DA:65,3
DA:66,3
DA:67,3
DA:68,3
DA:70,9
DA:76,3
DA:77,3
DA:78,3
DA:79,3
DA:80,10
DA:83,6
DA:89,3
DA:93,6
DA:96,3
DA:100,9
DA:105,3
DA:109,3
DA:110,3
DA:111,3
DA:112,3
DA:113,3
DA:116,6
DA:117,6
DA:125,1
DA:126,1
DA:127,1
DA:128,2
DA:129,3
LF:48
LH:48
end_of_record
SF:lib/widgets/listened_section_header.dart
DA:6,1
DA:17,1
DA:19,1
DA:21,1
DA:23,1
DA:24,1
DA:25,1
DA:26,1
DA:28,1
DA:29,1
DA:30,1
DA:31,1
DA:39,1
DA:40,2
DA:41,1
DA:43,3
LF:16
LH:16
end_of_record
SF:lib/utils/date_format.dart
DA:1,7
DA:2,21
DA:4,7
DA:5,42
DA:6,35
DA:7,7
LF:6
LH:6
end_of_record
SF:lib/utils/transcript_timing.dart
DA:2,3
DA:13,4
DA:17,3
DA:18,3
DA:23,6
DA:24,9
DA:25,9
DA:26,3
DA:29,9
DA:30,3
DA:32,3
DA:33,3
DA:34,3
DA:35,3
DA:39,4
DA:40,6
DA:41,2
DA:44,2
DA:45,6
DA:46,2
DA:47,2
DA:48,2
DA:49,6
DA:51,2
DA:52,4
DA:60,3
DA:61,3
DA:62,3
DA:63,12
DA:64,9
DA:65,3
DA:67,3
DA:70,2
DA:71,4
DA:72,8
DA:75,2
DA:76,4
DA:77,8
LF:38
LH:38
end_of_record
SF:lib/widgets/like_button.dart
DA:10,3
DA:15,3
DA:16,3
DA:21,6
DA:26,3
DA:28,3
DA:30,6
DA:31,3
DA:34,3
DA:36,3
DA:37,3
DA:38,9
DA:39,6
DA:41,3
DA:42,3
DA:43,3
DA:44,3
DA:46,3
DA:47,3
DA:48,6
DA:49,6
DA:51,6
DA:53,3
DA:54,3
DA:57,3
DA:58,3
DA:61,3
DA:62,6
DA:63,12
DA:64,3
DA:68,3
DA:70,0
DA:71,0
DA:72,0
DA:73,0
DA:74,0
LF:36
LH:31
end_of_record
SF:lib/widgets/episode_status_badge.dart
DA:7,4
DA:12,4
DA:14,4
DA:16,4
DA:17,4
DA:18,4
DA:23,6
DA:24,8
DA:39,1
DA:43,1
DA:45,1
DA:46,1
DA:49,1
DA:50,1
DA:51,1
DA:52,1
DA:54,1
DA:56,1
DA:58,1
DA:59,1
DA:61,1
LF:21
LH:21
end_of_record
SF:lib/main.dart
DA:35,0
DA:36,0
DA:38,0
DA:39,0
DA:42,0
DA:46,0
DA:47,0
DA:58,0
DA:59,0
DA:60,0
DA:61,0
DA:64,0
DA:70,1
DA:83,1
DA:84,1
DA:88,1
DA:89,3
DA:90,3
DA:92,1
DA:94,1
DA:95,3
DA:96,1
DA:98,0
DA:103,1
DA:105,1
DA:107,0
DA:109,1
DA:112,1
DA:114,1
DA:115,1
DA:116,3
DA:117,1
DA:118,0
DA:119,0
DA:120,0
DA:123,1
DA:125,1
DA:126,1
DA:129,1
DA:130,3
LF:40
LH:23
end_of_record
SF:lib/screens/settings_screen.dart
DA:11,5
DA:13,2
DA:15,2
DA:16,2
DA:17,2
DA:18,2
DA:32,5
DA:34,2
DA:36,2
DA:38,2
DA:40,2
DA:41,6
DA:43,2
DA:44,2
DA:46,2
DA:47,2
DA:49,2
DA:50,2
DA:51,4
DA:52,2
DA:54,6
DA:56,4
DA:57,2
DA:63,2
DA:65,6
DA:76,2
DA:81,2
DA:83,4
DA:85,2
DA:87,2
DA:89,2
DA:92,2
DA:93,2
DA:94,4
DA:95,8
DA:97,2
DA:102,6
DA:103,6
DA:104,2
DA:114,1
DA:115,1
DA:116,1
DA:117,1
DA:127,5
DA:129,2
DA:131,2
DA:132,2
DA:133,5
DA:134,2
DA:135,5
DA:136,2
DA:138,5
DA:139,2
DA:140,5
DA:144,2
DA:146,2
DA:147,8
DA:149,2
DA:150,2
DA:152,2
DA:153,2
DA:155,2
DA:157,2
DA:159,2
DA:160,2
DA:161,2
DA:171,2
DA:172,2
DA:174,2
DA:175,2
DA:179,2
DA:180,2
DA:181,2
DA:182,2
DA:185,2
DA:189,6
DA:197,2
DA:199,2
DA:202,3
LF:79
LH:79
end_of_record
SF:lib/screens/auth_gate.dart
DA:10,1
DA:14,1
DA:15,1
DA:24,1
DA:26,1
DA:27,4
DA:30,1
DA:32,2
DA:33,1
DA:36,1
DA:37,2
DA:38,1
DA:39,0
DA:40,0
DA:41,0
DA:42,0
DA:46,1
DA:48,1
DA:50,1
DA:56,1
DA:60,1
DA:61,1
DA:62,1
DA:64,1
DA:66,1
DA:68,1
DA:71,1
DA:72,1
DA:86,1
DA:88,3
DA:91,1
DA:93,4
DA:99,3
DA:100,1
DA:103,1
DA:104,1
DA:111,0
DA:112,0
DA:113,0
DA:115,0
DA:119,1
DA:120,1
DA:121,3
DA:123,0
DA:127,1
DA:129,1
DA:130,0
DA:133,0
DA:135,0
DA:136,0
DA:137,0
DA:145,0
DA:148,0
DA:149,0
DA:151,0
DA:152,0
DA:166,1
DA:168,0
DA:169,0
DA:170,0
DA:171,0
DA:182,0
DA:183,0
DA:186,0
DA:188,0
DA:190,0
DA:191,0
DA:192,0
DA:193,0
DA:194,0
DA:200,5
DA:204,1
DA:206,1
DA:207,1
DA:219,1
DA:226,1
DA:228,1
DA:229,1
DA:231,1
DA:232,1
DA:234,1
DA:236,1
DA:238,4
LF:83
LH:51
end_of_record
SF:lib/services/deep_link_service.dart
DA:14,1
DA:21,0
DA:23,0
DA:32,1
DA:33,1
DA:34,4
DA:38,2
DA:39,1
DA:42,0
DA:43,0
DA:45,0
DA:46,0
DA:47,0
DA:50,0
DA:52,0
DA:56,1
DA:57,1
DA:60,2
DA:61,2
DA:64,1
DA:65,1
DA:66,1
DA:67,3
DA:74,0
DA:75,0
DA:76,0
LF:26
LH:14
end_of_record
SF:lib/screens/home_shell.dart
DA:16,5
DA:21,1
DA:22,1
DA:28,1
DA:30,1
DA:31,2
DA:34,1
DA:36,2
DA:37,1
DA:40,0
DA:42,0
DA:43,0
DA:47,1
DA:49,1
DA:50,1
DA:51,1
DA:52,1
DA:53,1
DA:54,1
DA:55,3
DA:57,3
DA:64,1
DA:65,1
DA:70,0
LF:24
LH:20
end_of_record
SF:lib/screens/coming_soon_screen.dart
DA:6,4
DA:10,1
DA:12,1
DA:13,1
DA:14,1
DA:16,1
DA:17,1
DA:20,1
DA:22,1
DA:23,1
DA:32,5
DA:34,1
DA:36,1
DA:38,3
LF:14
LH:14
end_of_record
SF:lib/screens/favorites_screen.dart
DA:16,2
DA:21,2
DA:22,2
DA:26,2
DA:27,4
DA:35,2
DA:37,2
DA:38,6
DA:39,6
DA:41,4
DA:42,2
DA:44,4
DA:48,2
DA:49,4
DA:50,4
DA:51,2
DA:52,2
DA:56,2
DA:57,2
DA:58,6
DA:60,4
DA:61,2
DA:62,2
DA:64,6
DA:66,0
DA:67,0
DA:68,0
DA:69,0
DA:74,2
DA:75,2
DA:79,4
DA:83,4
DA:84,2
DA:87,3
DA:88,3
DA:89,1
DA:90,0
DA:96,2
DA:97,6
DA:98,1
DA:100,2
DA:102,2
DA:103,1
DA:104,1
DA:107,2
DA:108,2
DA:110,0
DA:111,0
DA:112,0
DA:114,1
DA:116,0
DA:121,1
DA:122,2
DA:123,1
DA:124,3
DA:127,2
DA:129,4
DA:130,2
DA:131,2
DA:133,2
DA:136,2
DA:137,2
DA:138,5
DA:139,2
DA:141,2
DA:144,2
DA:145,2
DA:147,2
DA:152,2
DA:153,2
DA:157,2
DA:158,0
DA:161,0
DA:163,2
DA:164,2
DA:168,1
DA:169,1
DA:170,1
DA:171,1
DA:172,1
DA:173,1
DA:174,3
DA:177,1
DA:179,2
DA:181,1
DA:182,2
DA:184,1
DA:188,1
DA:190,2
DA:191,3
DA:192,0
DA:193,1
DA:195,2
DA:197,1
DA:198,2
DA:200,1
DA:218,4
DA:220,1
DA:222,1
DA:224,1
DA:225,1
DA:226,1
DA:227,1
DA:245,0
DA:250,0
DA:252,0
DA:254,0
DA:256,0
DA:263,0
DA:264,0
DA:266,0
DA:268,0
DA:271,0
DA:272,0
DA:283,4
DA:285,2
DA:287,2
DA:288,2
DA:290,2
DA:292,2
DA:299,2
DA:301,6
DA:304,2
DA:307,2
DA:309,6
LF:125
LH:102
end_of_record
SF:lib/widgets/mini_player.dart
DA:11,4
DA:13,1
DA:15,1
DA:16,1
DA:19,1
DA:23,1
DA:28,1
DA:31,1
DA:33,1
DA:34,2
DA:35,1
DA:36,2
DA:40,1
DA:41,1
DA:43,1
DA:44,1
DA:45,1
DA:46,1
DA:47,1
DA:53,1
DA:55,1
DA:56,1
DA:57,1
DA:76,1
DA:77,1
DA:80,1
DA:81,1
DA:83,1
DA:84,1
DA:85,1
DA:86,1
DA:92,1
DA:93,1
DA:96,1
DA:97,1
DA:98,1
DA:99,1
DA:105,1
DA:106,1
DA:108,1
DA:109,1
DA:110,1
DA:112,0
LF:43
LH:42
end_of_record
SF:lib/services/api_service.dart
DA:10,1
DA:16,2
DA:17,0
DA:22,1
DA:27,1
DA:28,2
DA:29,1
DA:30,0
DA:32,2
DA:33,2
DA:35,1
DA:37,1
DA:41,1
DA:44,0
DA:45,0
DA:46,0
DA:48,0
DA:52,0
DA:55,0
DA:56,0
DA:59,1
DA:60,2
DA:63,1
DA:64,4
DA:65,0
DA:68,2
DA:71,1
DA:72,1
DA:77,1
DA:81,0
DA:82,0
LF:31
LH:19
end_of_record
