<?xml version="1.0" encoding="UTF-8"?>
<coverage generated="1779158359657" clover="3.2.0">
  <project timestamp="1779158359657" name="All files">
    <metrics statements="936" coveredstatements="936" conditionals="585" coveredconditionals="567" methods="242" coveredmethods="242" elements="1763" coveredelements="1745" complexity="0" loc="936" ncloc="936" packages="5" files="25" classes="25"/>
    <package name="src">
      <metrics statements="198" coveredstatements="198" conditionals="127" coveredconditionals="113" methods="40" coveredmethods="40"/>
      <file name="index.ts" path="/Users/chouyasushi/htdocs/zapPilot/zapEngine/apps/podcast-pipeline/src/index.ts">
        <metrics statements="198" coveredstatements="198" conditionals="127" coveredconditionals="113" methods="40" coveredmethods="40"/>
        <line num="6" count="2" type="stmt"/>
        <line num="7" count="2" type="stmt"/>
        <line num="60" count="2" type="stmt"/>
        <line num="61" count="2" type="stmt"/>
        <line num="63" count="2" type="stmt"/>
        <line num="64" count="2" type="stmt"/>
        <line num="65" count="2" type="stmt"/>
        <line num="66" count="2" type="stmt"/>
        <line num="68" count="2" type="stmt"/>
        <line num="69" count="2" type="stmt"/>
        <line num="70" count="2" type="stmt"/>
        <line num="71" count="2" type="stmt"/>
        <line num="72" count="2" type="stmt"/>
        <line num="74" count="2" type="stmt"/>
        <line num="75" count="2" type="stmt"/>
        <line num="90" count="2" type="stmt"/>
        <line num="93" count="2" type="stmt"/>
        <line num="96" count="2" type="stmt"/>
        <line num="97" count="2" type="stmt"/>
        <line num="98" count="2" type="stmt"/>
        <line num="99" count="2" type="stmt"/>
        <line num="101" count="2" type="stmt"/>
        <line num="102" count="2" type="stmt"/>
        <line num="103" count="7" type="stmt"/>
        <line num="104" count="7" type="cond" truecount="2" falsecount="0"/>
        <line num="105" count="1" type="stmt"/>
        <line num="108" count="6" type="stmt"/>
        <line num="111" count="7" type="stmt"/>
        <line num="116" count="6" type="cond" truecount="2" falsecount="0"/>
        <line num="117" count="1" type="stmt"/>
        <line num="120" count="5" type="stmt"/>
        <line num="135" count="7" type="stmt"/>
        <line num="138" count="2" type="stmt"/>
        <line num="139" count="14" type="stmt"/>
        <line num="141" count="14" type="stmt"/>
        <line num="143" count="8" type="cond" truecount="4" falsecount="0"/>
        <line num="144" count="14" type="stmt"/>
        <line num="145" count="14" type="stmt"/>
        <line num="151" count="14" type="stmt"/>
        <line num="153" count="14" type="stmt"/>
        <line num="155" count="5" type="stmt"/>
        <line num="159" count="5" type="stmt"/>
        <line num="162" count="2" type="stmt"/>
        <line num="163" count="22" type="stmt"/>
        <line num="164" count="22" type="stmt"/>
        <line num="165" count="22" type="cond" truecount="2" falsecount="0"/>
        <line num="166" count="2" type="stmt"/>
        <line num="169" count="20" type="stmt"/>
        <line num="170" count="20" type="stmt"/>
        <line num="171" count="20" type="cond" truecount="2" falsecount="0"/>
        <line num="172" count="2" type="stmt"/>
        <line num="175" count="18" type="cond" truecount="2" falsecount="0"/>
        <line num="176" count="2" type="stmt"/>
        <line num="179" count="16" type="stmt"/>
        <line num="180" count="22" type="cond" truecount="4" falsecount="0"/>
        <line num="181" count="1" type="stmt"/>
        <line num="184" count="15" type="cond" truecount="1" falsecount="1"/>
        <line num="185" count="22" type="cond" truecount="2" falsecount="0"/>
        <line num="186" count="5" type="stmt"/>
        <line num="187" count="5" type="stmt"/>
        <line num="190" count="10" type="stmt"/>
        <line num="191" count="10" type="cond" truecount="2" falsecount="0"/>
        <line num="192" count="1" type="stmt"/>
        <line num="193" count="1" type="stmt"/>
        <line num="197" count="9" type="stmt"/>
        <line num="198" count="9" type="stmt"/>
        <line num="200" count="1" type="stmt"/>
        <line num="201" count="1" type="stmt"/>
        <line num="204" count="8" type="stmt"/>
        <line num="205" count="8" type="stmt"/>
        <line num="208" count="2" type="stmt"/>
        <line num="209" count="7" type="stmt"/>
        <line num="210" count="7" type="stmt"/>
        <line num="211" count="7" type="stmt"/>
        <line num="213" count="7" type="cond" truecount="2" falsecount="0"/>
        <line num="214" count="7" type="cond" truecount="4" falsecount="0"/>
        <line num="215" count="1" type="stmt"/>
        <line num="218" count="5" type="stmt"/>
        <line num="219" count="5" type="cond" truecount="2" falsecount="0"/>
        <line num="220" count="1" type="stmt"/>
        <line num="221" count="1" type="stmt"/>
        <line num="223" count="1" type="stmt"/>
        <line num="227" count="4" type="stmt"/>
        <line num="232" count="2" type="stmt"/>
        <line num="233" count="2" type="stmt"/>
        <line num="235" count="2" type="stmt"/>
        <line num="238" count="2" type="cond" truecount="2" falsecount="0"/>
        <line num="240" count="2" type="stmt"/>
        <line num="246" count="2" type="stmt"/>
        <line num="247" count="3" type="stmt"/>
        <line num="248" count="3" type="stmt"/>
        <line num="250" count="3" type="cond" truecount="2" falsecount="0"/>
        <line num="251" count="1" type="stmt"/>
        <line num="254" count="2" type="stmt"/>
        <line num="258" count="2" type="cond" truecount="2" falsecount="0"/>
        <line num="259" count="1" type="stmt"/>
        <line num="262" count="1" type="stmt"/>
        <line num="265" count="1" type="stmt"/>
        <line num="281" count="20" type="cond" truecount="2" falsecount="0"/>
        <line num="282" count="1" type="stmt"/>
        <line num="285" count="19" type="cond" truecount="2" falsecount="0"/>
        <line num="286" count="20" type="cond" truecount="2" falsecount="0"/>
        <line num="287" count="1" type="stmt"/>
        <line num="290" count="18" type="stmt"/>
        <line num="298" count="15" type="stmt"/>
        <line num="299" count="15" type="stmt"/>
        <line num="312" count="8" type="cond" truecount="2" falsecount="0"/>
        <line num="313" count="1" type="stmt"/>
        <line num="314" count="1" type="stmt"/>
        <line num="317" count="7" type="stmt"/>
        <line num="318" count="7" type="stmt"/>
        <line num="319" count="7" type="stmt"/>
        <line num="320" count="7" type="stmt"/>
        <line num="321" count="7" type="stmt"/>
        <line num="323" count="7" type="stmt"/>
        <line num="329" count="7" type="stmt"/>
        <line num="330" count="7" type="stmt"/>
        <line num="337" count="7" type="stmt"/>
        <line num="338" count="7" type="stmt"/>
        <line num="340" count="7" type="stmt"/>
        <line num="349" count="7" type="stmt"/>
        <line num="351" count="7" type="stmt"/>
        <line num="352" count="7" type="stmt"/>
        <line num="353" count="6" type="stmt"/>
        <line num="355" count="1" type="stmt"/>
        <line num="363" count="8" type="stmt"/>
        <line num="364" count="8" type="stmt"/>
        <line num="372" count="22" type="stmt"/>
        <line num="373" count="22" type="stmt"/>
        <line num="375" count="2" type="cond" truecount="1" falsecount="1"/>
        <line num="376" count="2" type="stmt"/>
        <line num="383" count="6" type="cond" truecount="2" falsecount="0"/>
        <line num="384" count="6" type="stmt"/>
        <line num="385" count="6" type="cond" truecount="1" falsecount="1"/>
        <line num="386" count="6" type="stmt"/>
        <line num="389" count="6" type="stmt"/>
        <line num="392" count="6" type="cond" truecount="4" falsecount="0"/>
        <line num="393" count="5" type="stmt"/>
        <line num="394" count="5" type="stmt"/>
        <line num="395" count="5" type="stmt"/>
        <line num="398" count="6" type="stmt"/>
        <line num="402" count="11" type="cond" truecount="2" falsecount="0"/>
        <line num="403" count="11" type="stmt"/>
        <line num="409" count="3" type="stmt"/>
        <line num="410" count="3" type="cond" truecount="2" falsecount="0"/>
        <line num="411" count="1" type="stmt"/>
        <line num="412" count="2" type="cond" truecount="1" falsecount="1"/>
        <line num="413" count="2" type="stmt"/>
        <line num="416" count="3" type="stmt"/>
        <line num="422" count="19" type="stmt"/>
        <line num="426" count="1" type="cond" truecount="1" falsecount="1"/>
        <line num="427" count="1" type="cond" truecount="1" falsecount="1"/>
        <line num="428" count="1" type="cond" truecount="1" falsecount="1"/>
        <line num="432" count="22" type="stmt"/>
        <line num="436" count="94" type="cond" truecount="2" falsecount="0"/>
        <line num="439" count="2" type="stmt"/>
        <line num="440" count="16" type="cond" truecount="2" falsecount="0"/>
        <line num="441" count="14" type="stmt"/>
        <line num="444" count="2" type="stmt"/>
        <line num="445" count="2" type="stmt"/>
        <line num="453" count="2" type="stmt"/>
        <line num="454" count="2" type="stmt"/>
        <line num="477" count="17" type="stmt"/>
        <line num="478" count="17" type="stmt"/>
        <line num="480" count="17" type="cond" truecount="4" falsecount="0"/>
        <line num="481" count="1" type="stmt"/>
        <line num="484" count="14" type="stmt"/>
        <line num="486" count="3" type="stmt"/>
        <line num="491" count="5" type="cond" truecount="2" falsecount="0"/>
        <line num="492" count="1" type="stmt"/>
        <line num="495" count="4" type="cond" truecount="2" falsecount="0"/>
        <line num="496" count="5" type="cond" truecount="2" falsecount="0"/>
        <line num="500" count="7" type="stmt"/>
        <line num="506" count="2" type="stmt"/>
        <line num="507" count="2" type="cond" truecount="1" falsecount="1"/>
        <line num="513" count="2" type="stmt"/>
        <line num="520" count="22" type="cond" truecount="4" falsecount="0"/>
        <line num="524" count="22" type="cond" truecount="2" falsecount="0"/>
        <line num="528" count="22" type="cond" truecount="2" falsecount="0"/>
        <line num="533" count="2" type="stmt"/>
        <line num="538" count="20" type="stmt"/>
        <line num="542" count="14" type="stmt"/>
        <line num="543" count="14" type="cond" truecount="2" falsecount="0"/>
        <line num="544" count="1" type="stmt"/>
        <line num="549" count="13" type="stmt"/>
        <line num="550" count="13" type="cond" truecount="4" falsecount="0"/>
        <line num="551" count="5" type="stmt"/>
        <line num="556" count="13" type="cond" truecount="2" falsecount="0"/>
        <line num="558" count="12" type="stmt"/>
        <line num="559" count="12" type="cond" truecount="2" falsecount="0"/>
        <line num="561" count="11" type="stmt"/>
        <line num="562" count="11" type="cond" truecount="2" falsecount="0"/>
        <line num="566" count="10" type="stmt"/>
        <line num="567" count="10" type="stmt"/>
        <line num="569" count="10" type="stmt"/>
        <line num="575" count="2" type="stmt"/>
        <line num="577" count="2" type="stmt"/>
        <line num="583" count="1" type="stmt"/>
      </file>
    </package>
    <package name="src.lib">
      <metrics statements="41" coveredstatements="41" conditionals="53" coveredconditionals="53" methods="13" coveredmethods="13"/>
      <file name="env.ts" path="/Users/chouyasushi/htdocs/zapPilot/zapEngine/apps/podcast-pipeline/src/lib/env.ts">
        <metrics statements="18" coveredstatements="18" conditionals="12" coveredconditionals="12" methods="7" coveredmethods="7"/>
        <line num="2" count="69" type="stmt"/>
        <line num="4" count="69" type="cond" truecount="4" falsecount="0"/>
        <line num="5" count="3" type="stmt"/>
        <line num="8" count="66" type="stmt"/>
        <line num="12" count="7" type="cond" truecount="2" falsecount="0"/>
        <line num="13" count="7" type="stmt"/>
        <line num="15" count="7" type="cond" truecount="4" falsecount="0"/>
        <line num="16" count="3" type="stmt"/>
        <line num="19" count="4" type="stmt"/>
        <line num="23" count="23" type="stmt"/>
        <line num="27" count="23" type="stmt"/>
        <line num="31" count="19" type="stmt"/>
        <line num="32" count="19" type="stmt"/>
        <line num="35" count="20" type="stmt"/>
        <line num="41" count="5" type="stmt"/>
        <line num="42" count="5" type="cond" truecount="2" falsecount="0"/>
        <line num="43" count="6" type="stmt"/>
        <line num="45" count="5" type="stmt"/>
      </file>
      <file name="ffmpeg.ts" path="/Users/chouyasushi/htdocs/zapPilot/zapEngine/apps/podcast-pipeline/src/lib/ffmpeg.ts">
        <metrics statements="1" coveredstatements="1" conditionals="0" coveredconditionals="0" methods="0" coveredmethods="0"/>
        <line num="4" count="6" type="stmt"/>
      </file>
      <file name="languageClassroom.ts" path="/Users/chouyasushi/htdocs/zapPilot/zapEngine/apps/podcast-pipeline/src/lib/languageClassroom.ts">
        <metrics statements="19" coveredstatements="19" conditionals="37" coveredconditionals="37" methods="4" coveredmethods="4"/>
        <line num="20" count="14" type="cond" truecount="5" falsecount="0"/>
        <line num="22" count="9" type="stmt"/>
        <line num="24" count="9" type="cond" truecount="2" falsecount="0"/>
        <line num="26" count="14" type="stmt"/>
        <line num="29" count="14" type="cond" truecount="2" falsecount="0"/>
        <line num="30" count="14" type="stmt"/>
        <line num="34" count="14" type="cond" truecount="5" falsecount="0"/>
        <line num="35" count="8" type="cond" truecount="4" falsecount="0"/>
        <line num="37" count="7" type="stmt"/>
        <line num="49" count="18" type="cond" truecount="2" falsecount="0"/>
        <line num="51" count="17" type="stmt"/>
        <line num="53" count="12" type="stmt"/>
        <line num="55" count="17" type="cond" truecount="2" falsecount="0"/>
        <line num="63" count="16" type="cond" truecount="5" falsecount="0"/>
        <line num="65" count="15" type="stmt"/>
        <line num="66" count="15" type="stmt"/>
        <line num="67" count="15" type="stmt"/>
        <line num="69" count="15" type="cond" truecount="4" falsecount="0"/>
        <line num="71" count="11" type="stmt"/>
      </file>
      <file name="string.ts" path="/Users/chouyasushi/htdocs/zapPilot/zapEngine/apps/podcast-pipeline/src/lib/string.ts">
        <metrics statements="3" coveredstatements="3" conditionals="4" coveredconditionals="4" methods="2" coveredmethods="2"/>
        <line num="2" count="82" type="cond" truecount="2" falsecount="0"/>
        <line num="6" count="26" type="stmt"/>
        <line num="7" count="26" type="cond" truecount="2" falsecount="0"/>
      </file>
    </package>
    <package name="src.services">
      <metrics statements="534" coveredstatements="534" conditionals="337" coveredconditionals="333" methods="157" coveredmethods="157"/>
      <file name="cost.ts" path="/Users/chouyasushi/htdocs/zapPilot/zapEngine/apps/podcast-pipeline/src/services/cost.ts">
        <metrics statements="16" coveredstatements="16" conditionals="12" coveredconditionals="12" methods="9" coveredmethods="9"/>
        <line num="26" count="72" type="stmt"/>
        <line num="33" count="172" type="stmt"/>
        <line num="37" count="27" type="stmt"/>
        <line num="43" count="19" type="stmt"/>
        <line num="47" count="8" type="stmt"/>
        <line num="49" count="8" type="stmt"/>
        <line num="50" count="25" type="stmt"/>
        <line num="51" count="25" type="stmt"/>
        <line num="52" count="25" type="cond" truecount="2" falsecount="0"/>
        <line num="53" count="14" type="stmt"/>
        <line num="57" count="14" type="stmt"/>
        <line num="60" count="11" type="stmt"/>
        <line num="61" count="11" type="cond" truecount="4" falsecount="0"/>
        <line num="62" count="3" type="stmt"/>
        <line num="66" count="8" type="stmt"/>
        <line num="70" count="25" type="stmt"/>
      </file>
      <file name="db.ts" path="/Users/chouyasushi/htdocs/zapPilot/zapEngine/apps/podcast-pipeline/src/services/db.ts">
        <metrics statements="111" coveredstatements="111" conditionals="85" coveredconditionals="85" methods="30" coveredmethods="30"/>
        <line num="25" count="2" type="stmt"/>
        <line num="27" count="2" type="stmt"/>
        <line num="30" count="1" type="stmt"/>
        <line num="36" count="30" type="stmt"/>
        <line num="50" count="30" type="stmt"/>
        <line num="57" count="3" type="stmt"/>
        <line num="68" count="2" type="stmt"/>
        <line num="95" count="5" type="stmt"/>
        <line num="123" count="5" type="cond" truecount="2" falsecount="0"/>
        <line num="124" count="3" type="stmt"/>
        <line num="130" count="2" type="stmt"/>
        <line num="141" count="2" type="stmt"/>
        <line num="147" count="2" type="cond" truecount="2" falsecount="0"/>
        <line num="148" count="1" type="stmt"/>
        <line num="151" count="1" type="stmt"/>
        <line num="158" count="2" type="stmt"/>
        <line num="165" count="2" type="cond" truecount="2" falsecount="0"/>
        <line num="166" count="1" type="stmt"/>
        <line num="169" count="1" type="stmt"/>
        <line num="173" count="2" type="stmt"/>
        <line num="179" count="2" type="cond" truecount="2" falsecount="0"/>
        <line num="180" count="1" type="stmt"/>
        <line num="183" count="1" type="cond" truecount="2" falsecount="0"/>
        <line num="190" count="2" type="stmt"/>
        <line num="191" count="2" type="stmt"/>
        <line num="199" count="5" type="stmt"/>
        <line num="203" count="6" type="stmt"/>
        <line num="206" count="6" type="cond" truecount="4" falsecount="0"/>
        <line num="207" count="2" type="stmt"/>
        <line num="209" count="3" type="cond" truecount="2" falsecount="0"/>
        <line num="210" count="2" type="cond" truecount="2" falsecount="0"/>
        <line num="211" count="1" type="stmt"/>
        <line num="219" count="5" type="stmt"/>
        <line num="221" count="5" type="stmt"/>
        <line num="228" count="5" type="cond" truecount="2" falsecount="0"/>
        <line num="229" count="2" type="stmt"/>
        <line num="232" count="5" type="cond" truecount="2" falsecount="0"/>
        <line num="233" count="1" type="stmt"/>
        <line num="238" count="5" type="stmt"/>
        <line num="239" count="5" type="cond" truecount="2" falsecount="0"/>
        <line num="241" count="4" type="cond" truecount="2" falsecount="0"/>
        <line num="242" count="5" type="stmt"/>
        <line num="243" count="5" type="cond" truecount="2" falsecount="0"/>
        <line num="244" count="5" type="cond" truecount="2" falsecount="0"/>
        <line num="246" count="5" type="stmt"/>
        <line num="253" count="2" type="stmt"/>
        <line num="263" count="2" type="cond" truecount="2" falsecount="0"/>
        <line num="264" count="1" type="stmt"/>
        <line num="267" count="1" type="stmt"/>
        <line num="273" count="2" type="stmt"/>
        <line num="279" count="2" type="cond" truecount="2" falsecount="0"/>
        <line num="280" count="1" type="stmt"/>
        <line num="283" count="1" type="stmt"/>
        <line num="290" count="3" type="stmt"/>
        <line num="291" count="2" type="cond" truecount="2" falsecount="0"/>
        <line num="297" count="7" type="stmt"/>
        <line num="298" count="7" type="cond" truecount="2" falsecount="0"/>
        <line num="300" count="6" type="stmt"/>
        <line num="307" count="6" type="cond" truecount="2" falsecount="0"/>
        <line num="308" count="2" type="stmt"/>
        <line num="311" count="4" type="stmt"/>
        <line num="312" count="3" type="cond" truecount="2" falsecount="0"/>
        <line num="313" count="3" type="stmt"/>
        <line num="314" count="3" type="stmt"/>
        <line num="317" count="4" type="stmt"/>
        <line num="323" count="4" type="cond" truecount="2" falsecount="0"/>
        <line num="325" count="3" type="stmt"/>
        <line num="326" count="3" type="stmt"/>
        <line num="338" count="3" type="stmt"/>
        <line num="346" count="3" type="cond" truecount="2" falsecount="0"/>
        <line num="347" count="1" type="stmt"/>
        <line num="350" count="2" type="stmt"/>
        <line num="357" count="2" type="stmt"/>
        <line num="364" count="2" type="cond" truecount="2" falsecount="0"/>
        <line num="365" count="1" type="stmt"/>
        <line num="368" count="1" type="stmt"/>
        <line num="375" count="4" type="stmt"/>
        <line num="382" count="4" type="cond" truecount="2" falsecount="0"/>
        <line num="383" count="1" type="stmt"/>
        <line num="386" count="3" type="stmt"/>
        <line num="392" count="2" type="stmt"/>
        <line num="399" count="2" type="stmt"/>
        <line num="424" count="2" type="stmt"/>
        <line num="425" count="2" type="cond" truecount="2" falsecount="0"/>
        <line num="426" count="2" type="cond" truecount="2" falsecount="0"/>
        <line num="427" count="1" type="stmt"/>
        <line num="428" count="2" type="cond" truecount="2" falsecount="0"/>
        <line num="429" count="1" type="stmt"/>
        <line num="430" count="2" type="cond" truecount="2" falsecount="0"/>
        <line num="431" count="1" type="stmt"/>
        <line num="432" count="2" type="cond" truecount="2" falsecount="0"/>
        <line num="433" count="2" type="cond" truecount="2" falsecount="0"/>
        <line num="434" count="1" type="stmt"/>
        <line num="435" count="2" type="cond" truecount="2" falsecount="0"/>
        <line num="436" count="1" type="stmt"/>
        <line num="437" count="2" type="cond" truecount="2" falsecount="0"/>
        <line num="438" count="1" type="stmt"/>
        <line num="439" count="2" type="cond" truecount="2" falsecount="0"/>
        <line num="440" count="1" type="stmt"/>
        <line num="441" count="2" type="cond" truecount="2" falsecount="0"/>
        <line num="442" count="1" type="stmt"/>
        <line num="444" count="2" type="stmt"/>
        <line num="450" count="2" type="stmt"/>
        <line num="473" count="3" type="stmt"/>
        <line num="474" count="3" type="cond" truecount="2" falsecount="0"/>
        <line num="476" count="2" type="stmt"/>
        <line num="477" count="2" type="stmt"/>
        <line num="478" count="2" type="stmt"/>
        <line num="484" count="3" type="stmt"/>
        <line num="493" count="6" type="cond" truecount="2" falsecount="0"/>
        <line num="497" count="8" type="stmt"/>
      </file>
      <file name="gcp-credentials.ts" path="/Users/chouyasushi/htdocs/zapPilot/zapEngine/apps/podcast-pipeline/src/services/gcp-credentials.ts">
        <metrics statements="11" coveredstatements="11" conditionals="11" coveredconditionals="11" methods="2" coveredmethods="2"/>
        <line num="13" count="8" type="stmt"/>
        <line num="14" count="8" type="stmt"/>
        <line num="15" count="8" type="cond" truecount="2" falsecount="0"/>
        <line num="16" count="2" type="cond" truecount="2" falsecount="0"/>
        <line num="20" count="6" type="stmt"/>
        <line num="21" count="6" type="stmt"/>
        <line num="23" count="1" type="stmt"/>
        <line num="28" count="5" type="cond" truecount="2" falsecount="0"/>
        <line num="29" count="3" type="stmt"/>
        <line num="34" count="2" type="stmt"/>
        <line num="43" count="5" type="stmt"/>
      </file>
      <file name="generateScript.ts" path="/Users/chouyasushi/htdocs/zapPilot/zapEngine/apps/podcast-pipeline/src/services/generateScript.ts">
        <metrics statements="1" coveredstatements="1" conditionals="0" coveredconditionals="0" methods="1" coveredmethods="1"/>
        <line num="5" count="2" type="stmt"/>
      </file>
      <file name="hls.ts" path="/Users/chouyasushi/htdocs/zapPilot/zapEngine/apps/podcast-pipeline/src/services/hls.ts">
        <metrics statements="41" coveredstatements="41" conditionals="14" coveredconditionals="14" methods="5" coveredmethods="5"/>
        <line num="28" count="21" type="cond" truecount="2" falsecount="0"/>
        <line num="29" count="8" type="stmt"/>
        <line num="31" count="13" type="cond" truecount="2" falsecount="0"/>
        <line num="32" count="11" type="stmt"/>
        <line num="34" count="2" type="stmt"/>
        <line num="38" count="11" type="stmt"/>
        <line num="39" count="11" type="stmt"/>
        <line num="40" count="11" type="stmt"/>
        <line num="41" count="11" type="stmt"/>
        <line num="42" count="11" type="stmt"/>
        <line num="43" count="11" type="stmt"/>
        <line num="45" count="11" type="stmt"/>
        <line num="47" count="11" type="stmt"/>
        <line num="48" count="11" type="stmt"/>
        <line num="49" count="11" type="stmt"/>
        <line num="59" count="11" type="stmt"/>
        <line num="60" count="11" type="stmt"/>
        <line num="64" count="11" type="stmt"/>
        <line num="65" count="11" type="stmt"/>
        <line num="66" count="11" type="stmt"/>
        <line num="67" count="11" type="stmt"/>
        <line num="69" count="11" type="stmt"/>
        <line num="70" count="22" type="stmt"/>
        <line num="71" count="22" type="stmt"/>
        <line num="72" count="22" type="cond" truecount="2" falsecount="0"/>
        <line num="74" count="21" type="cond" truecount="2" falsecount="0"/>
        <line num="75" count="8" type="stmt"/>
        <line num="78" count="21" type="stmt"/>
        <line num="79" count="21" type="stmt"/>
        <line num="86" count="10" type="cond" truecount="2" falsecount="0"/>
        <line num="87" count="1" type="stmt"/>
        <line num="90" count="9" type="cond" truecount="2" falsecount="0"/>
        <line num="91" count="1" type="stmt"/>
        <line num="94" count="8" type="stmt"/>
        <line num="99" count="11" type="stmt"/>
        <line num="100" count="11" type="cond" truecount="2" falsecount="0"/>
        <line num="101" count="11" type="stmt"/>
        <line num="102" count="22" type="stmt"/>
        <line num="103" count="22" type="stmt"/>
        <line num="108" count="10" type="stmt"/>
        <line num="109" count="10" type="stmt"/>
      </file>
      <file name="ingest.ts" path="/Users/chouyasushi/htdocs/zapPilot/zapEngine/apps/podcast-pipeline/src/services/ingest.ts">
        <metrics statements="166" coveredstatements="166" conditionals="96" coveredconditionals="93" methods="58" coveredmethods="58"/>
        <line num="55" count="3" type="stmt"/>
        <line num="65" count="14" type="stmt"/>
        <line num="67" count="14" type="stmt"/>
        <line num="68" count="40" type="stmt"/>
        <line num="71" count="13" type="stmt"/>
        <line num="72" count="18" type="stmt"/>
        <line num="74" count="13" type="cond" truecount="2" falsecount="0"/>
        <line num="75" count="1" type="stmt"/>
        <line num="80" count="12" type="stmt"/>
        <line num="81" count="36" type="stmt"/>
        <line num="84" count="12" type="stmt"/>
        <line num="86" count="28" type="cond" truecount="2" falsecount="0"/>
        <line num="98" count="68" type="cond" truecount="2" falsecount="0"/>
        <line num="99" count="32" type="stmt"/>
        <line num="102" count="36" type="stmt"/>
        <line num="103" count="36" type="stmt"/>
        <line num="105" count="36" type="cond" truecount="2" falsecount="0"/>
        <line num="110" count="11" type="stmt"/>
        <line num="115" count="11" type="stmt"/>
        <line num="124" count="25" type="stmt"/>
        <line num="131" count="21" type="stmt"/>
        <line num="144" count="32" type="stmt"/>
        <line num="146" count="32" type="stmt"/>
        <line num="152" count="32" type="stmt"/>
        <line num="156" count="32" type="cond" truecount="4" falsecount="0"/>
        <line num="157" count="20" type="stmt"/>
        <line num="162" count="20" type="stmt"/>
        <line num="171" count="12" type="cond" truecount="2" falsecount="0"/>
        <line num="172" count="9" type="stmt"/>
        <line num="192" count="12" type="cond" truecount="2" falsecount="0"/>
        <line num="193" count="10" type="stmt"/>
        <line num="200" count="10" type="stmt"/>
        <line num="202" count="10" type="stmt"/>
        <line num="208" count="10" type="stmt"/>
        <line num="210" count="10" type="stmt"/>
        <line num="220" count="12" type="cond" truecount="2" falsecount="0"/>
        <line num="221" count="1" type="stmt"/>
        <line num="224" count="11" type="stmt"/>
        <line num="242" count="68" type="stmt"/>
        <line num="245" count="68" type="stmt"/>
        <line num="246" count="68" type="cond" truecount="2" falsecount="0"/>
        <line num="247" count="43" type="stmt"/>
        <line num="248" count="43" type="stmt"/>
        <line num="253" count="68" type="stmt"/>
        <line num="266" count="57" type="cond" truecount="2" falsecount="0"/>
        <line num="268" count="32" type="cond" truecount="3" falsecount="0"/>
        <line num="269" count="57" type="cond" truecount="2" falsecount="0"/>
        <line num="279" count="57" type="cond" truecount="2" falsecount="0"/>
        <line num="280" count="28" type="stmt"/>
        <line num="283" count="26" type="stmt"/>
        <line num="285" count="26" type="cond" truecount="2" falsecount="0"/>
        <line num="286" count="23" type="stmt"/>
        <line num="295" count="26" type="cond" truecount="2" falsecount="0"/>
        <line num="296" count="25" type="stmt"/>
        <line num="315" count="1" type="stmt"/>
        <line num="319" count="1" type="stmt"/>
        <line num="329" count="55" type="cond" truecount="4" falsecount="0"/>
        <line num="330" count="1" type="stmt"/>
        <line num="333" count="54" type="cond" truecount="2" falsecount="0"/>
        <line num="334" count="30" type="stmt"/>
        <line num="337" count="30" type="stmt"/>
        <line num="344" count="30" type="stmt"/>
        <line num="346" count="30" type="stmt"/>
        <line num="356" count="54" type="cond" truecount="2" falsecount="0"/>
        <line num="357" count="1" type="stmt"/>
        <line num="360" count="53" type="stmt"/>
        <line num="375" count="32" type="stmt"/>
        <line num="377" count="32" type="cond" truecount="2" falsecount="0"/>
        <line num="378" count="31" type="stmt"/>
        <line num="384" count="31" type="cond" truecount="2" falsecount="0"/>
        <line num="385" count="31" type="stmt"/>
        <line num="392" count="29" type="stmt"/>
        <line num="393" count="29" type="stmt"/>
        <line num="397" count="29" type="stmt"/>
        <line num="398" count="29" type="stmt"/>
        <line num="401" count="29" type="stmt"/>
        <line num="404" count="28" type="stmt"/>
        <line num="412" count="28" type="cond" truecount="2" falsecount="0"/>
        <line num="414" count="2" type="stmt"/>
        <line num="416" count="2" type="stmt"/>
        <line num="418" count="2" type="stmt"/>
        <line num="426" count="31" type="stmt"/>
        <line num="427" count="31" type="stmt"/>
        <line num="429" count="28" type="stmt"/>
        <line num="439" count="28" type="cond" truecount="2" falsecount="0"/>
        <line num="440" count="1" type="stmt"/>
        <line num="442" count="27" type="stmt"/>
        <line num="445" count="28" type="cond" truecount="2" falsecount="0"/>
        <line num="446" count="1" type="stmt"/>
        <line num="453" count="28" type="stmt"/>
        <line num="463" count="32" type="stmt"/>
        <line num="470" count="28" type="stmt"/>
        <line num="484" count="63" type="stmt"/>
        <line num="488" count="63" type="stmt"/>
        <line num="489" count="63" type="stmt"/>
        <line num="493" count="619" type="stmt"/>
        <line num="494" count="619" type="stmt"/>
        <line num="495" count="619" type="stmt"/>
        <line num="497" count="10" type="cond" truecount="2" falsecount="0"/>
        <line num="498" count="10" type="stmt"/>
        <line num="499" count="10" type="stmt"/>
        <line num="500" count="10" type="cond" truecount="2" falsecount="0"/>
        <line num="501" count="1" type="stmt"/>
        <line num="503" count="10" type="stmt"/>
        <line num="511" count="26" type="cond" truecount="1" falsecount="1"/>
        <line num="517" count="26" type="stmt"/>
        <line num="523" count="68" type="stmt"/>
        <line num="527" count="71" type="stmt"/>
        <line num="534" count="66" type="stmt"/>
        <line num="543" count="12" type="stmt"/>
        <line num="552" count="28" type="stmt"/>
        <line num="553" count="28" type="stmt"/>
        <line num="563" count="29" type="stmt"/>
        <line num="564" count="29" type="stmt"/>
        <line num="566" count="29" type="stmt"/>
        <line num="567" count="18" type="stmt"/>
        <line num="571" count="18" type="stmt"/>
        <line num="572" count="18" type="cond" truecount="2" falsecount="0"/>
        <line num="573" count="7" type="stmt"/>
        <line num="577" count="29" type="stmt"/>
        <line num="588" count="28" type="cond" truecount="2" falsecount="0"/>
        <line num="589" count="24" type="stmt"/>
        <line num="592" count="4" type="stmt"/>
        <line num="593" count="4" type="stmt"/>
        <line num="597" count="2" type="cond" truecount="1" falsecount="1"/>
        <line num="598" count="2" type="stmt"/>
        <line num="604" count="2" type="stmt"/>
        <line num="612" count="63" type="stmt"/>
        <line num="613" count="63" type="stmt"/>
        <line num="615" count="63" type="stmt"/>
        <line num="616" count="63" type="stmt"/>
        <line num="620" count="63" type="stmt"/>
        <line num="621" count="19" type="stmt"/>
        <line num="623" count="63" type="stmt"/>
        <line num="625" count="126" type="stmt"/>
        <line num="627" count="63" type="cond" truecount="2" falsecount="0"/>
        <line num="628" count="6" type="stmt"/>
        <line num="634" count="57" type="stmt"/>
        <line num="643" count="55" type="stmt"/>
        <line num="651" count="55" type="stmt"/>
        <line num="653" count="22" type="stmt"/>
        <line num="667" count="54" type="stmt"/>
        <line num="668" count="21" type="stmt"/>
        <line num="670" count="54" type="stmt"/>
        <line num="671" count="1" type="stmt"/>
        <line num="674" count="54" type="stmt"/>
        <line num="682" count="3" type="stmt"/>
        <line num="687" count="3" type="stmt"/>
        <line num="696" count="3" type="stmt"/>
        <line num="707" count="3" type="cond" truecount="1" falsecount="1"/>
        <line num="708" count="3" type="stmt"/>
        <line num="709" count="3" type="stmt"/>
        <line num="710" count="3" type="stmt"/>
        <line num="711" count="3" type="stmt"/>
        <line num="712" count="3" type="stmt"/>
        <line num="713" count="3" type="stmt"/>
        <line num="714" count="3" type="stmt"/>
        <line num="725" count="85" type="stmt"/>
        <line num="741" count="59" type="stmt"/>
        <line num="743" count="59" type="stmt"/>
        <line num="758" count="126" type="stmt"/>
        <line num="759" count="378" type="stmt"/>
        <line num="767" count="63" type="stmt"/>
        <line num="769" count="126" type="stmt"/>
        <line num="773" count="63" type="stmt"/>
        <line num="774" count="30" type="stmt"/>
      </file>
      <file name="llm.ts" path="/Users/chouyasushi/htdocs/zapPilot/zapEngine/apps/podcast-pipeline/src/services/llm.ts">
        <metrics statements="70" coveredstatements="70" conditionals="47" coveredconditionals="46" methods="19" coveredmethods="19"/>
        <line num="37" count="6" type="stmt"/>
        <line num="42" count="6" type="stmt"/>
        <line num="49" count="4" type="stmt"/>
        <line num="50" count="4" type="cond" truecount="2" falsecount="0"/>
        <line num="51" count="1" type="cond" truecount="1" falsecount="1"/>
        <line num="54" count="6" type="stmt"/>
        <line num="56" count="15" type="cond" truecount="2" falsecount="0"/>
        <line num="57" count="4" type="stmt"/>
        <line num="58" count="4" type="stmt"/>
        <line num="59" count="4" type="stmt"/>
        <line num="60" count="4" type="stmt"/>
        <line num="62" count="1" type="stmt"/>
        <line num="69" count="17" type="stmt"/>
        <line num="77" count="29" type="stmt"/>
        <line num="78" count="29" type="cond" truecount="2" falsecount="0"/>
        <line num="79" count="1" type="stmt"/>
        <line num="83" count="28" type="cond" truecount="2" falsecount="0"/>
        <line num="85" count="29" type="cond" truecount="2" falsecount="0"/>
        <line num="86" count="29" type="cond" truecount="2" falsecount="0"/>
        <line num="88" count="29" type="stmt"/>
        <line num="93" count="29" type="stmt"/>
        <line num="108" count="27" type="stmt"/>
        <line num="111" count="27" type="cond" truecount="2" falsecount="0"/>
        <line num="112" count="3" type="stmt"/>
        <line num="115" count="27" type="stmt"/>
        <line num="126" count="20" type="stmt"/>
        <line num="127" count="20" type="cond" truecount="2" falsecount="0"/>
        <line num="129" count="20" type="stmt"/>
        <line num="141" count="16" type="stmt"/>
        <line num="142" count="16" type="stmt"/>
        <line num="143" count="16" type="stmt"/>
        <line num="145" count="16" type="stmt"/>
        <line num="157" count="16" type="stmt"/>
        <line num="163" count="14" type="cond" truecount="2" falsecount="0"/>
        <line num="165" count="16" type="stmt"/>
        <line num="171" count="10" type="stmt"/>
        <line num="187" count="9" type="stmt"/>
        <line num="188" count="9" type="stmt"/>
        <line num="207" count="9" type="cond" truecount="2" falsecount="0"/>
        <line num="208" count="9" type="stmt"/>
        <line num="214" count="9" type="stmt"/>
        <line num="221" count="9" type="stmt"/>
        <line num="259" count="9" type="stmt"/>
        <line num="260" count="9" type="cond" truecount="2" falsecount="0"/>
        <line num="263" count="9" type="stmt"/>
        <line num="264" count="3" type="stmt"/>
        <line num="271" count="3" type="stmt"/>
        <line num="273" count="3" type="stmt"/>
        <line num="278" count="9" type="stmt"/>
        <line num="279" count="3" type="stmt"/>
        <line num="281" count="9" type="stmt"/>
        <line num="282" count="5" type="stmt"/>
        <line num="284" count="5" type="stmt"/>
        <line num="287" count="9" type="cond" truecount="2" falsecount="0"/>
        <line num="288" count="2" type="stmt"/>
        <line num="293" count="2" type="stmt"/>
        <line num="300" count="9" type="stmt"/>
        <line num="301" count="9" type="stmt"/>
        <line num="302" count="9" type="stmt"/>
        <line num="304" count="9" type="cond" truecount="5" falsecount="0"/>
        <line num="305" count="1" type="stmt"/>
        <line num="308" count="4" type="stmt"/>
        <line num="312" count="9" type="cond" truecount="2" falsecount="0"/>
        <line num="314" count="4" type="stmt"/>
        <line num="315" count="4" type="stmt"/>
        <line num="316" count="4" type="cond" truecount="4" falsecount="0"/>
        <line num="318" count="3" type="stmt"/>
        <line num="319" count="3" type="cond" truecount="4" falsecount="0"/>
        <line num="321" count="2" type="cond" truecount="2" falsecount="0"/>
        <line num="323" count="1" type="stmt"/>
      </file>
      <file name="opencc.ts" path="/Users/chouyasushi/htdocs/zapPilot/zapEngine/apps/podcast-pipeline/src/services/opencc.ts">
        <metrics statements="3" coveredstatements="3" conditionals="0" coveredconditionals="0" methods="2" coveredmethods="2"/>
        <line num="5" count="2" type="stmt"/>
        <line num="8" count="3" type="stmt"/>
        <line num="12" count="1" type="stmt"/>
      </file>
      <file name="scrape.ts" path="/Users/chouyasushi/htdocs/zapPilot/zapEngine/apps/podcast-pipeline/src/services/scrape.ts">
        <metrics statements="20" coveredstatements="20" conditionals="13" coveredconditionals="13" methods="3" coveredmethods="3"/>
        <line num="12" count="11" type="stmt"/>
        <line num="14" count="11" type="stmt"/>
        <line num="15" count="4" type="stmt"/>
        <line num="17" count="4" type="cond" truecount="2" falsecount="0"/>
        <line num="18" count="2" type="stmt"/>
        <line num="21" count="2" type="cond" truecount="2" falsecount="0"/>
        <line num="24" count="11" type="stmt"/>
        <line num="28" count="12" type="stmt"/>
        <line num="36" count="12" type="cond" truecount="2" falsecount="0"/>
        <line num="37" count="1" type="stmt"/>
        <line num="42" count="11" type="stmt"/>
        <line num="43" count="11" type="stmt"/>
        <line num="48" count="11" type="stmt"/>
        <line num="49" count="11" type="stmt"/>
        <line num="51" count="11" type="cond" truecount="3" falsecount="0"/>
        <line num="52" count="12" type="cond" truecount="2" falsecount="0"/>
        <line num="54" count="12" type="cond" truecount="2" falsecount="0"/>
        <line num="55" count="1" type="stmt"/>
        <line num="58" count="10" type="stmt"/>
        <line num="60" count="11" type="stmt"/>
      </file>
      <file name="share-page.ts" path="/Users/chouyasushi/htdocs/zapPilot/zapEngine/apps/podcast-pipeline/src/services/share-page.ts">
        <metrics statements="29" coveredstatements="29" conditionals="28" coveredconditionals="28" methods="6" coveredmethods="6"/>
        <line num="20" count="3" type="stmt"/>
        <line num="22" count="3" type="stmt"/>
        <line num="24" count="3" type="stmt"/>
        <line num="29" count="10" type="cond" truecount="2" falsecount="0"/>
        <line num="30" count="10" type="cond" truecount="2" falsecount="0"/>
        <line num="31" count="2" type="stmt"/>
        <line num="33" count="8" type="cond" truecount="4" falsecount="0"/>
        <line num="34" count="1" type="stmt"/>
        <line num="36" count="7" type="cond" truecount="2" falsecount="0"/>
        <line num="37" count="2" type="stmt"/>
        <line num="40" count="5" type="stmt"/>
        <line num="46" count="12" type="cond" truecount="2" falsecount="0"/>
        <line num="47" count="12" type="stmt"/>
        <line num="48" count="12" type="cond" truecount="2" falsecount="0"/>
        <line num="49" count="12" type="stmt"/>
        <line num="59" count="12" type="cond" truecount="2" falsecount="0"/>
        <line num="65" count="12" type="stmt"/>
        <line num="282" count="12" type="cond" truecount="2" falsecount="0"/>
        <line num="283" count="2" type="stmt"/>
        <line num="309" count="10" type="cond" truecount="4" falsecount="0"/>
        <line num="310" count="2" type="stmt"/>
        <line num="315" count="8" type="stmt"/>
        <line num="322" count="12" type="cond" truecount="2" falsecount="0"/>
        <line num="326" count="12" type="stmt"/>
        <line num="327" count="12" type="cond" truecount="2" falsecount="0"/>
        <line num="328" count="11" type="stmt"/>
        <line num="331" count="1" type="stmt"/>
        <line num="335" count="164" type="stmt"/>
        <line num="344" count="2" type="stmt"/>
      </file>
      <file name="storage.ts" path="/Users/chouyasushi/htdocs/zapPilot/zapEngine/apps/podcast-pipeline/src/services/storage.ts">
        <metrics statements="15" coveredstatements="15" conditionals="0" coveredconditionals="0" methods="5" coveredmethods="5"/>
        <line num="11" count="2" type="stmt"/>
        <line num="12" count="2" type="stmt"/>
        <line num="13" count="2" type="stmt"/>
        <line num="16" count="1" type="stmt"/>
        <line num="26" count="1" type="stmt"/>
        <line num="30" count="1" type="stmt"/>
        <line num="31" count="1" type="stmt"/>
        <line num="35" count="1" type="stmt"/>
        <line num="36" count="1" type="stmt"/>
        <line num="45" count="1" type="stmt"/>
        <line num="46" count="1" type="stmt"/>
        <line num="47" count="1" type="stmt"/>
        <line num="49" count="1" type="stmt"/>
        <line num="51" count="1" type="stmt"/>
        <line num="62" count="1" type="stmt"/>
      </file>
      <file name="telegram.ts" path="/Users/chouyasushi/htdocs/zapPilot/zapEngine/apps/podcast-pipeline/src/services/telegram.ts">
        <metrics statements="28" coveredstatements="28" conditionals="21" coveredconditionals="21" methods="7" coveredmethods="7"/>
        <line num="11" count="24" type="stmt"/>
        <line num="12" count="24" type="stmt"/>
        <line num="26" count="22" type="cond" truecount="2" falsecount="0"/>
        <line num="27" count="1" type="stmt"/>
        <line num="35" count="25" type="cond" truecount="2" falsecount="0"/>
        <line num="36" count="2" type="stmt"/>
        <line num="39" count="23" type="stmt"/>
        <line num="40" count="23" type="stmt"/>
        <line num="41" count="23" type="stmt"/>
        <line num="48" count="15" type="stmt"/>
        <line num="49" count="15" type="stmt"/>
        <line num="50" count="28" type="stmt"/>
        <line num="51" count="28" type="cond" truecount="2" falsecount="0"/>
        <line num="52" count="13" type="stmt"/>
        <line num="58" count="2" type="stmt"/>
        <line num="62" count="13" type="stmt"/>
        <line num="63" count="13" type="cond" truecount="2" falsecount="0"/>
        <line num="64" count="316" type="stmt"/>
        <line num="66" count="13" type="stmt"/>
        <line num="70" count="318" type="stmt"/>
        <line num="80" count="13" type="stmt"/>
        <line num="81" count="13" type="stmt"/>
        <line num="82" count="13" type="cond" truecount="2" falsecount="0"/>
        <line num="83" count="2" type="stmt"/>
        <line num="85" count="13" type="stmt"/>
        <line num="92" count="21" type="cond" truecount="4" falsecount="0"/>
        <line num="93" count="2" type="stmt"/>
        <line num="96" count="19" type="stmt"/>
      </file>
      <file name="translate.ts" path="/Users/chouyasushi/htdocs/zapPilot/zapEngine/apps/podcast-pipeline/src/services/translate.ts">
        <metrics statements="15" coveredstatements="15" conditionals="6" coveredconditionals="6" methods="6" coveredmethods="6"/>
        <line num="16" count="2" type="stmt"/>
        <line num="51" count="1" type="stmt"/>
        <line num="52" count="1" type="stmt"/>
        <line num="57" count="1" type="stmt"/>
        <line num="74" count="3" type="stmt"/>
        <line num="75" count="3" type="stmt"/>
        <line num="81" count="3" type="stmt"/>
        <line num="98" count="5" type="cond" truecount="2" falsecount="0"/>
        <line num="99" count="1" type="stmt"/>
        <line num="107" count="4" type="stmt"/>
        <line num="126" count="4" type="stmt"/>
        <line num="132" count="4" type="stmt"/>
        <line num="144" count="4" type="stmt"/>
        <line num="166" count="4" type="stmt"/>
        <line num="172" count="5" type="stmt"/>
      </file>
      <file name="tts.ts" path="/Users/chouyasushi/htdocs/zapPilot/zapEngine/apps/podcast-pipeline/src/services/tts.ts">
        <metrics statements="8" coveredstatements="8" conditionals="4" coveredconditionals="4" methods="4" coveredmethods="4"/>
        <line num="51" count="36" type="cond" truecount="2" falsecount="0"/>
        <line num="53" count="20" type="stmt"/>
        <line num="58" count="16" type="stmt"/>
        <line num="70" count="36" type="stmt"/>
        <line num="86" count="4" type="stmt"/>
        <line num="87" count="4" type="stmt"/>
        <line num="94" count="32" type="stmt"/>
        <line num="95" count="32" type="stmt"/>
      </file>
    </package>
    <package name="src.services.podcast">
      <metrics statements="42" coveredstatements="42" conditionals="24" coveredconditionals="24" methods="7" coveredmethods="7"/>
      <file name="classroom-audio.ts" path="/Users/chouyasushi/htdocs/zapPilot/zapEngine/apps/podcast-pipeline/src/services/podcast/classroom-audio.ts">
        <metrics statements="12" coveredstatements="12" conditionals="3" coveredconditionals="3" methods="1" coveredmethods="1"/>
        <line num="20" count="4" type="stmt"/>
        <line num="22" count="4" type="stmt"/>
        <line num="23" count="4" type="stmt"/>
        <line num="24" count="4" type="stmt"/>
        <line num="26" count="4" type="stmt"/>
        <line num="27" count="8" type="stmt"/>
        <line num="32" count="5" type="stmt"/>
        <line num="33" count="5" type="stmt"/>
        <line num="36" count="1" type="stmt"/>
        <line num="41" count="3" type="cond" truecount="2" falsecount="0"/>
        <line num="42" count="3" type="stmt"/>
        <line num="49" count="3" type="stmt"/>
      </file>
      <file name="classroom-script.ts" path="/Users/chouyasushi/htdocs/zapPilot/zapEngine/apps/podcast-pipeline/src/services/podcast/classroom-script.ts">
        <metrics statements="30" coveredstatements="30" conditionals="21" coveredconditionals="21" methods="6" coveredmethods="6"/>
        <line num="12" count="3" type="stmt"/>
        <line num="21" count="3" type="stmt"/>
        <line num="42" count="9" type="stmt"/>
        <line num="45" count="9" type="stmt"/>
        <line num="48" count="9" type="stmt"/>
        <line num="59" count="9" type="stmt"/>
        <line num="60" count="8" type="stmt"/>
        <line num="67" count="8" type="stmt"/>
        <line num="72" count="8" type="cond" truecount="2" falsecount="0"/>
        <line num="73" count="3" type="stmt"/>
        <line num="80" count="8" type="stmt"/>
        <line num="86" count="18" type="cond" truecount="2" falsecount="0"/>
        <line num="91" count="17" type="stmt"/>
        <line num="94" count="1" type="stmt"/>
        <line num="108" count="8" type="cond" truecount="3" falsecount="0"/>
        <line num="110" count="6" type="stmt"/>
        <line num="112" count="1" type="stmt"/>
        <line num="114" count="1" type="stmt"/>
        <line num="122" count="8" type="cond" truecount="3" falsecount="0"/>
        <line num="124" count="6" type="stmt"/>
        <line num="126" count="1" type="stmt"/>
        <line num="131" count="1" type="stmt"/>
        <line num="139" count="3" type="cond" truecount="3" falsecount="0"/>
        <line num="141" count="1" type="stmt"/>
        <line num="143" count="1" type="stmt"/>
        <line num="145" count="1" type="stmt"/>
        <line num="153" count="27" type="stmt"/>
        <line num="154" count="27" type="cond" truecount="2" falsecount="0"/>
        <line num="155" count="26" type="cond" truecount="2" falsecount="0"/>
        <line num="156" count="19" type="cond" truecount="2" falsecount="0"/>
      </file>
    </package>
    <package name="src.services.tts">
      <metrics statements="121" coveredstatements="121" conditionals="44" coveredconditionals="44" methods="25" coveredmethods="25"/>
      <file name="audio-concat.ts" path="/Users/chouyasushi/htdocs/zapPilot/zapEngine/apps/podcast-pipeline/src/services/tts/audio-concat.ts">
        <metrics statements="25" coveredstatements="25" conditionals="4" coveredconditionals="4" methods="5" coveredmethods="5"/>
        <line num="8" count="10" type="cond" truecount="2" falsecount="0"/>
        <line num="9" count="1" type="stmt"/>
        <line num="12" count="9" type="cond" truecount="2" falsecount="0"/>
        <line num="13" count="2" type="stmt"/>
        <line num="16" count="7" type="stmt"/>
        <line num="17" count="7" type="stmt"/>
        <line num="18" count="7" type="stmt"/>
        <line num="20" count="7" type="stmt"/>
        <line num="21" count="7" type="stmt"/>
        <line num="22" count="22" type="stmt"/>
        <line num="23" count="22" type="stmt"/>
        <line num="24" count="22" type="stmt"/>
        <line num="27" count="7" type="stmt"/>
        <line num="28" count="7" type="stmt"/>
        <line num="29" count="7" type="stmt"/>
        <line num="30" count="22" type="stmt"/>
        <line num="32" count="7" type="stmt"/>
        <line num="34" count="7" type="stmt"/>
        <line num="35" count="6" type="stmt"/>
        <line num="39" count="7" type="stmt"/>
        <line num="41" count="7" type="stmt"/>
        <line num="42" count="22" type="stmt"/>
        <line num="43" count="22" type="stmt"/>
        <line num="48" count="7" type="stmt"/>
        <line num="49" count="7" type="stmt"/>
      </file>
      <file name="fish-audio.ts" path="/Users/chouyasushi/htdocs/zapPilot/zapEngine/apps/podcast-pipeline/src/services/tts/fish-audio.ts">
        <metrics statements="30" coveredstatements="30" conditionals="14" coveredconditionals="14" methods="6" coveredmethods="6"/>
        <line num="8" count="4" type="stmt"/>
        <line num="9" count="4" type="stmt"/>
        <line num="11" count="4" type="stmt"/>
        <line num="12" count="4" type="stmt"/>
        <line num="18" count="6" type="stmt"/>
        <line num="19" count="6" type="cond" truecount="2" falsecount="0"/>
        <line num="20" count="1" type="stmt"/>
        <line num="23" count="5" type="stmt"/>
        <line num="24" count="5" type="stmt"/>
        <line num="42" count="4" type="cond" truecount="2" falsecount="0"/>
        <line num="43" count="3" type="stmt"/>
        <line num="44" count="3" type="cond" truecount="2" falsecount="0"/>
        <line num="45" count="3" type="cond" truecount="2" falsecount="0"/>
        <line num="46" count="3" type="stmt"/>
        <line num="51" count="1" type="stmt"/>
        <line num="58" count="18" type="stmt"/>
        <line num="59" count="18" type="stmt"/>
        <line num="67" count="26" type="cond" truecount="2" falsecount="0"/>
        <line num="68" count="1" type="stmt"/>
        <line num="73" count="25" type="stmt"/>
        <line num="80" count="3" type="stmt"/>
        <line num="81" count="3" type="stmt"/>
        <line num="83" count="3" type="stmt"/>
        <line num="98" count="3" type="stmt"/>
        <line num="99" count="3" type="stmt"/>
        <line num="101" count="1" type="stmt"/>
        <line num="106" count="2" type="stmt"/>
        <line num="107" count="2" type="cond" truecount="2" falsecount="0"/>
        <line num="108" count="1" type="stmt"/>
        <line num="111" count="1" type="stmt"/>
      </file>
      <file name="google.ts" path="/Users/chouyasushi/htdocs/zapPilot/zapEngine/apps/podcast-pipeline/src/services/tts/google.ts">
        <metrics statements="57" coveredstatements="57" conditionals="24" coveredconditionals="24" methods="13" coveredmethods="13"/>
        <line num="12" count="5" type="stmt"/>
        <line num="15" count="19" type="stmt"/>
        <line num="16" count="19" type="stmt"/>
        <line num="19" count="5" type="stmt"/>
        <line num="20" count="5" type="stmt"/>
        <line num="21" count="5" type="stmt"/>
        <line num="32" count="8" type="stmt"/>
        <line num="36" count="17" type="stmt"/>
        <line num="37" count="17" type="stmt"/>
        <line num="38" count="17" type="stmt"/>
        <line num="40" count="17" type="stmt"/>
        <line num="41" count="2222" type="stmt"/>
        <line num="42" count="2222" type="cond" truecount="2" falsecount="0"/>
        <line num="43" count="2211" type="stmt"/>
        <line num="45" count="11" type="cond" truecount="2" falsecount="0"/>
        <line num="46" count="9" type="stmt"/>
        <line num="48" count="11" type="cond" truecount="2" falsecount="0"/>
        <line num="49" count="2" type="stmt"/>
        <line num="50" count="2" type="stmt"/>
        <line num="56" count="9" type="stmt"/>
        <line num="61" count="17" type="cond" truecount="2" falsecount="0"/>
        <line num="62" count="14" type="stmt"/>
        <line num="65" count="17" type="stmt"/>
        <line num="69" count="2" type="stmt"/>
        <line num="70" count="2" type="stmt"/>
        <line num="72" count="2" type="stmt"/>
        <line num="73" count="12000" type="stmt"/>
        <line num="74" count="12000" type="cond" truecount="2" falsecount="0"/>
        <line num="75" count="2" type="stmt"/>
        <line num="76" count="2" type="stmt"/>
        <line num="78" count="11998" type="stmt"/>
        <line num="89" count="2" type="stmt"/>
        <line num="96" count="19" type="stmt"/>
        <line num="105" count="19" type="cond" truecount="2" falsecount="0"/>
        <line num="106" count="1" type="stmt"/>
        <line num="109" count="18" type="stmt"/>
        <line num="115" count="7" type="stmt"/>
        <line num="119" count="11" type="stmt"/>
        <line num="120" count="11" type="stmt"/>
        <line num="134" count="11" type="stmt"/>
        <line num="135" count="11" type="stmt"/>
        <line num="137" count="11" type="cond" truecount="2" falsecount="0"/>
        <line num="138" count="2" type="stmt"/>
        <line num="141" count="8" type="cond" truecount="2" falsecount="0"/>
        <line num="142" count="6" type="stmt"/>
        <line num="148" count="2" type="stmt"/>
        <line num="149" count="11" type="stmt"/>
        <line num="151" count="2" type="stmt"/>
        <line num="160" count="22" type="cond" truecount="2" falsecount="0"/>
        <line num="161" count="8" type="stmt"/>
        <line num="164" count="14" type="cond" truecount="2" falsecount="0"/>
        <line num="165" count="1" type="stmt"/>
        <line num="170" count="13" type="stmt"/>
        <line num="181" count="8" type="stmt"/>
        <line num="182" count="18" type="stmt"/>
        <line num="186" count="8" type="stmt"/>
        <line num="201" count="18" type="stmt"/>
      </file>
      <file name="tts-config.ts" path="/Users/chouyasushi/htdocs/zapPilot/zapEngine/apps/podcast-pipeline/src/services/tts/tts-config.ts">
        <metrics statements="9" coveredstatements="9" conditionals="2" coveredconditionals="2" methods="1" coveredmethods="1"/>
        <line num="23" count="5" type="stmt"/>
        <line num="24" count="5" type="stmt"/>
        <line num="25" count="5" type="stmt"/>
        <line num="26" count="5" type="stmt"/>
        <line num="31" count="5" type="stmt"/>
        <line num="36" count="5" type="stmt"/>
        <line num="45" count="5" type="stmt"/>
        <line num="58" count="5" type="stmt"/>
        <line num="68" count="46" type="cond" truecount="2" falsecount="0"/>
      </file>
    </package>
  </project>
</coverage>
