{"/Users/chouyasushi/htdocs/zapPilot/zapEngine/apps/podcast-pipeline/src/index.ts": {"path":"/Users/chouyasushi/htdocs/zapPilot/zapEngine/apps/podcast-pipeline/src/index.ts","statementMap":{"0":{"start":{"line":6,"column":16},"end":{"line":6,"column":null}},"1":{"start":{"line":7,"column":0},"end":{"line":7,"column":null}},"2":{"start":{"line":60,"column":12},"end":{"line":60,"column":null}},"3":{"start":{"line":61,"column":32},"end":{"line":61,"column":null}},"4":{"start":{"line":63,"column":2},"end":{"line":63,"column":null}},"5":{"start":{"line":64,"column":29},"end":{"line":64,"column":null}},"6":{"start":{"line":65,"column":31},"end":{"line":65,"column":null}},"7":{"start":{"line":66,"column":28},"end":{"line":66,"column":null}},"8":{"start":{"line":68,"column":2},"end":{"line":68,"column":null}},"9":{"start":{"line":69,"column":19},"end":{"line":69,"column":null}},"10":{"start":{"line":70,"column":26},"end":{"line":70,"column":null}},"11":{"start":{"line":71,"column":23},"end":{"line":71,"column":null}},"12":{"start":{"line":72,"column":26},"end":{"line":72,"column":null}},"13":{"start":{"line":74,"column":21},"end":{"line":74,"column":null}},"14":{"start":{"line":75,"column":35},"end":{"line":88,"column":null}},"15":{"start":{"line":90,"column":0},"end":{"line":90,"column":null}},"16":{"start":{"line":93,"column":2},"end":{"line":93,"column":null}},"17":{"start":{"line":96,"column":0},"end":{"line":96,"column":null}},"18":{"start":{"line":97,"column":0},"end":{"line":97,"column":null}},"19":{"start":{"line":98,"column":0},"end":{"line":100,"column":null}},"20":{"start":{"line":99,"column":2},"end":{"line":99,"column":null}},"21":{"start":{"line":101,"column":0},"end":{"line":101,"column":null}},"22":{"start":{"line":101,"column":47},"end":{"line":101,"column":57}},"23":{"start":{"line":102,"column":0},"end":{"line":136,"column":null}},"24":{"start":{"line":103,"column":13},"end":{"line":103,"column":null}},"25":{"start":{"line":104,"column":2},"end":{"line":106,"column":null}},"26":{"start":{"line":105,"column":4},"end":{"line":105,"column":null}},"27":{"start":{"line":108,"column":23},"end":{"line":110,"column":null}},"28":{"start":{"line":111,"column":23},"end":{"line":114,"column":null}},"29":{"start":{"line":116,"column":2},"end":{"line":118,"column":null}},"30":{"start":{"line":117,"column":4},"end":{"line":117,"column":null}},"31":{"start":{"line":120,"column":8},"end":{"line":133,"column":null}},"32":{"start":{"line":135,"column":2},"end":{"line":135,"column":null}},"33":{"start":{"line":138,"column":0},"end":{"line":160,"column":null}},"34":{"start":{"line":139,"column":2},"end":{"line":139,"column":null}},"35":{"start":{"line":141,"column":16},"end":{"line":141,"column":null}},"36":{"start":{"line":141,"column":53},"end":{"line":141,"column":57}},"37":{"start":{"line":143,"column":4},"end":{"line":143,"column":null}},"38":{"start":{"line":144,"column":14},"end":{"line":144,"column":null}},"39":{"start":{"line":145,"column":23},"end":{"line":149,"column":null}},"40":{"start":{"line":151,"column":2},"end":{"line":151,"column":null}},"41":{"start":{"line":153,"column":17},"end":{"line":153,"column":null}},"42":{"start":{"line":155,"column":2},"end":{"line":157,"column":null}},"43":{"start":{"line":159,"column":2},"end":{"line":159,"column":null}},"44":{"start":{"line":162,"column":0},"end":{"line":206,"column":null}},"45":{"start":{"line":163,"column":8},"end":{"line":163,"column":null}},"46":{"start":{"line":164,"column":23},"end":{"line":164,"column":null}},"47":{"start":{"line":165,"column":2},"end":{"line":167,"column":null}},"48":{"start":{"line":166,"column":4},"end":{"line":166,"column":null}},"49":{"start":{"line":169,"column":17},"end":{"line":169,"column":null}},"50":{"start":{"line":169,"column":48},"end":{"line":169,"column":52}},"51":{"start":{"line":170,"column":18},"end":{"line":170,"column":null}},"52":{"start":{"line":171,"column":2},"end":{"line":173,"column":null}},"53":{"start":{"line":172,"column":4},"end":{"line":172,"column":null}},"54":{"start":{"line":175,"column":2},"end":{"line":177,"column":null}},"55":{"start":{"line":176,"column":4},"end":{"line":176,"column":null}},"56":{"start":{"line":179,"column":17},"end":{"line":179,"column":null}},"57":{"start":{"line":180,"column":2},"end":{"line":182,"column":null}},"58":{"start":{"line":181,"column":4},"end":{"line":181,"column":null}},"59":{"start":{"line":184,"column":15},"end":{"line":184,"column":null}},"60":{"start":{"line":185,"column":2},"end":{"line":188,"column":null}},"61":{"start":{"line":186,"column":4},"end":{"line":186,"column":null}},"62":{"start":{"line":187,"column":4},"end":{"line":187,"column":null}},"63":{"start":{"line":190,"column":8},"end":{"line":190,"column":null}},"64":{"start":{"line":191,"column":2},"end":{"line":194,"column":null}},"65":{"start":{"line":192,"column":4},"end":{"line":192,"column":null}},"66":{"start":{"line":193,"column":4},"end":{"line":193,"column":null}},"67":{"start":{"line":197,"column":2},"end":{"line":202,"column":null}},"68":{"start":{"line":198,"column":4},"end":{"line":198,"column":null}},"69":{"start":{"line":200,"column":4},"end":{"line":200,"column":null}},"70":{"start":{"line":201,"column":4},"end":{"line":201,"column":null}},"71":{"start":{"line":204,"column":2},"end":{"line":204,"column":null}},"72":{"start":{"line":205,"column":2},"end":{"line":205,"column":null}},"73":{"start":{"line":208,"column":0},"end":{"line":244,"column":null}},"74":{"start":{"line":209,"column":19},"end":{"line":209,"column":null}},"75":{"start":{"line":210,"column":20},"end":{"line":210,"column":null}},"76":{"start":{"line":211,"column":23},"end":{"line":211,"column":null}},"77":{"start":{"line":213,"column":16},"end":{"line":213,"column":null}},"78":{"start":{"line":214,"column":2},"end":{"line":216,"column":null}},"79":{"start":{"line":215,"column":4},"end":{"line":215,"column":null}},"80":{"start":{"line":218,"column":30},"end":{"line":218,"column":null}},"81":{"start":{"line":219,"column":2},"end":{"line":225,"column":null}},"82":{"start":{"line":220,"column":4},"end":{"line":224,"column":null}},"83":{"start":{"line":221,"column":6},"end":{"line":221,"column":null}},"84":{"start":{"line":223,"column":6},"end":{"line":223,"column":null}},"85":{"start":{"line":227,"column":31},"end":{"line":231,"column":null}},"86":{"start":{"line":232,"column":23},"end":{"line":234,"column":null}},"87":{"start":{"line":233,"column":22},"end":{"line":233,"column":41}},"88":{"start":{"line":235,"column":2},"end":{"line":243,"column":null}},"89":{"start":{"line":238,"column":8},"end":{"line":239,"column":null}},"90":{"start":{"line":240,"column":6},"end":{"line":240,"column":null}},"91":{"start":{"line":246,"column":0},"end":{"line":268,"column":null}},"92":{"start":{"line":247,"column":23},"end":{"line":247,"column":null}},"93":{"start":{"line":248,"column":18},"end":{"line":248,"column":null}},"94":{"start":{"line":250,"column":2},"end":{"line":252,"column":null}},"95":{"start":{"line":251,"column":4},"end":{"line":251,"column":null}},"96":{"start":{"line":254,"column":23},"end":{"line":257,"column":null}},"97":{"start":{"line":258,"column":2},"end":{"line":260,"column":null}},"98":{"start":{"line":259,"column":4},"end":{"line":259,"column":null}},"99":{"start":{"line":262,"column":21},"end":{"line":264,"column":null}},"100":{"start":{"line":265,"column":2},"end":{"line":267,"column":null}},"101":{"start":{"line":281,"column":2},"end":{"line":283,"column":null}},"102":{"start":{"line":282,"column":4},"end":{"line":282,"column":null}},"103":{"start":{"line":285,"column":18},"end":{"line":285,"column":null}},"104":{"start":{"line":286,"column":2},"end":{"line":288,"column":null}},"105":{"start":{"line":287,"column":4},"end":{"line":287,"column":null}},"106":{"start":{"line":290,"column":2},"end":{"line":294,"column":null}},"107":{"start":{"line":298,"column":18},"end":{"line":298,"column":null}},"108":{"start":{"line":299,"column":2},"end":{"line":303,"column":null}},"109":{"start":{"line":312,"column":2},"end":{"line":315,"column":null}},"110":{"start":{"line":313,"column":4},"end":{"line":313,"column":null}},"111":{"start":{"line":314,"column":4},"end":{"line":314,"column":null}},"112":{"start":{"line":317,"column":14},"end":{"line":327,"column":null}},"113":{"start":{"line":318,"column":4},"end":{"line":326,"column":null}},"114":{"start":{"line":319,"column":6},"end":{"line":325,"column":null}},"115":{"start":{"line":320,"column":8},"end":{"line":324,"column":null}},"116":{"start":{"line":321,"column":10},"end":{"line":321,"column":null}},"117":{"start":{"line":323,"column":10},"end":{"line":323,"column":null}},"118":{"start":{"line":329,"column":2},"end":{"line":329,"column":null}},"119":{"start":{"line":330,"column":2},"end":{"line":330,"column":null}},"120":{"start":{"line":337,"column":2},"end":{"line":341,"column":null}},"121":{"start":{"line":338,"column":4},"end":{"line":338,"column":null}},"122":{"start":{"line":340,"column":4},"end":{"line":340,"column":null}},"123":{"start":{"line":349,"column":2},"end":{"line":349,"column":null}},"124":{"start":{"line":351,"column":2},"end":{"line":359,"column":null}},"125":{"start":{"line":352,"column":19},"end":{"line":352,"column":null}},"126":{"start":{"line":353,"column":4},"end":{"line":353,"column":null}},"127":{"start":{"line":355,"column":4},"end":{"line":358,"column":null}},"128":{"start":{"line":363,"column":2},"end":{"line":365,"column":null}},"129":{"start":{"line":364,"column":4},"end":{"line":364,"column":null}},"130":{"start":{"line":372,"column":2},"end":{"line":379,"column":null}},"131":{"start":{"line":373,"column":4},"end":{"line":373,"column":null}},"132":{"start":{"line":375,"column":16},"end":{"line":375,"column":null}},"133":{"start":{"line":376,"column":4},"end":{"line":378,"column":null}},"134":{"start":{"line":383,"column":17},"end":{"line":383,"column":null}},"135":{"start":{"line":384,"column":16},"end":{"line":384,"column":null}},"136":{"start":{"line":385,"column":2},"end":{"line":387,"column":null}},"137":{"start":{"line":386,"column":4},"end":{"line":386,"column":null}},"138":{"start":{"line":389,"column":8},"end":{"line":391,"column":null}},"139":{"start":{"line":392,"column":2},"end":{"line":396,"column":null}},"140":{"start":{"line":393,"column":4},"end":{"line":393,"column":null}},"141":{"start":{"line":394,"column":4},"end":{"line":394,"column":null}},"142":{"start":{"line":395,"column":4},"end":{"line":395,"column":null}},"143":{"start":{"line":398,"column":2},"end":{"line":398,"column":null}},"144":{"start":{"line":402,"column":16},"end":{"line":402,"column":null}},"145":{"start":{"line":403,"column":2},"end":{"line":405,"column":null}},"146":{"start":{"line":409,"column":18},"end":{"line":409,"column":null}},"147":{"start":{"line":410,"column":2},"end":{"line":414,"column":null}},"148":{"start":{"line":411,"column":4},"end":{"line":411,"column":null}},"149":{"start":{"line":412,"column":2},"end":{"line":414,"column":null}},"150":{"start":{"line":413,"column":4},"end":{"line":413,"column":null}},"151":{"start":{"line":416,"column":2},"end":{"line":418,"column":null}},"152":{"start":{"line":422,"column":2},"end":{"line":422,"column":null}},"153":{"start":{"line":426,"column":18},"end":{"line":426,"column":null}},"154":{"start":{"line":427,"column":20},"end":{"line":427,"column":null}},"155":{"start":{"line":428,"column":2},"end":{"line":428,"column":null}},"156":{"start":{"line":432,"column":2},"end":{"line":432,"column":null}},"157":{"start":{"line":436,"column":2},"end":{"line":436,"column":null}},"158":{"start":{"line":439,"column":0},"end":{"line":474,"column":null}},"159":{"start":{"line":440,"column":2},"end":{"line":442,"column":null}},"160":{"start":{"line":441,"column":4},"end":{"line":441,"column":null}},"161":{"start":{"line":444,"column":14},"end":{"line":444,"column":null}},"162":{"start":{"line":445,"column":2},"end":{"line":451,"column":null}},"163":{"start":{"line":453,"column":16},"end":{"line":453,"column":null}},"164":{"start":{"line":454,"column":2},"end":{"line":473,"column":null}},"165":{"start":{"line":477,"column":2},"end":{"line":487,"column":null}},"166":{"start":{"line":478,"column":16},"end":{"line":478,"column":null}},"167":{"start":{"line":480,"column":4},"end":{"line":482,"column":null}},"168":{"start":{"line":481,"column":6},"end":{"line":481,"column":null}},"169":{"start":{"line":484,"column":4},"end":{"line":484,"column":null}},"170":{"start":{"line":486,"column":4},"end":{"line":486,"column":null}},"171":{"start":{"line":491,"column":2},"end":{"line":493,"column":null}},"172":{"start":{"line":492,"column":4},"end":{"line":492,"column":null}},"173":{"start":{"line":495,"column":19},"end":{"line":495,"column":null}},"174":{"start":{"line":496,"column":2},"end":{"line":496,"column":null}},"175":{"start":{"line":500,"column":2},"end":{"line":502,"column":null}},"176":{"start":{"line":506,"column":16},"end":{"line":506,"column":null}},"177":{"start":{"line":507,"column":2},"end":{"line":511,"column":null}},"178":{"start":{"line":513,"column":2},"end":{"line":513,"column":null}},"179":{"start":{"line":520,"column":4},"end":{"line":522,"column":null}},"180":{"start":{"line":524,"column":4},"end":{"line":526,"column":null}},"181":{"start":{"line":528,"column":2},"end":{"line":536,"column":null}},"182":{"start":{"line":533,"column":4},"end":{"line":535,"column":null}},"183":{"start":{"line":538,"column":2},"end":{"line":538,"column":null}},"184":{"start":{"line":542,"column":24},"end":{"line":542,"column":null}},"185":{"start":{"line":543,"column":2},"end":{"line":547,"column":null}},"186":{"start":{"line":544,"column":4},"end":{"line":546,"column":null}},"187":{"start":{"line":549,"column":22},"end":{"line":549,"column":null}},"188":{"start":{"line":550,"column":2},"end":{"line":552,"column":null}},"189":{"start":{"line":551,"column":4},"end":{"line":551,"column":null}},"190":{"start":{"line":556,"column":2},"end":{"line":556,"column":null}},"191":{"start":{"line":556,"column":22},"end":{"line":556,"column":null}},"192":{"start":{"line":558,"column":34},"end":{"line":558,"column":null}},"193":{"start":{"line":559,"column":2},"end":{"line":559,"column":null}},"194":{"start":{"line":559,"column":42},"end":{"line":559,"column":null}},"195":{"start":{"line":561,"column":16},"end":{"line":561,"column":null}},"196":{"start":{"line":562,"column":2},"end":{"line":562,"column":null}},"197":{"start":{"line":566,"column":23},"end":{"line":566,"column":null}},"198":{"start":{"line":567,"column":25},"end":{"line":567,"column":null}},"199":{"start":{"line":569,"column":2},"end":{"line":571,"column":null}},"200":{"start":{"line":575,"column":6},"end":{"line":575,"column":null}},"201":{"start":{"line":577,"column":0},"end":{"line":585,"column":null}},"202":{"start":{"line":583,"column":4},"end":{"line":583,"column":null}}},"fnMap":{"0":{"name":"healthResponse","decl":{"start":{"line":92,"column":9},"end":{"line":92,"column":24}},"loc":{"start":{"line":92,"column":36},"end":{"line":94,"column":null}},"line":92},"1":{"name":"(anonymous_1)","decl":{"start":{"line":98,"column":51},"end":{"line":98,"column":52}},"loc":{"start":{"line":99,"column":2},"end":{"line":99,"column":null}},"line":99},"2":{"name":"(anonymous_2)","decl":{"start":{"line":101,"column":40},"end":{"line":101,"column":41}},"loc":{"start":{"line":101,"column":47},"end":{"line":101,"column":57}},"line":101},"3":{"name":"(anonymous_3)","decl":{"start":{"line":102,"column":18},"end":{"line":102,"column":25}},"loc":{"start":{"line":102,"column":31},"end":{"line":136,"column":1}},"line":102},"4":{"name":"(anonymous_4)","decl":{"start":{"line":138,"column":20},"end":{"line":138,"column":27}},"loc":{"start":{"line":138,"column":33},"end":{"line":160,"column":1}},"line":138},"5":{"name":"(anonymous_5)","decl":{"start":{"line":141,"column":41},"end":{"line":141,"column":53}},"loc":{"start":{"line":141,"column":53},"end":{"line":141,"column":57}},"line":141},"6":{"name":"(anonymous_6)","decl":{"start":{"line":162,"column":30},"end":{"line":162,"column":37}},"loc":{"start":{"line":162,"column":43},"end":{"line":206,"column":1}},"line":162},"7":{"name":"(anonymous_7)","decl":{"start":{"line":169,"column":42},"end":{"line":169,"column":48}},"loc":{"start":{"line":169,"column":48},"end":{"line":169,"column":52}},"line":169},"8":{"name":"(anonymous_8)","decl":{"start":{"line":208,"column":21},"end":{"line":208,"column":28}},"loc":{"start":{"line":208,"column":34},"end":{"line":244,"column":1}},"line":208},"9":{"name":"(anonymous_9)","decl":{"start":{"line":233,"column":13},"end":{"line":233,"column":14}},"loc":{"start":{"line":233,"column":22},"end":{"line":233,"column":41}},"line":233},"10":{"name":"(anonymous_10)","decl":{"start":{"line":236,"column":20},"end":{"line":236,"column":21}},"loc":{"start":{"line":236,"column":29},"end":{"line":241,"column":5}},"line":236},"11":{"name":"(anonymous_11)","decl":{"start":{"line":246,"column":35},"end":{"line":246,"column":42}},"loc":{"start":{"line":246,"column":48},"end":{"line":268,"column":1}},"line":246},"12":{"name":"getTelegramMessage","decl":{"start":{"line":280,"column":9},"end":{"line":280,"column":28}},"loc":{"start":{"line":280,"column":76},"end":{"line":295,"column":null}},"line":280},"13":{"name":"isTelegramHelpCommand","decl":{"start":{"line":297,"column":9},"end":{"line":297,"column":31}},"loc":{"start":{"line":297,"column":54},"end":{"line":305,"column":null}},"line":297},"14":{"name":"enqueueTelegramIngest","decl":{"start":{"line":307,"column":9},"end":{"line":307,"column":null}},"loc":{"start":{"line":311,"column":8},"end":{"line":331,"column":null}},"line":311},"15":{"name":"(anonymous_15)","decl":{"start":{"line":317,"column":32},"end":{"line":317,"column":33}},"loc":{"start":{"line":317,"column":45},"end":{"line":327,"column":3}},"line":317},"16":{"name":"(anonymous_16)","decl":{"start":{"line":318,"column":21},"end":{"line":318,"column":27}},"loc":{"start":{"line":318,"column":27},"end":{"line":326,"column":5}},"line":318},"17":{"name":"(anonymous_17)","decl":{"start":{"line":319,"column":12},"end":{"line":319,"column":24}},"loc":{"start":{"line":319,"column":24},"end":{"line":325,"column":9}},"line":319},"18":{"name":"clearTelegramIngestWhenDone","decl":{"start":{"line":333,"column":15},"end":{"line":333,"column":null}},"loc":{"start":{"line":336,"column":17},"end":{"line":342,"column":null}},"line":336},"19":{"name":"runTelegramIngest","decl":{"start":{"line":344,"column":15},"end":{"line":344,"column":null}},"loc":{"start":{"line":348,"column":17},"end":{"line":360,"column":null}},"line":348},"20":{"name":"scheduleTelegramMessage","decl":{"start":{"line":362,"column":9},"end":{"line":362,"column":33}},"loc":{"start":{"line":362,"column":77},"end":{"line":366,"column":null}},"line":362},"21":{"name":"(anonymous_21)","decl":{"start":{"line":363,"column":19},"end":{"line":363,"column":25}},"loc":{"start":{"line":363,"column":25},"end":{"line":365,"column":3}},"line":363},"22":{"name":"sendTelegramNotification","decl":{"start":{"line":368,"column":15},"end":{"line":368,"column":null}},"loc":{"start":{"line":371,"column":17},"end":{"line":380,"column":null}},"line":371},"23":{"name":"formatTelegramIngestResult","decl":{"start":{"line":382,"column":9},"end":{"line":382,"column":36}},"loc":{"start":{"line":382,"column":66},"end":{"line":399,"column":null}},"line":382},"24":{"name":"formatCostLine","decl":{"start":{"line":401,"column":9},"end":{"line":401,"column":24}},"loc":{"start":{"line":401,"column":53},"end":{"line":406,"column":null}},"line":401},"25":{"name":"formatUsage","decl":{"start":{"line":408,"column":9},"end":{"line":408,"column":21}},"loc":{"start":{"line":408,"column":73},"end":{"line":419,"column":null}},"line":408},"26":{"name":"formatUsd","decl":{"start":{"line":421,"column":9},"end":{"line":421,"column":19}},"loc":{"start":{"line":421,"column":42},"end":{"line":423,"column":null}},"line":421},"27":{"name":"publicTelegramErrorMessage","decl":{"start":{"line":425,"column":9},"end":{"line":425,"column":36}},"loc":{"start":{"line":425,"column":60},"end":{"line":429,"column":null}},"line":425},"28":{"name":"emptyTelegramResponse","decl":{"start":{"line":431,"column":9},"end":{"line":431,"column":31}},"loc":{"start":{"line":431,"column":53},"end":{"line":433,"column":null}},"line":431},"29":{"name":"isRecord","decl":{"start":{"line":435,"column":9},"end":{"line":435,"column":18}},"loc":{"start":{"line":435,"column":68},"end":{"line":437,"column":null}},"line":435},"30":{"name":"(anonymous_30)","decl":{"start":{"line":439,"column":12},"end":{"line":439,"column":13}},"loc":{"start":{"line":439,"column":26},"end":{"line":474,"column":1}},"line":439},"31":{"name":"parseInputUrl","decl":{"start":{"line":476,"column":9},"end":{"line":476,"column":23}},"loc":{"start":{"line":476,"column":46},"end":{"line":488,"column":null}},"line":476},"32":{"name":"getLocalizationCoverUrl","decl":{"start":{"line":490,"column":9},"end":{"line":490,"column":33}},"loc":{"start":{"line":490,"column":64},"end":{"line":497,"column":null}},"line":490},"33":{"name":"isEpisodeId","decl":{"start":{"line":499,"column":9},"end":{"line":499,"column":21}},"loc":{"start":{"line":499,"column":45},"end":{"line":503,"column":null}},"line":499},"34":{"name":"extractIosAppId","decl":{"start":{"line":505,"column":9},"end":{"line":505,"column":25}},"loc":{"start":{"line":505,"column":54},"end":{"line":514,"column":null}},"line":505},"35":{"name":"parsePrimaryLanguageCode","decl":{"start":{"line":516,"column":9},"end":{"line":516,"column":null}},"loc":{"start":{"line":518,"column":33},"end":{"line":539,"column":null}},"line":518},"36":{"name":"requireAdminAuthorization","decl":{"start":{"line":541,"column":9},"end":{"line":541,"column":35}},"loc":{"start":{"line":541,"column":76},"end":{"line":553,"column":null}},"line":541},"37":{"name":"parseBearerToken","decl":{"start":{"line":555,"column":9},"end":{"line":555,"column":26}},"loc":{"start":{"line":555,"column":76},"end":{"line":563,"column":null}},"line":555},"38":{"name":"safeTokenEqual","decl":{"start":{"line":565,"column":9},"end":{"line":565,"column":24}},"loc":{"start":{"line":565,"column":67},"end":{"line":573,"column":null}},"line":565},"39":{"name":"(anonymous_39)","decl":{"start":{"line":582,"column":2},"end":{"line":582,"column":3}},"loc":{"start":{"line":582,"column":12},"end":{"line":584,"column":null}},"line":582}},"branchMap":{"0":{"loc":{"start":{"line":104,"column":2},"end":{"line":106,"column":null}},"type":"if","locations":[{"start":{"line":104,"column":2},"end":{"line":106,"column":null}},{"start":{},"end":{}}],"line":104},"1":{"loc":{"start":{"line":109,"column":4},"end":{"line":109,"column":null}},"type":"binary-expr","locations":[{"start":{"line":109,"column":4},"end":{"line":109,"column":27}},{"start":{"line":109,"column":27},"end":{"line":109,"column":null}}],"line":109},"2":{"loc":{"start":{"line":116,"column":2},"end":{"line":118,"column":null}},"type":"if","locations":[{"start":{"line":116,"column":2},"end":{"line":118,"column":null}},{"start":{},"end":{}}],"line":116},"3":{"loc":{"start":{"line":124,"column":19},"end":{"line":124,"column":null}},"type":"binary-expr","locations":[{"start":{"line":124,"column":19},"end":{"line":124,"column":44}},{"start":{"line":124,"column":44},"end":{"line":124,"column":67}},{"start":{"line":124,"column":67},"end":{"line":124,"column":null}}],"line":124},"4":{"loc":{"start":{"line":143,"column":4},"end":{"line":143,"column":null}},"type":"cond-expr","locations":[{"start":{"line":143,"column":56},"end":{"line":143,"column":77}},{"start":{"line":143,"column":77},"end":{"line":143,"column":null}}],"line":143},"5":{"loc":{"start":{"line":143,"column":4},"end":{"line":143,"column":56}},"type":"binary-expr","locations":[{"start":{"line":143,"column":4},"end":{"line":143,"column":22}},{"start":{"line":143,"column":22},"end":{"line":143,"column":56}}],"line":143},"6":{"loc":{"start":{"line":146,"column":4},"end":{"line":148,"column":null}},"type":"cond-expr","locations":[{"start":{"line":147,"column":8},"end":{"line":147,"column":null}},{"start":{"line":148,"column":8},"end":{"line":148,"column":null}}],"line":146},"7":{"loc":{"start":{"line":146,"column":4},"end":{"line":146,"column":null}},"type":"binary-expr","locations":[{"start":{"line":146,"column":4},"end":{"line":146,"column":22}},{"start":{"line":146,"column":22},"end":{"line":146,"column":null}}],"line":146},"8":{"loc":{"start":{"line":165,"column":2},"end":{"line":167,"column":null}},"type":"if","locations":[{"start":{"line":165,"column":2},"end":{"line":167,"column":null}},{"start":{},"end":{}}],"line":165},"9":{"loc":{"start":{"line":171,"column":2},"end":{"line":173,"column":null}},"type":"if","locations":[{"start":{"line":171,"column":2},"end":{"line":173,"column":null}},{"start":{},"end":{}}],"line":171},"10":{"loc":{"start":{"line":175,"column":2},"end":{"line":177,"column":null}},"type":"if","locations":[{"start":{"line":175,"column":2},"end":{"line":177,"column":null}},{"start":{},"end":{}}],"line":175},"11":{"loc":{"start":{"line":180,"column":2},"end":{"line":182,"column":null}},"type":"if","locations":[{"start":{"line":180,"column":2},"end":{"line":182,"column":null}},{"start":{},"end":{}}],"line":180},"12":{"loc":{"start":{"line":180,"column":6},"end":{"line":180,"column":64}},"type":"binary-expr","locations":[{"start":{"line":180,"column":6},"end":{"line":180,"column":36}},{"start":{"line":180,"column":36},"end":{"line":180,"column":64}}],"line":180},"13":{"loc":{"start":{"line":184,"column":15},"end":{"line":184,"column":null}},"type":"cond-expr","locations":[{"start":{"line":184,"column":50},"end":{"line":184,"column":72}},{"start":{"line":184,"column":72},"end":{"line":184,"column":null}}],"line":184},"14":{"loc":{"start":{"line":185,"column":2},"end":{"line":188,"column":null}},"type":"if","locations":[{"start":{"line":185,"column":2},"end":{"line":188,"column":null}},{"start":{},"end":{}}],"line":185},"15":{"loc":{"start":{"line":191,"column":2},"end":{"line":194,"column":null}},"type":"if","locations":[{"start":{"line":191,"column":2},"end":{"line":194,"column":null}},{"start":{},"end":{}}],"line":191},"16":{"loc":{"start":{"line":213,"column":16},"end":{"line":213,"column":null}},"type":"cond-expr","locations":[{"start":{"line":213,"column":41},"end":{"line":213,"column":57}},{"start":{"line":213,"column":57},"end":{"line":213,"column":null}}],"line":213},"17":{"loc":{"start":{"line":214,"column":2},"end":{"line":216,"column":null}},"type":"if","locations":[{"start":{"line":214,"column":2},"end":{"line":216,"column":null}},{"start":{},"end":{}}],"line":214},"18":{"loc":{"start":{"line":214,"column":6},"end":{"line":214,"column":44}},"type":"binary-expr","locations":[{"start":{"line":214,"column":6},"end":{"line":214,"column":33}},{"start":{"line":214,"column":33},"end":{"line":214,"column":44}}],"line":214},"19":{"loc":{"start":{"line":219,"column":2},"end":{"line":225,"column":null}},"type":"if","locations":[{"start":{"line":219,"column":2},"end":{"line":225,"column":null}},{"start":{},"end":{}}],"line":219},"20":{"loc":{"start":{"line":238,"column":8},"end":{"line":239,"column":null}},"type":"binary-expr","locations":[{"start":{"line":238,"column":8},"end":{"line":238,"column":null}},{"start":{"line":239,"column":9},"end":{"line":239,"column":null}}],"line":238},"21":{"loc":{"start":{"line":250,"column":2},"end":{"line":252,"column":null}},"type":"if","locations":[{"start":{"line":250,"column":2},"end":{"line":252,"column":null}},{"start":{},"end":{}}],"line":250},"22":{"loc":{"start":{"line":258,"column":2},"end":{"line":260,"column":null}},"type":"if","locations":[{"start":{"line":258,"column":2},"end":{"line":260,"column":null}},{"start":{},"end":{}}],"line":258},"23":{"loc":{"start":{"line":281,"column":2},"end":{"line":283,"column":null}},"type":"if","locations":[{"start":{"line":281,"column":2},"end":{"line":283,"column":null}},{"start":{},"end":{}}],"line":281},"24":{"loc":{"start":{"line":285,"column":18},"end":{"line":285,"column":null}},"type":"binary-expr","locations":[{"start":{"line":285,"column":18},"end":{"line":285,"column":39}},{"start":{"line":285,"column":39},"end":{"line":285,"column":null}}],"line":285},"25":{"loc":{"start":{"line":286,"column":2},"end":{"line":288,"column":null}},"type":"if","locations":[{"start":{"line":286,"column":2},"end":{"line":288,"column":null}},{"start":{},"end":{}}],"line":286},"26":{"loc":{"start":{"line":292,"column":10},"end":{"line":292,"column":null}},"type":"cond-expr","locations":[{"start":{"line":292,"column":38},"end":{"line":292,"column":70}},{"start":{"line":292,"column":70},"end":{"line":292,"column":null}}],"line":292},"27":{"loc":{"start":{"line":293,"column":10},"end":{"line":293,"column":null}},"type":"cond-expr","locations":[{"start":{"line":293,"column":38},"end":{"line":293,"column":70}},{"start":{"line":293,"column":70},"end":{"line":293,"column":null}}],"line":293},"28":{"loc":{"start":{"line":300,"column":4},"end":{"line":303,"column":null}},"type":"binary-expr","locations":[{"start":{"line":300,"column":4},"end":{"line":300,"column":null}},{"start":{"line":301,"column":4},"end":{"line":301,"column":null}},{"start":{"line":302,"column":4},"end":{"line":302,"column":null}},{"start":{"line":303,"column":4},"end":{"line":303,"column":null}}],"line":300},"29":{"loc":{"start":{"line":312,"column":2},"end":{"line":315,"column":null}},"type":"if","locations":[{"start":{"line":312,"column":2},"end":{"line":315,"column":null}},{"start":{},"end":{}}],"line":312},"30":{"loc":{"start":{"line":375,"column":16},"end":{"line":375,"column":null}},"type":"cond-expr","locations":[{"start":{"line":375,"column":41},"end":{"line":375,"column":49}},{"start":{"line":375,"column":49},"end":{"line":375,"column":null}}],"line":375},"31":{"loc":{"start":{"line":383,"column":17},"end":{"line":383,"column":null}},"type":"cond-expr","locations":[{"start":{"line":383,"column":45},"end":{"line":383,"column":55}},{"start":{"line":383,"column":55},"end":{"line":383,"column":null}}],"line":383},"32":{"loc":{"start":{"line":385,"column":2},"end":{"line":387,"column":null}},"type":"if","locations":[{"start":{"line":385,"column":2},"end":{"line":387,"column":null}},{"start":{},"end":{}}],"line":385},"33":{"loc":{"start":{"line":392,"column":2},"end":{"line":396,"column":null}},"type":"if","locations":[{"start":{"line":392,"column":2},"end":{"line":396,"column":null}},{"start":{},"end":{}}],"line":392},"34":{"loc":{"start":{"line":392,"column":6},"end":{"line":392,"column":63}},"type":"binary-expr","locations":[{"start":{"line":392,"column":6},"end":{"line":392,"column":41}},{"start":{"line":392,"column":41},"end":{"line":392,"column":63}}],"line":392},"35":{"loc":{"start":{"line":402,"column":16},"end":{"line":402,"column":null}},"type":"cond-expr","locations":[{"start":{"line":402,"column":29},"end":{"line":402,"column":62}},{"start":{"line":402,"column":62},"end":{"line":402,"column":null}}],"line":402},"36":{"loc":{"start":{"line":410,"column":2},"end":{"line":414,"column":null}},"type":"if","locations":[{"start":{"line":410,"column":2},"end":{"line":414,"column":null}},{"start":{"line":412,"column":2},"end":{"line":414,"column":null}}],"line":410},"37":{"loc":{"start":{"line":412,"column":2},"end":{"line":414,"column":null}},"type":"if","locations":[{"start":{"line":412,"column":2},"end":{"line":414,"column":null}},{"start":{},"end":{}}],"line":412},"38":{"loc":{"start":{"line":426,"column":18},"end":{"line":426,"column":null}},"type":"cond-expr","locations":[{"start":{"line":426,"column":43},"end":{"line":426,"column":59}},{"start":{"line":426,"column":59},"end":{"line":426,"column":null}}],"line":426},"39":{"loc":{"start":{"line":427,"column":20},"end":{"line":427,"column":null}},"type":"binary-expr","locations":[{"start":{"line":427,"column":20},"end":{"line":427,"column":60}},{"start":{"line":427,"column":60},"end":{"line":427,"column":null}}],"line":427},"40":{"loc":{"start":{"line":428,"column":9},"end":{"line":428,"column":null}},"type":"cond-expr","locations":[{"start":{"line":428,"column":34},"end":{"line":428,"column":68}},{"start":{"line":428,"column":68},"end":{"line":428,"column":null}}],"line":428},"41":{"loc":{"start":{"line":436,"column":9},"end":{"line":436,"column":null}},"type":"binary-expr","locations":[{"start":{"line":436,"column":9},"end":{"line":436,"column":38}},{"start":{"line":436,"column":38},"end":{"line":436,"column":null}}],"line":436},"42":{"loc":{"start":{"line":440,"column":2},"end":{"line":442,"column":null}},"type":"if","locations":[{"start":{"line":440,"column":2},"end":{"line":442,"column":null}},{"start":{},"end":{}}],"line":440},"43":{"loc":{"start":{"line":457,"column":10},"end":{"line":470,"column":null}},"type":"binary-expr","locations":[{"start":{"line":457,"column":10},"end":{"line":457,"column":19}},{"start":{"line":457,"column":19},"end":{"line":470,"column":null}}],"line":457},"44":{"loc":{"start":{"line":463,"column":10},"end":{"line":469,"column":null}},"type":"cond-expr","locations":[{"start":{"line":464,"column":14},"end":{"line":468,"column":null}},{"start":{"line":469,"column":14},"end":{"line":469,"column":null}}],"line":463},"45":{"loc":{"start":{"line":480,"column":4},"end":{"line":482,"column":null}},"type":"if","locations":[{"start":{"line":480,"column":4},"end":{"line":482,"column":null}},{"start":{},"end":{}}],"line":480},"46":{"loc":{"start":{"line":480,"column":8},"end":{"line":480,"column":63}},"type":"binary-expr","locations":[{"start":{"line":480,"column":8},"end":{"line":480,"column":36}},{"start":{"line":480,"column":36},"end":{"line":480,"column":63}}],"line":480},"47":{"loc":{"start":{"line":491,"column":2},"end":{"line":493,"column":null}},"type":"if","locations":[{"start":{"line":491,"column":2},"end":{"line":493,"column":null}},{"start":{},"end":{}}],"line":491},"48":{"loc":{"start":{"line":495,"column":19},"end":{"line":495,"column":null}},"type":"binary-expr","locations":[{"start":{"line":495,"column":19},"end":{"line":495,"column":48}},{"start":{"line":495,"column":48},"end":{"line":495,"column":null}}],"line":495},"49":{"loc":{"start":{"line":496,"column":9},"end":{"line":496,"column":null}},"type":"cond-expr","locations":[{"start":{"line":496,"column":40},"end":{"line":496,"column":51}},{"start":{"line":496,"column":51},"end":{"line":496,"column":null}}],"line":496},"50":{"loc":{"start":{"line":507,"column":2},"end":{"line":511,"column":null}},"type":"if","locations":[{"start":{"line":507,"column":2},"end":{"line":511,"column":null}},{"start":{},"end":{}}],"line":507},"51":{"loc":{"start":{"line":520,"column":4},"end":{"line":522,"column":null}},"type":"cond-expr","locations":[{"start":{"line":521,"column":8},"end":{"line":521,"column":null}},{"start":{"line":522,"column":8},"end":{"line":522,"column":null}}],"line":520},"52":{"loc":{"start":{"line":520,"column":4},"end":{"line":520,"column":null}},"type":"binary-expr","locations":[{"start":{"line":520,"column":4},"end":{"line":520,"column":33}},{"start":{"line":520,"column":33},"end":{"line":520,"column":null}}],"line":520},"53":{"loc":{"start":{"line":524,"column":4},"end":{"line":526,"column":null}},"type":"binary-expr","locations":[{"start":{"line":524,"column":4},"end":{"line":526,"column":9}},{"start":{"line":526,"column":9},"end":{"line":526,"column":null}}],"line":524},"54":{"loc":{"start":{"line":528,"column":2},"end":{"line":536,"column":null}},"type":"if","locations":[{"start":{"line":528,"column":2},"end":{"line":536,"column":null}},{"start":{},"end":{}}],"line":528},"55":{"loc":{"start":{"line":543,"column":2},"end":{"line":547,"column":null}},"type":"if","locations":[{"start":{"line":543,"column":2},"end":{"line":547,"column":null}},{"start":{},"end":{}}],"line":543},"56":{"loc":{"start":{"line":550,"column":2},"end":{"line":552,"column":null}},"type":"if","locations":[{"start":{"line":550,"column":2},"end":{"line":552,"column":null}},{"start":{},"end":{}}],"line":550},"57":{"loc":{"start":{"line":550,"column":6},"end":{"line":550,"column":67}},"type":"binary-expr","locations":[{"start":{"line":550,"column":6},"end":{"line":550,"column":22}},{"start":{"line":550,"column":22},"end":{"line":550,"column":67}}],"line":550},"58":{"loc":{"start":{"line":556,"column":2},"end":{"line":556,"column":null}},"type":"if","locations":[{"start":{"line":556,"column":2},"end":{"line":556,"column":null}},{"start":{},"end":{}}],"line":556},"59":{"loc":{"start":{"line":559,"column":2},"end":{"line":559,"column":null}},"type":"if","locations":[{"start":{"line":559,"column":2},"end":{"line":559,"column":null}},{"start":{},"end":{}}],"line":559},"60":{"loc":{"start":{"line":562,"column":9},"end":{"line":562,"column":null}},"type":"cond-expr","locations":[{"start":{"line":562,"column":28},"end":{"line":562,"column":36}},{"start":{"line":562,"column":36},"end":{"line":562,"column":null}}],"line":562},"61":{"loc":{"start":{"line":570,"column":4},"end":{"line":571,"column":null}},"type":"binary-expr","locations":[{"start":{"line":570,"column":4},"end":{"line":570,"column":null}},{"start":{"line":570,"column":43},"end":{"line":571,"column":null}}],"line":570}},"s":{"0":2,"1":2,"2":2,"3":2,"4":2,"5":2,"6":2,"7":2,"8":2,"9":2,"10":2,"11":2,"12":2,"13":2,"14":2,"15":2,"16":2,"17":2,"18":2,"19":2,"20":2,"21":2,"22":1,"23":2,"24":7,"25":7,"26":1,"27":6,"28":7,"29":6,"30":1,"31":5,"32":7,"33":2,"34":14,"35":14,"36":1,"37":8,"38":14,"39":14,"40":14,"41":14,"42":5,"43":5,"44":2,"45":22,"46":22,"47":22,"48":2,"49":20,"50":1,"51":20,"52":20,"53":2,"54":18,"55":2,"56":16,"57":22,"58":1,"59":15,"60":22,"61":5,"62":5,"63":10,"64":10,"65":1,"66":1,"67":9,"68":9,"69":1,"70":1,"71":8,"72":8,"73":2,"74":7,"75":7,"76":7,"77":7,"78":7,"79":1,"80":5,"81":5,"82":1,"83":1,"84":1,"85":4,"86":2,"87":2,"88":2,"89":2,"90":2,"91":2,"92":3,"93":3,"94":3,"95":1,"96":2,"97":2,"98":1,"99":1,"100":1,"101":20,"102":1,"103":19,"104":20,"105":1,"106":18,"107":15,"108":15,"109":8,"110":1,"111":1,"112":7,"113":7,"114":7,"115":7,"116":7,"117":7,"118":7,"119":7,"120":7,"121":7,"122":7,"123":7,"124":7,"125":7,"126":6,"127":1,"128":8,"129":8,"130":22,"131":22,"132":2,"133":2,"134":6,"135":6,"136":6,"137":6,"138":6,"139":6,"140":5,"141":5,"142":5,"143":6,"144":11,"145":11,"146":3,"147":3,"148":1,"149":2,"150":2,"151":3,"152":19,"153":1,"154":1,"155":1,"156":22,"157":94,"158":2,"159":16,"160":14,"161":2,"162":2,"163":2,"164":2,"165":17,"166":17,"167":17,"168":1,"169":14,"170":3,"171":5,"172":1,"173":4,"174":5,"175":7,"176":2,"177":2,"178":2,"179":22,"180":22,"181":22,"182":2,"183":20,"184":14,"185":14,"186":1,"187":13,"188":13,"189":5,"190":13,"191":1,"192":12,"193":12,"194":1,"195":11,"196":11,"197":10,"198":10,"199":10,"200":2,"201":2,"202":1},"f":{"0":2,"1":2,"2":1,"3":7,"4":14,"5":1,"6":22,"7":1,"8":7,"9":2,"10":2,"11":3,"12":20,"13":15,"14":8,"15":7,"16":7,"17":7,"18":7,"19":7,"20":8,"21":8,"22":22,"23":6,"24":11,"25":3,"26":19,"27":1,"28":22,"29":94,"30":16,"31":17,"32":5,"33":7,"34":2,"35":22,"36":14,"37":13,"38":10,"39":1},"b":{"0":[1,6],"1":[6,6],"2":[1,5],"3":[5,0,0],"4":[7,1],"5":[8,7],"6":[0,6],"7":[14,6],"8":[2,20],"9":[2,18],"10":[2,16],"11":[1,21],"12":[22,1],"13":[15,0],"14":[5,17],"15":[1,9],"16":[4,2],"17":[1,6],"18":[7,5],"19":[1,4],"20":[2,1],"21":[1,2],"22":[1,1],"23":[1,19],"24":[19,1],"25":[1,19],"26":[18,0],"27":[18,0],"28":[15,14,12,11],"29":[1,7],"30":[2,0],"31":[5,1],"32":[6,0],"33":[5,1],"34":[6,5],"35":[3,8],"36":[1,2],"37":[2,0],"38":[1,0],"39":[1,0],"40":[0,1],"41":[94,92],"42":[14,2],"43":[2,1],"44":[1,0],"45":[1,16],"46":[17,15],"47":[1,4],"48":[4,3],"49":[1,3],"50":[0,2],"51":[5,17],"52":[22,5],"53":[22,21],"54":[2,20],"55":[1,13],"56":[5,8],"57":[13,10],"58":[1,12],"59":[1,11],"60":[10,1],"61":[10,9]},"meta":{"lastBranch":62,"lastFunction":40,"lastStatement":203,"seen":{"s:6:16:6:Infinity":0,"s:7:0:7:Infinity":1,"s:60:12:60:Infinity":2,"s:61:32:61:Infinity":3,"s:63:2:63:Infinity":4,"s:64:29:64:Infinity":5,"s:65:31:65:Infinity":6,"s:66:28:66:Infinity":7,"s:68:2:68:Infinity":8,"s:69:19:69:Infinity":9,"s:70:26:70:Infinity":10,"s:71:23:71:Infinity":11,"s:72:26:72:Infinity":12,"s:74:21:74:Infinity":13,"s:75:35:88:Infinity":14,"s:90:0:90:Infinity":15,"f:92:9:92:24":0,"s:93:2:93:Infinity":16,"s:96:0:96:Infinity":17,"s:97:0:97:Infinity":18,"s:98:0:100:Infinity":19,"f:98:51:98:52":1,"s:99:2:99:Infinity":20,"s:101:0:101:Infinity":21,"f:101:40:101:41":2,"s:101:47:101:57":22,"s:102:0:136:Infinity":23,"f:102:18:102:25":3,"s:103:13:103:Infinity":24,"b:104:2:106:Infinity:undefined:undefined:undefined:undefined":0,"s:104:2:106:Infinity":25,"s:105:4:105:Infinity":26,"s:108:23:110:Infinity":27,"b:109:4:109:27:109:27:109:Infinity":1,"s:111:23:114:Infinity":28,"b:116:2:118:Infinity:undefined:undefined:undefined:undefined":2,"s:116:2:118:Infinity":29,"s:117:4:117:Infinity":30,"s:120:8:133:Infinity":31,"b:124:19:124:44:124:44:124:67:124:67:124:Infinity":3,"s:135:2:135:Infinity":32,"s:138:0:160:Infinity":33,"f:138:20:138:27":4,"s:139:2:139:Infinity":34,"s:141:16:141:Infinity":35,"f:141:41:141:53":5,"s:141:53:141:57":36,"s:143:4:143:Infinity":37,"b:143:56:143:77:143:77:143:Infinity":4,"b:143:4:143:22:143:22:143:56":5,"s:144:14:144:Infinity":38,"s:145:23:149:Infinity":39,"b:147:8:147:Infinity:148:8:148:Infinity":6,"b:146:4:146:22:146:22:146:Infinity":7,"s:151:2:151:Infinity":40,"s:153:17:153:Infinity":41,"s:155:2:157:Infinity":42,"s:159:2:159:Infinity":43,"s:162:0:206:Infinity":44,"f:162:30:162:37":6,"s:163:8:163:Infinity":45,"s:164:23:164:Infinity":46,"b:165:2:167:Infinity:undefined:undefined:undefined:undefined":8,"s:165:2:167:Infinity":47,"s:166:4:166:Infinity":48,"s:169:17:169:Infinity":49,"f:169:42:169:48":7,"s:169:48:169:52":50,"s:170:18:170:Infinity":51,"b:171:2:173:Infinity:undefined:undefined:undefined:undefined":9,"s:171:2:173:Infinity":52,"s:172:4:172:Infinity":53,"b:175:2:177:Infinity:undefined:undefined:undefined:undefined":10,"s:175:2:177:Infinity":54,"s:176:4:176:Infinity":55,"s:179:17:179:Infinity":56,"b:180:2:182:Infinity:undefined:undefined:undefined:undefined":11,"s:180:2:182:Infinity":57,"b:180:6:180:36:180:36:180:64":12,"s:181:4:181:Infinity":58,"s:184:15:184:Infinity":59,"b:184:50:184:72:184:72:184:Infinity":13,"b:185:2:188:Infinity:undefined:undefined:undefined:undefined":14,"s:185:2:188:Infinity":60,"s:186:4:186:Infinity":61,"s:187:4:187:Infinity":62,"s:190:8:190:Infinity":63,"b:191:2:194:Infinity:undefined:undefined:undefined:undefined":15,"s:191:2:194:Infinity":64,"s:192:4:192:Infinity":65,"s:193:4:193:Infinity":66,"s:197:2:202:Infinity":67,"s:198:4:198:Infinity":68,"s:200:4:200:Infinity":69,"s:201:4:201:Infinity":70,"s:204:2:204:Infinity":71,"s:205:2:205:Infinity":72,"s:208:0:244:Infinity":73,"f:208:21:208:28":8,"s:209:19:209:Infinity":74,"s:210:20:210:Infinity":75,"s:211:23:211:Infinity":76,"s:213:16:213:Infinity":77,"b:213:41:213:57:213:57:213:Infinity":16,"b:214:2:216:Infinity:undefined:undefined:undefined:undefined":17,"s:214:2:216:Infinity":78,"b:214:6:214:33:214:33:214:44":18,"s:215:4:215:Infinity":79,"s:218:30:218:Infinity":80,"b:219:2:225:Infinity:undefined:undefined:undefined:undefined":19,"s:219:2:225:Infinity":81,"s:220:4:224:Infinity":82,"s:221:6:221:Infinity":83,"s:223:6:223:Infinity":84,"s:227:31:231:Infinity":85,"s:232:23:234:Infinity":86,"f:233:13:233:14":9,"s:233:22:233:41":87,"s:235:2:243:Infinity":88,"f:236:20:236:21":10,"s:238:8:239:Infinity":89,"b:238:8:238:Infinity:239:9:239:Infinity":20,"s:240:6:240:Infinity":90,"s:246:0:268:Infinity":91,"f:246:35:246:42":11,"s:247:23:247:Infinity":92,"s:248:18:248:Infinity":93,"b:250:2:252:Infinity:undefined:undefined:undefined:undefined":21,"s:250:2:252:Infinity":94,"s:251:4:251:Infinity":95,"s:254:23:257:Infinity":96,"b:258:2:260:Infinity:undefined:undefined:undefined:undefined":22,"s:258:2:260:Infinity":97,"s:259:4:259:Infinity":98,"s:262:21:264:Infinity":99,"s:265:2:267:Infinity":100,"f:280:9:280:28":12,"b:281:2:283:Infinity:undefined:undefined:undefined:undefined":23,"s:281:2:283:Infinity":101,"s:282:4:282:Infinity":102,"s:285:18:285:Infinity":103,"b:285:18:285:39:285:39:285:Infinity":24,"b:286:2:288:Infinity:undefined:undefined:undefined:undefined":25,"s:286:2:288:Infinity":104,"s:287:4:287:Infinity":105,"s:290:2:294:Infinity":106,"b:292:38:292:70:292:70:292:Infinity":26,"b:293:38:293:70:293:70:293:Infinity":27,"f:297:9:297:31":13,"s:298:18:298:Infinity":107,"s:299:2:303:Infinity":108,"b:300:4:300:Infinity:301:4:301:Infinity:302:4:302:Infinity:303:4:303:Infinity":28,"f:307:9:307:Infinity":14,"b:312:2:315:Infinity:undefined:undefined:undefined:undefined":29,"s:312:2:315:Infinity":109,"s:313:4:313:Infinity":110,"s:314:4:314:Infinity":111,"s:317:14:327:Infinity":112,"f:317:32:317:33":15,"s:318:4:326:Infinity":113,"f:318:21:318:27":16,"s:319:6:325:Infinity":114,"f:319:12:319:24":17,"s:320:8:324:Infinity":115,"s:321:10:321:Infinity":116,"s:323:10:323:Infinity":117,"s:329:2:329:Infinity":118,"s:330:2:330:Infinity":119,"f:333:15:333:Infinity":18,"s:337:2:341:Infinity":120,"s:338:4:338:Infinity":121,"s:340:4:340:Infinity":122,"f:344:15:344:Infinity":19,"s:349:2:349:Infinity":123,"s:351:2:359:Infinity":124,"s:352:19:352:Infinity":125,"s:353:4:353:Infinity":126,"s:355:4:358:Infinity":127,"f:362:9:362:33":20,"s:363:2:365:Infinity":128,"f:363:19:363:25":21,"s:364:4:364:Infinity":129,"f:368:15:368:Infinity":22,"s:372:2:379:Infinity":130,"s:373:4:373:Infinity":131,"s:375:16:375:Infinity":132,"b:375:41:375:49:375:49:375:Infinity":30,"s:376:4:378:Infinity":133,"f:382:9:382:36":23,"s:383:17:383:Infinity":134,"b:383:45:383:55:383:55:383:Infinity":31,"s:384:16:384:Infinity":135,"b:385:2:387:Infinity:undefined:undefined:undefined:undefined":32,"s:385:2:387:Infinity":136,"s:386:4:386:Infinity":137,"s:389:8:391:Infinity":138,"b:392:2:396:Infinity:undefined:undefined:undefined:undefined":33,"s:392:2:396:Infinity":139,"b:392:6:392:41:392:41:392:63":34,"s:393:4:393:Infinity":140,"s:394:4:394:Infinity":141,"s:395:4:395:Infinity":142,"s:398:2:398:Infinity":143,"f:401:9:401:24":24,"s:402:16:402:Infinity":144,"b:402:29:402:62:402:62:402:Infinity":35,"s:403:2:405:Infinity":145,"f:408:9:408:21":25,"s:409:18:409:Infinity":146,"b:410:2:414:Infinity:412:2:414:Infinity":36,"s:410:2:414:Infinity":147,"s:411:4:411:Infinity":148,"b:412:2:414:Infinity:undefined:undefined:undefined:undefined":37,"s:412:2:414:Infinity":149,"s:413:4:413:Infinity":150,"s:416:2:418:Infinity":151,"f:421:9:421:19":26,"s:422:2:422:Infinity":152,"f:425:9:425:36":27,"s:426:18:426:Infinity":153,"b:426:43:426:59:426:59:426:Infinity":38,"s:427:20:427:Infinity":154,"b:427:20:427:60:427:60:427:Infinity":39,"s:428:2:428:Infinity":155,"b:428:34:428:68:428:68:428:Infinity":40,"f:431:9:431:31":28,"s:432:2:432:Infinity":156,"f:435:9:435:18":29,"s:436:2:436:Infinity":157,"b:436:9:436:38:436:38:436:Infinity":41,"s:439:0:474:Infinity":158,"f:439:12:439:13":30,"b:440:2:442:Infinity:undefined:undefined:undefined:undefined":42,"s:440:2:442:Infinity":159,"s:441:4:441:Infinity":160,"s:444:14:444:Infinity":161,"s:445:2:451:Infinity":162,"s:453:16:453:Infinity":163,"s:454:2:473:Infinity":164,"b:457:10:457:19:457:19:470:Infinity":43,"b:464:14:468:Infinity:469:14:469:Infinity":44,"f:476:9:476:23":31,"s:477:2:487:Infinity":165,"s:478:16:478:Infinity":166,"b:480:4:482:Infinity:undefined:undefined:undefined:undefined":45,"s:480:4:482:Infinity":167,"b:480:8:480:36:480:36:480:63":46,"s:481:6:481:Infinity":168,"s:484:4:484:Infinity":169,"s:486:4:486:Infinity":170,"f:490:9:490:33":32,"b:491:2:493:Infinity:undefined:undefined:undefined:undefined":47,"s:491:2:493:Infinity":171,"s:492:4:492:Infinity":172,"s:495:19:495:Infinity":173,"b:495:19:495:48:495:48:495:Infinity":48,"s:496:2:496:Infinity":174,"b:496:40:496:51:496:51:496:Infinity":49,"f:499:9:499:21":33,"s:500:2:502:Infinity":175,"f:505:9:505:25":34,"s:506:16:506:Infinity":176,"b:507:2:511:Infinity:undefined:undefined:undefined:undefined":50,"s:507:2:511:Infinity":177,"s:513:2:513:Infinity":178,"f:516:9:516:Infinity":35,"s:520:4:522:Infinity":179,"b:521:8:521:Infinity:522:8:522:Infinity":51,"b:520:4:520:33:520:33:520:Infinity":52,"s:524:4:526:Infinity":180,"b:524:4:526:9:526:9:526:Infinity":53,"b:528:2:536:Infinity:undefined:undefined:undefined:undefined":54,"s:528:2:536:Infinity":181,"s:533:4:535:Infinity":182,"s:538:2:538:Infinity":183,"f:541:9:541:35":36,"s:542:24:542:Infinity":184,"b:543:2:547:Infinity:undefined:undefined:undefined:undefined":55,"s:543:2:547:Infinity":185,"s:544:4:546:Infinity":186,"s:549:22:549:Infinity":187,"b:550:2:552:Infinity:undefined:undefined:undefined:undefined":56,"s:550:2:552:Infinity":188,"b:550:6:550:22:550:22:550:67":57,"s:551:4:551:Infinity":189,"f:555:9:555:26":37,"b:556:2:556:Infinity:undefined:undefined:undefined:undefined":58,"s:556:2:556:Infinity":190,"s:556:22:556:Infinity":191,"s:558:34:558:Infinity":192,"b:559:2:559:Infinity:undefined:undefined:undefined:undefined":59,"s:559:2:559:Infinity":193,"s:559:42:559:Infinity":194,"s:561:16:561:Infinity":195,"s:562:2:562:Infinity":196,"b:562:28:562:36:562:36:562:Infinity":60,"f:565:9:565:24":38,"s:566:23:566:Infinity":197,"s:567:25:567:Infinity":198,"s:569:2:571:Infinity":199,"b:570:4:570:Infinity:570:43:571:Infinity":61,"s:575:6:575:Infinity":200,"s:577:0:585:Infinity":201,"f:582:2:582:3":39,"s:583:4:583:Infinity":202}}}
,"/Users/chouyasushi/htdocs/zapPilot/zapEngine/apps/podcast-pipeline/src/lib/env.ts": {"path":"/Users/chouyasushi/htdocs/zapPilot/zapEngine/apps/podcast-pipeline/src/lib/env.ts","statementMap":{"0":{"start":{"line":2,"column":16},"end":{"line":2,"column":null}},"1":{"start":{"line":4,"column":2},"end":{"line":6,"column":null}},"2":{"start":{"line":5,"column":4},"end":{"line":5,"column":null}},"3":{"start":{"line":8,"column":2},"end":{"line":8,"column":null}},"4":{"start":{"line":12,"column":18},"end":{"line":12,"column":null}},"5":{"start":{"line":13,"column":15},"end":{"line":13,"column":null}},"6":{"start":{"line":15,"column":2},"end":{"line":17,"column":null}},"7":{"start":{"line":16,"column":4},"end":{"line":16,"column":null}},"8":{"start":{"line":19,"column":2},"end":{"line":19,"column":null}},"9":{"start":{"line":23,"column":2},"end":{"line":23,"column":null}},"10":{"start":{"line":27,"column":2},"end":{"line":27,"column":null}},"11":{"start":{"line":31,"column":14},"end":{"line":31,"column":null}},"12":{"start":{"line":32,"column":2},"end":{"line":37,"column":null}},"13":{"start":{"line":35,"column":22},"end":{"line":35,"column":34}},"14":{"start":{"line":41,"column":12},"end":{"line":41,"column":null}},"15":{"start":{"line":42,"column":2},"end":{"line":44,"column":null}},"16":{"start":{"line":43,"column":4},"end":{"line":43,"column":null}},"17":{"start":{"line":45,"column":2},"end":{"line":45,"column":null}}},"fnMap":{"0":{"name":"getRequiredEnv","decl":{"start":{"line":1,"column":16},"end":{"line":1,"column":31}},"loc":{"start":{"line":1,"column":53},"end":{"line":9,"column":null}},"line":1},"1":{"name":"getPort","decl":{"start":{"line":11,"column":16},"end":{"line":11,"column":34}},"loc":{"start":{"line":11,"column":34},"end":{"line":20,"column":null}},"line":11},"2":{"name":"getTelegramBotToken","decl":{"start":{"line":22,"column":16},"end":{"line":22,"column":46}},"loc":{"start":{"line":22,"column":46},"end":{"line":24,"column":null}},"line":22},"3":{"name":"getTelegramWebhookSecret","decl":{"start":{"line":26,"column":16},"end":{"line":26,"column":51}},"loc":{"start":{"line":26,"column":51},"end":{"line":28,"column":null}},"line":26},"4":{"name":"getAllowedTelegramUserIds","decl":{"start":{"line":30,"column":16},"end":{"line":30,"column":57}},"loc":{"start":{"line":30,"column":57},"end":{"line":38,"column":null}},"line":30},"5":{"name":"(anonymous_5)","decl":{"start":{"line":35,"column":11},"end":{"line":35,"column":12}},"loc":{"start":{"line":35,"column":22},"end":{"line":35,"column":34}},"line":35},"6":{"name":"trimTrailingSlash","decl":{"start":{"line":40,"column":16},"end":{"line":40,"column":34}},"loc":{"start":{"line":40,"column":57},"end":{"line":46,"column":null}},"line":40}},"branchMap":{"0":{"loc":{"start":{"line":4,"column":2},"end":{"line":6,"column":null}},"type":"if","locations":[{"start":{"line":4,"column":2},"end":{"line":6,"column":null}},{"start":{},"end":{}}],"line":4},"1":{"loc":{"start":{"line":4,"column":6},"end":{"line":4,"column":43}},"type":"binary-expr","locations":[{"start":{"line":4,"column":6},"end":{"line":4,"column":16}},{"start":{"line":4,"column":16},"end":{"line":4,"column":43}}],"line":4},"2":{"loc":{"start":{"line":12,"column":18},"end":{"line":12,"column":null}},"type":"binary-expr","locations":[{"start":{"line":12,"column":18},"end":{"line":12,"column":41}},{"start":{"line":12,"column":41},"end":{"line":12,"column":null}}],"line":12},"3":{"loc":{"start":{"line":15,"column":2},"end":{"line":17,"column":null}},"type":"if","locations":[{"start":{"line":15,"column":2},"end":{"line":17,"column":null}},{"start":{},"end":{}}],"line":15},"4":{"loc":{"start":{"line":15,"column":6},"end":{"line":15,"column":44}},"type":"binary-expr","locations":[{"start":{"line":15,"column":6},"end":{"line":15,"column":33}},{"start":{"line":15,"column":33},"end":{"line":15,"column":44}}],"line":15},"5":{"loc":{"start":{"line":42,"column":9},"end":{"line":42,"column":44}},"type":"binary-expr","locations":[{"start":{"line":42,"column":9},"end":{"line":42,"column":20}},{"start":{"line":42,"column":20},"end":{"line":42,"column":44}}],"line":42}},"s":{"0":69,"1":69,"2":3,"3":66,"4":7,"5":7,"6":7,"7":3,"8":4,"9":23,"10":23,"11":19,"12":19,"13":20,"14":5,"15":5,"16":6,"17":5},"f":{"0":69,"1":7,"2":23,"3":23,"4":19,"5":20,"6":5},"b":{"0":[3,66],"1":[69,67],"2":[7,3],"3":[3,4],"4":[7,6],"5":[5,11]},"meta":{"lastBranch":6,"lastFunction":7,"lastStatement":18,"seen":{"f:1:16:1:31":0,"s:2:16:2:Infinity":0,"b:4:2:6:Infinity:undefined:undefined:undefined:undefined":0,"s:4:2:6:Infinity":1,"b:4:6:4:16:4:16:4:43":1,"s:5:4:5:Infinity":2,"s:8:2:8:Infinity":3,"f:11:16:11:34":1,"s:12:18:12:Infinity":4,"b:12:18:12:41:12:41:12:Infinity":2,"s:13:15:13:Infinity":5,"b:15:2:17:Infinity:undefined:undefined:undefined:undefined":3,"s:15:2:17:Infinity":6,"b:15:6:15:33:15:33:15:44":4,"s:16:4:16:Infinity":7,"s:19:2:19:Infinity":8,"f:22:16:22:46":2,"s:23:2:23:Infinity":9,"f:26:16:26:51":3,"s:27:2:27:Infinity":10,"f:30:16:30:57":4,"s:31:14:31:Infinity":11,"s:32:2:37:Infinity":12,"f:35:11:35:12":5,"s:35:22:35:34":13,"f:40:16:40:34":6,"s:41:12:41:Infinity":14,"s:42:2:44:Infinity":15,"b:42:9:42:20:42:20:42:44":5,"s:43:4:43:Infinity":16,"s:45:2:45:Infinity":17}}}
,"/Users/chouyasushi/htdocs/zapPilot/zapEngine/apps/podcast-pipeline/src/lib/ffmpeg.ts": {"path":"/Users/chouyasushi/htdocs/zapPilot/zapEngine/apps/podcast-pipeline/src/lib/ffmpeg.ts","statementMap":{"0":{"start":{"line":4,"column":0},"end":{"line":4,"column":null}}},"fnMap":{},"branchMap":{},"s":{"0":6},"f":{},"b":{},"meta":{"lastBranch":0,"lastFunction":0,"lastStatement":1,"seen":{"s:4:0:4:Infinity":0}}}
,"/Users/chouyasushi/htdocs/zapPilot/zapEngine/apps/podcast-pipeline/src/lib/languageClassroom.ts": {"path":"/Users/chouyasushi/htdocs/zapPilot/zapEngine/apps/podcast-pipeline/src/lib/languageClassroom.ts","statementMap":{"0":{"start":{"line":20,"column":2},"end":{"line":20,"column":null}},"1":{"start":{"line":20,"column":61},"end":{"line":20,"column":null}},"2":{"start":{"line":22,"column":16},"end":{"line":22,"column":null}},"3":{"start":{"line":24,"column":4},"end":{"line":25,"column":null}},"4":{"start":{"line":26,"column":8},"end":{"line":28,"column":null}},"5":{"start":{"line":29,"column":8},"end":{"line":29,"column":null}},"6":{"start":{"line":30,"column":19},"end":{"line":32,"column":null}},"7":{"start":{"line":34,"column":2},"end":{"line":34,"column":null}},"8":{"start":{"line":34,"column":63},"end":{"line":34,"column":null}},"9":{"start":{"line":35,"column":2},"end":{"line":35,"column":null}},"10":{"start":{"line":35,"column":56},"end":{"line":35,"column":null}},"11":{"start":{"line":37,"column":2},"end":{"line":42,"column":null}},"12":{"start":{"line":49,"column":2},"end":{"line":49,"column":null}},"13":{"start":{"line":49,"column":29},"end":{"line":49,"column":null}},"14":{"start":{"line":51,"column":19},"end":{"line":53,"column":null}},"15":{"start":{"line":53,"column":62},"end":{"line":53,"column":78}},"16":{"start":{"line":55,"column":2},"end":{"line":57,"column":null}},"17":{"start":{"line":63,"column":2},"end":{"line":63,"column":null}},"18":{"start":{"line":63,"column":61},"end":{"line":63,"column":null}},"19":{"start":{"line":65,"column":16},"end":{"line":65,"column":null}},"20":{"start":{"line":66,"column":8},"end":{"line":66,"column":null}},"21":{"start":{"line":67,"column":8},"end":{"line":67,"column":null}},"22":{"start":{"line":69,"column":2},"end":{"line":69,"column":null}},"23":{"start":{"line":69,"column":25},"end":{"line":69,"column":null}},"24":{"start":{"line":71,"column":2},"end":{"line":76,"column":null}}},"fnMap":{"0":{"name":"normalizeLanguageClassroomLesson","decl":{"start":{"line":16,"column":16},"end":{"line":16,"column":null}},"loc":{"start":{"line":19,"column":34},"end":{"line":43,"column":null}},"line":19},"1":{"name":"normalizeLanguageClassroomKeywords","decl":{"start":{"line":45,"column":16},"end":{"line":45,"column":null}},"loc":{"start":{"line":48,"column":30},"end":{"line":58,"column":null}},"line":48},"2":{"name":"(anonymous_2)","decl":{"start":{"line":53,"column":12},"end":{"line":53,"column":13}},"loc":{"start":{"line":53,"column":62},"end":{"line":53,"column":78}},"line":53},"3":{"name":"normalizeLanguageClassroomKeyword","decl":{"start":{"line":60,"column":16},"end":{"line":60,"column":null}},"loc":{"start":{"line":62,"column":35},"end":{"line":77,"column":null}},"line":62}},"branchMap":{"0":{"loc":{"start":{"line":18,"column":2},"end":{"line":18,"column":null}},"type":"default-arg","locations":[{"start":{"line":18,"column":36},"end":{"line":18,"column":null}}],"line":18},"1":{"loc":{"start":{"line":20,"column":2},"end":{"line":20,"column":null}},"type":"if","locations":[{"start":{"line":20,"column":2},"end":{"line":20,"column":null}},{"start":{},"end":{}}],"line":20},"2":{"loc":{"start":{"line":20,"column":6},"end":{"line":20,"column":61}},"type":"binary-expr","locations":[{"start":{"line":20,"column":6},"end":{"line":20,"column":14}},{"start":{"line":20,"column":14},"end":{"line":20,"column":41}},{"start":{"line":20,"column":41},"end":{"line":20,"column":61}}],"line":20},"3":{"loc":{"start":{"line":24,"column":4},"end":{"line":25,"column":null}},"type":"binary-expr","locations":[{"start":{"line":24,"column":4},"end":{"line":24,"column":null}},{"start":{"line":24,"column":12},"end":{"line":25,"column":null}}],"line":24},"4":{"loc":{"start":{"line":25,"column":15},"end":{"line":25,"column":75}},"type":"binary-expr","locations":[{"start":{"line":25,"column":15},"end":{"line":25,"column":46}},{"start":{"line":25,"column":46},"end":{"line":25,"column":75}}],"line":25},"5":{"loc":{"start":{"line":27,"column":4},"end":{"line":27,"column":null}},"type":"binary-expr","locations":[{"start":{"line":27,"column":4},"end":{"line":27,"column":35}},{"start":{"line":27,"column":35},"end":{"line":27,"column":null}}],"line":27},"6":{"loc":{"start":{"line":29,"column":30},"end":{"line":29,"column":69}},"type":"binary-expr","locations":[{"start":{"line":29,"column":30},"end":{"line":29,"column":51}},{"start":{"line":29,"column":51},"end":{"line":29,"column":69}}],"line":29},"7":{"loc":{"start":{"line":34,"column":2},"end":{"line":34,"column":null}},"type":"if","locations":[{"start":{"line":34,"column":2},"end":{"line":34,"column":null}},{"start":{},"end":{}}],"line":34},"8":{"loc":{"start":{"line":34,"column":6},"end":{"line":34,"column":63}},"type":"binary-expr","locations":[{"start":{"line":34,"column":6},"end":{"line":34,"column":29}},{"start":{"line":34,"column":29},"end":{"line":34,"column":52}},{"start":{"line":34,"column":52},"end":{"line":34,"column":63}}],"line":34},"9":{"loc":{"start":{"line":35,"column":2},"end":{"line":35,"column":null}},"type":"if","locations":[{"start":{"line":35,"column":2},"end":{"line":35,"column":null}},{"start":{},"end":{}}],"line":35},"10":{"loc":{"start":{"line":35,"column":6},"end":{"line":35,"column":56}},"type":"binary-expr","locations":[{"start":{"line":35,"column":6},"end":{"line":35,"column":33}},{"start":{"line":35,"column":33},"end":{"line":35,"column":56}}],"line":35},"11":{"loc":{"start":{"line":47,"column":2},"end":{"line":47,"column":null}},"type":"default-arg","locations":[{"start":{"line":47,"column":38},"end":{"line":47,"column":null}}],"line":47},"12":{"loc":{"start":{"line":49,"column":2},"end":{"line":49,"column":null}},"type":"if","locations":[{"start":{"line":49,"column":2},"end":{"line":49,"column":null}},{"start":{},"end":{}}],"line":49},"13":{"loc":{"start":{"line":55,"column":9},"end":{"line":57,"column":null}},"type":"cond-expr","locations":[{"start":{"line":56,"column":6},"end":{"line":56,"column":null}},{"start":{"line":57,"column":6},"end":{"line":57,"column":null}}],"line":55},"14":{"loc":{"start":{"line":63,"column":2},"end":{"line":63,"column":null}},"type":"if","locations":[{"start":{"line":63,"column":2},"end":{"line":63,"column":null}},{"start":{},"end":{}}],"line":63},"15":{"loc":{"start":{"line":63,"column":6},"end":{"line":63,"column":61}},"type":"binary-expr","locations":[{"start":{"line":63,"column":6},"end":{"line":63,"column":14}},{"start":{"line":63,"column":14},"end":{"line":63,"column":41}},{"start":{"line":63,"column":41},"end":{"line":63,"column":61}}],"line":63},"16":{"loc":{"start":{"line":69,"column":2},"end":{"line":69,"column":null}},"type":"if","locations":[{"start":{"line":69,"column":2},"end":{"line":69,"column":null}},{"start":{},"end":{}}],"line":69},"17":{"loc":{"start":{"line":69,"column":6},"end":{"line":69,"column":25}},"type":"binary-expr","locations":[{"start":{"line":69,"column":6},"end":{"line":69,"column":15}},{"start":{"line":69,"column":15},"end":{"line":69,"column":25}}],"line":69}},"s":{"0":14,"1":5,"2":9,"3":9,"4":14,"5":14,"6":14,"7":14,"8":1,"9":8,"10":1,"11":7,"12":18,"13":1,"14":17,"15":12,"16":17,"17":16,"18":1,"19":15,"20":15,"21":15,"22":15,"23":4,"24":11},"f":{"0":14,"1":18,"2":12,"3":16},"b":{"0":[14],"1":[5,9],"2":[14,12,10],"3":[9,4],"4":[4,2],"5":[14,1],"6":[14,1],"7":[1,13],"8":[14,8,8],"9":[1,7],"10":[8,5],"11":[18],"12":[1,17],"13":[13,4],"14":[1,15],"15":[16,15,15],"16":[4,11],"17":[15,12]},"meta":{"lastBranch":18,"lastFunction":4,"lastStatement":25,"seen":{"f:16:16:16:Infinity":0,"b:18:36:18:Infinity":0,"b:20:2:20:Infinity:undefined:undefined:undefined:undefined":1,"s:20:2:20:Infinity":0,"b:20:6:20:14:20:14:20:41:20:41:20:61":2,"s:20:61:20:Infinity":1,"s:22:16:22:Infinity":2,"s:24:4:25:Infinity":3,"b:24:4:24:Infinity:24:12:25:Infinity":3,"b:25:15:25:46:25:46:25:75":4,"s:26:8:28:Infinity":4,"b:27:4:27:35:27:35:27:Infinity":5,"s:29:8:29:Infinity":5,"b:29:30:29:51:29:51:29:69":6,"s:30:19:32:Infinity":6,"b:34:2:34:Infinity:undefined:undefined:undefined:undefined":7,"s:34:2:34:Infinity":7,"b:34:6:34:29:34:29:34:52:34:52:34:63":8,"s:34:63:34:Infinity":8,"b:35:2:35:Infinity:undefined:undefined:undefined:undefined":9,"s:35:2:35:Infinity":9,"b:35:6:35:33:35:33:35:56":10,"s:35:56:35:Infinity":10,"s:37:2:42:Infinity":11,"f:45:16:45:Infinity":1,"b:47:38:47:Infinity":11,"b:49:2:49:Infinity:undefined:undefined:undefined:undefined":12,"s:49:2:49:Infinity":12,"s:49:29:49:Infinity":13,"s:51:19:53:Infinity":14,"f:53:12:53:13":2,"s:53:62:53:78":15,"s:55:2:57:Infinity":16,"b:56:6:56:Infinity:57:6:57:Infinity":13,"f:60:16:60:Infinity":3,"b:63:2:63:Infinity:undefined:undefined:undefined:undefined":14,"s:63:2:63:Infinity":17,"b:63:6:63:14:63:14:63:41:63:41:63:61":15,"s:63:61:63:Infinity":18,"s:65:16:65:Infinity":19,"s:66:8:66:Infinity":20,"s:67:8:67:Infinity":21,"b:69:2:69:Infinity:undefined:undefined:undefined:undefined":16,"s:69:2:69:Infinity":22,"b:69:6:69:15:69:15:69:25":17,"s:69:25:69:Infinity":23,"s:71:2:76:Infinity":24}}}
,"/Users/chouyasushi/htdocs/zapPilot/zapEngine/apps/podcast-pipeline/src/lib/string.ts": {"path":"/Users/chouyasushi/htdocs/zapPilot/zapEngine/apps/podcast-pipeline/src/lib/string.ts","statementMap":{"0":{"start":{"line":2,"column":2},"end":{"line":2,"column":null}},"1":{"start":{"line":6,"column":15},"end":{"line":6,"column":null}},"2":{"start":{"line":7,"column":2},"end":{"line":7,"column":null}}},"fnMap":{"0":{"name":"readString","decl":{"start":{"line":1,"column":16},"end":{"line":1,"column":27}},"loc":{"start":{"line":1,"column":51},"end":{"line":3,"column":null}},"line":1},"1":{"name":"readNullableString","decl":{"start":{"line":5,"column":16},"end":{"line":5,"column":35}},"loc":{"start":{"line":5,"column":66},"end":{"line":8,"column":null}},"line":5}},"branchMap":{"0":{"loc":{"start":{"line":2,"column":9},"end":{"line":2,"column":null}},"type":"cond-expr","locations":[{"start":{"line":2,"column":37},"end":{"line":2,"column":52}},{"start":{"line":2,"column":52},"end":{"line":2,"column":null}}],"line":2},"1":{"loc":{"start":{"line":7,"column":9},"end":{"line":7,"column":null}},"type":"binary-expr","locations":[{"start":{"line":7,"column":9},"end":{"line":7,"column":17}},{"start":{"line":7,"column":17},"end":{"line":7,"column":null}}],"line":7}},"s":{"0":82,"1":26,"2":26},"f":{"0":82,"1":26},"b":{"0":[62,20],"1":[26,19]},"meta":{"lastBranch":2,"lastFunction":2,"lastStatement":3,"seen":{"f:1:16:1:27":0,"s:2:2:2:Infinity":0,"b:2:37:2:52:2:52:2:Infinity":0,"f:5:16:5:35":1,"s:6:15:6:Infinity":1,"s:7:2:7:Infinity":2,"b:7:9:7:17:7:17:7:Infinity":1}}}
,"/Users/chouyasushi/htdocs/zapPilot/zapEngine/apps/podcast-pipeline/src/services/cost.ts": {"path":"/Users/chouyasushi/htdocs/zapPilot/zapEngine/apps/podcast-pipeline/src/services/cost.ts","statementMap":{"0":{"start":{"line":26,"column":2},"end":{"line":29,"column":null}},"1":{"start":{"line":33,"column":2},"end":{"line":33,"column":null}},"2":{"start":{"line":33,"column":37},"end":{"line":33,"column":57}},"3":{"start":{"line":37,"column":2},"end":{"line":37,"column":null}},"4":{"start":{"line":37,"column":32},"end":{"line":37,"column":48}},"5":{"start":{"line":43,"column":2},"end":{"line":43,"column":null}},"6":{"start":{"line":43,"column":35},"end":{"line":43,"column":56}},"7":{"start":{"line":47,"column":18},"end":{"line":47,"column":null}},"8":{"start":{"line":49,"column":2},"end":{"line":64,"column":null}},"9":{"start":{"line":50,"column":16},"end":{"line":50,"column":null}},"10":{"start":{"line":51,"column":21},"end":{"line":51,"column":null}},"11":{"start":{"line":52,"column":4},"end":{"line":58,"column":null}},"12":{"start":{"line":53,"column":6},"end":{"line":56,"column":null}},"13":{"start":{"line":57,"column":6},"end":{"line":57,"column":null}},"14":{"start":{"line":60,"column":4},"end":{"line":60,"column":null}},"15":{"start":{"line":61,"column":4},"end":{"line":63,"column":null}},"16":{"start":{"line":62,"column":6},"end":{"line":62,"column":null}},"17":{"start":{"line":66,"column":2},"end":{"line":66,"column":null}},"18":{"start":{"line":70,"column":2},"end":{"line":77,"column":null}}},"fnMap":{"0":{"name":"buildUsageCostDetails","decl":{"start":{"line":23,"column":16},"end":{"line":23,"column":null}},"loc":{"start":{"line":25,"column":20},"end":{"line":30,"column":null}},"line":25},"1":{"name":"sumUsageCostLines","decl":{"start":{"line":32,"column":16},"end":{"line":32,"column":34}},"loc":{"start":{"line":32,"column":66},"end":{"line":34,"column":null}},"line":32},"2":{"name":"(anonymous_2)","decl":{"start":{"line":33,"column":22},"end":{"line":33,"column":23}},"loc":{"start":{"line":33,"column":37},"end":{"line":33,"column":57}},"line":33},"3":{"name":"nonZeroUsageCostLines","decl":{"start":{"line":36,"column":16},"end":{"line":36,"column":38}},"loc":{"start":{"line":36,"column":79},"end":{"line":38,"column":null}},"line":36},"4":{"name":"(anonymous_4)","decl":{"start":{"line":37,"column":22},"end":{"line":37,"column":23}},"loc":{"start":{"line":37,"column":32},"end":{"line":37,"column":48}},"line":37},"5":{"name":"sortUsageCostLinesByCostDesc","decl":{"start":{"line":40,"column":16},"end":{"line":40,"column":null}},"loc":{"start":{"line":42,"column":19},"end":{"line":44,"column":null}},"line":42},"6":{"name":"(anonymous_6)","decl":{"start":{"line":43,"column":25},"end":{"line":43,"column":26}},"loc":{"start":{"line":43,"column":35},"end":{"line":43,"column":56}},"line":43},"7":{"name":"compactUsageCostLines","decl":{"start":{"line":46,"column":16},"end":{"line":46,"column":38}},"loc":{"start":{"line":46,"column":79},"end":{"line":67,"column":null}},"line":46},"8":{"name":"costLineGroupKey","decl":{"start":{"line":69,"column":9},"end":{"line":69,"column":26}},"loc":{"start":{"line":69,"column":55},"end":{"line":78,"column":null}},"line":69}},"branchMap":{"0":{"loc":{"start":{"line":52,"column":4},"end":{"line":58,"column":null}},"type":"if","locations":[{"start":{"line":52,"column":4},"end":{"line":58,"column":null}},{"start":{},"end":{}}],"line":52},"1":{"loc":{"start":{"line":55,"column":15},"end":{"line":55,"column":null}},"type":"cond-expr","locations":[{"start":{"line":55,"column":28},"end":{"line":55,"column":48}},{"start":{"line":55,"column":48},"end":{"line":55,"column":null}}],"line":55},"2":{"loc":{"start":{"line":61,"column":4},"end":{"line":63,"column":null}},"type":"if","locations":[{"start":{"line":61,"column":4},"end":{"line":63,"column":null}},{"start":{},"end":{}}],"line":61},"3":{"loc":{"start":{"line":61,"column":8},"end":{"line":61,"column":38}},"type":"binary-expr","locations":[{"start":{"line":61,"column":8},"end":{"line":61,"column":26}},{"start":{"line":61,"column":26},"end":{"line":61,"column":38}}],"line":61},"4":{"loc":{"start":{"line":75,"column":10},"end":{"line":75,"column":null}},"type":"binary-expr","locations":[{"start":{"line":75,"column":10},"end":{"line":75,"column":30}},{"start":{"line":75,"column":30},"end":{"line":75,"column":null}}],"line":75},"5":{"loc":{"start":{"line":76,"column":18},"end":{"line":76,"column":null}},"type":"binary-expr","locations":[{"start":{"line":76,"column":18},"end":{"line":76,"column":46}},{"start":{"line":76,"column":46},"end":{"line":76,"column":null}}],"line":76}},"s":{"0":72,"1":73,"2":172,"3":8,"4":27,"5":9,"6":19,"7":8,"8":8,"9":25,"10":25,"11":25,"12":14,"13":14,"14":11,"15":11,"16":3,"17":8,"18":25},"f":{"0":72,"1":73,"2":172,"3":8,"4":27,"5":9,"6":19,"7":8,"8":25},"b":{"0":[14,11],"1":[6,8],"2":[3,8],"3":[11,3],"4":[25,16],"5":[25,16]},"meta":{"lastBranch":6,"lastFunction":9,"lastStatement":19,"seen":{"f:23:16:23:Infinity":0,"s:26:2:29:Infinity":0,"f:32:16:32:34":1,"s:33:2:33:Infinity":1,"f:33:22:33:23":2,"s:33:37:33:57":2,"f:36:16:36:38":3,"s:37:2:37:Infinity":3,"f:37:22:37:23":4,"s:37:32:37:48":4,"f:40:16:40:Infinity":5,"s:43:2:43:Infinity":5,"f:43:25:43:26":6,"s:43:35:43:56":6,"f:46:16:46:38":7,"s:47:18:47:Infinity":7,"s:49:2:64:Infinity":8,"s:50:16:50:Infinity":9,"s:51:21:51:Infinity":10,"b:52:4:58:Infinity:undefined:undefined:undefined:undefined":0,"s:52:4:58:Infinity":11,"s:53:6:56:Infinity":12,"b:55:28:55:48:55:48:55:Infinity":1,"s:57:6:57:Infinity":13,"s:60:4:60:Infinity":14,"b:61:4:63:Infinity:undefined:undefined:undefined:undefined":2,"s:61:4:63:Infinity":15,"b:61:8:61:26:61:26:61:38":3,"s:62:6:62:Infinity":16,"s:66:2:66:Infinity":17,"f:69:9:69:26":8,"s:70:2:77:Infinity":18,"b:75:10:75:30:75:30:75:Infinity":4,"b:76:18:76:46:76:46:76:Infinity":5}}}
,"/Users/chouyasushi/htdocs/zapPilot/zapEngine/apps/podcast-pipeline/src/services/db.ts": {"path":"/Users/chouyasushi/htdocs/zapPilot/zapEngine/apps/podcast-pipeline/src/services/db.ts","statementMap":{"0":{"start":{"line":25,"column":44},"end":{"line":25,"column":null}},"1":{"start":{"line":27,"column":35},"end":{"line":27,"column":null}},"2":{"start":{"line":30,"column":2},"end":{"line":31,"column":null}},"3":{"start":{"line":36,"column":2},"end":{"line":48,"column":null}},"4":{"start":{"line":50,"column":2},"end":{"line":50,"column":null}},"5":{"start":{"line":57,"column":2},"end":{"line":60,"column":null}},"6":{"start":{"line":68,"column":2},"end":{"line":88,"column":null}},"7":{"start":{"line":95,"column":2},"end":{"line":117,"column":null}},"8":{"start":{"line":123,"column":2},"end":{"line":128,"column":null}},"9":{"start":{"line":124,"column":4},"end":{"line":127,"column":null}},"10":{"start":{"line":130,"column":2},"end":{"line":135,"column":null}},"11":{"start":{"line":141,"column":26},"end":{"line":145,"column":null}},"12":{"start":{"line":147,"column":2},"end":{"line":149,"column":null}},"13":{"start":{"line":148,"column":4},"end":{"line":148,"column":null}},"14":{"start":{"line":151,"column":2},"end":{"line":151,"column":null}},"15":{"start":{"line":158,"column":26},"end":{"line":163,"column":null}},"16":{"start":{"line":165,"column":2},"end":{"line":167,"column":null}},"17":{"start":{"line":166,"column":4},"end":{"line":166,"column":null}},"18":{"start":{"line":169,"column":2},"end":{"line":169,"column":null}},"19":{"start":{"line":173,"column":26},"end":{"line":177,"column":null}},"20":{"start":{"line":179,"column":2},"end":{"line":181,"column":null}},"21":{"start":{"line":180,"column":4},"end":{"line":180,"column":null}},"22":{"start":{"line":183,"column":2},"end":{"line":183,"column":null}},"23":{"start":{"line":190,"column":25},"end":{"line":190,"column":null}},"24":{"start":{"line":191,"column":29},"end":{"line":191,"column":null}},"25":{"start":{"line":199,"column":2},"end":{"line":199,"column":null}},"26":{"start":{"line":203,"column":14},"end":{"line":205,"column":null}},"27":{"start":{"line":206,"column":2},"end":{"line":208,"column":null}},"28":{"start":{"line":207,"column":4},"end":{"line":207,"column":null}},"29":{"start":{"line":209,"column":2},"end":{"line":209,"column":null}},"30":{"start":{"line":209,"column":39},"end":{"line":209,"column":null}},"31":{"start":{"line":210,"column":2},"end":{"line":210,"column":null}},"32":{"start":{"line":210,"column":39},"end":{"line":210,"column":null}},"33":{"start":{"line":211,"column":2},"end":{"line":211,"column":null}},"34":{"start":{"line":219,"column":14},"end":{"line":219,"column":null}},"35":{"start":{"line":221,"column":10},"end":{"line":226,"column":null}},"36":{"start":{"line":228,"column":2},"end":{"line":230,"column":null}},"37":{"start":{"line":229,"column":4},"end":{"line":229,"column":null}},"38":{"start":{"line":232,"column":2},"end":{"line":236,"column":null}},"39":{"start":{"line":233,"column":4},"end":{"line":235,"column":null}},"40":{"start":{"line":238,"column":26},"end":{"line":238,"column":null}},"41":{"start":{"line":239,"column":2},"end":{"line":239,"column":null}},"42":{"start":{"line":239,"column":13},"end":{"line":239,"column":null}},"43":{"start":{"line":241,"column":14},"end":{"line":241,"column":null}},"44":{"start":{"line":242,"column":18},"end":{"line":242,"column":null}},"45":{"start":{"line":243,"column":15},"end":{"line":243,"column":null}},"46":{"start":{"line":244,"column":15},"end":{"line":244,"column":null}},"47":{"start":{"line":246,"column":2},"end":{"line":249,"column":null}},"48":{"start":{"line":253,"column":26},"end":{"line":261,"column":null}},"49":{"start":{"line":263,"column":2},"end":{"line":265,"column":null}},"50":{"start":{"line":264,"column":4},"end":{"line":264,"column":null}},"51":{"start":{"line":267,"column":2},"end":{"line":267,"column":null}},"52":{"start":{"line":273,"column":26},"end":{"line":277,"column":null}},"53":{"start":{"line":279,"column":2},"end":{"line":281,"column":null}},"54":{"start":{"line":280,"column":4},"end":{"line":280,"column":null}},"55":{"start":{"line":283,"column":2},"end":{"line":283,"column":null}},"56":{"start":{"line":290,"column":4},"end":{"line":290,"column":null}},"57":{"start":{"line":291,"column":2},"end":{"line":291,"column":null}},"58":{"start":{"line":297,"column":14},"end":{"line":297,"column":null}},"59":{"start":{"line":298,"column":2},"end":{"line":298,"column":null}},"60":{"start":{"line":298,"column":43},"end":{"line":298,"column":null}},"61":{"start":{"line":300,"column":26},"end":{"line":305,"column":null}},"62":{"start":{"line":307,"column":2},"end":{"line":309,"column":null}},"63":{"start":{"line":308,"column":4},"end":{"line":308,"column":null}},"64":{"start":{"line":311,"column":2},"end":{"line":315,"column":null}},"65":{"start":{"line":312,"column":17},"end":{"line":312,"column":null}},"66":{"start":{"line":313,"column":4},"end":{"line":313,"column":null}},"67":{"start":{"line":314,"column":4},"end":{"line":314,"column":null}},"68":{"start":{"line":317,"column":2},"end":{"line":317,"column":null}},"69":{"start":{"line":323,"column":2},"end":{"line":323,"column":null}},"70":{"start":{"line":323,"column":28},"end":{"line":323,"column":null}},"71":{"start":{"line":325,"column":8},"end":{"line":325,"column":null}},"72":{"start":{"line":326,"column":18},"end":{"line":336,"column":null}},"73":{"start":{"line":326,"column":43},"end":{"line":336,"column":4}},"74":{"start":{"line":338,"column":26},"end":{"line":344,"column":null}},"75":{"start":{"line":346,"column":2},"end":{"line":348,"column":null}},"76":{"start":{"line":347,"column":4},"end":{"line":347,"column":null}},"77":{"start":{"line":350,"column":2},"end":{"line":350,"column":null}},"78":{"start":{"line":357,"column":26},"end":{"line":362,"column":null}},"79":{"start":{"line":364,"column":2},"end":{"line":366,"column":null}},"80":{"start":{"line":365,"column":4},"end":{"line":365,"column":null}},"81":{"start":{"line":368,"column":2},"end":{"line":368,"column":null}},"82":{"start":{"line":375,"column":26},"end":{"line":380,"column":null}},"83":{"start":{"line":382,"column":2},"end":{"line":384,"column":null}},"84":{"start":{"line":383,"column":4},"end":{"line":383,"column":null}},"85":{"start":{"line":386,"column":2},"end":{"line":386,"column":null}},"86":{"start":{"line":392,"column":2},"end":{"line":392,"column":null}},"87":{"start":{"line":399,"column":2},"end":{"line":402,"column":null}},"88":{"start":{"line":424,"column":45},"end":{"line":424,"column":null}},"89":{"start":{"line":425,"column":2},"end":{"line":425,"column":null}},"90":{"start":{"line":425,"column":37},"end":{"line":425,"column":null}},"91":{"start":{"line":426,"column":2},"end":{"line":427,"column":null}},"92":{"start":{"line":427,"column":4},"end":{"line":427,"column":null}},"93":{"start":{"line":428,"column":2},"end":{"line":429,"column":null}},"94":{"start":{"line":429,"column":4},"end":{"line":429,"column":null}},"95":{"start":{"line":430,"column":2},"end":{"line":431,"column":null}},"96":{"start":{"line":431,"column":4},"end":{"line":431,"column":null}},"97":{"start":{"line":432,"column":2},"end":{"line":432,"column":null}},"98":{"start":{"line":432,"column":37},"end":{"line":432,"column":null}},"99":{"start":{"line":433,"column":2},"end":{"line":434,"column":null}},"100":{"start":{"line":434,"column":4},"end":{"line":434,"column":null}},"101":{"start":{"line":435,"column":2},"end":{"line":436,"column":null}},"102":{"start":{"line":436,"column":4},"end":{"line":436,"column":null}},"103":{"start":{"line":437,"column":2},"end":{"line":438,"column":null}},"104":{"start":{"line":438,"column":4},"end":{"line":438,"column":null}},"105":{"start":{"line":439,"column":2},"end":{"line":440,"column":null}},"106":{"start":{"line":440,"column":4},"end":{"line":440,"column":null}},"107":{"start":{"line":441,"column":2},"end":{"line":442,"column":null}},"108":{"start":{"line":442,"column":4},"end":{"line":442,"column":null}},"109":{"start":{"line":444,"column":2},"end":{"line":444,"column":null}},"110":{"start":{"line":450,"column":2},"end":{"line":467,"column":null}},"111":{"start":{"line":473,"column":16},"end":{"line":473,"column":null}},"112":{"start":{"line":474,"column":2},"end":{"line":474,"column":null}},"113":{"start":{"line":474,"column":29},"end":{"line":474,"column":null}},"114":{"start":{"line":476,"column":2},"end"
[...]
,"12":{"start":{"line":45,"column":23},"end":{"line":45,"column":null}},"13":{"start":{"line":46,"column":4},"end":{"line":48,"column":null}},"14":{"start":{"line":51,"column":2},"end":{"line":54,"column":null}},"15":{"start":{"line":58,"column":17},"end":{"line":58,"column":null}},"16":{"start":{"line":59,"column":2},"end":{"line":63,"column":null}},"17":{"start":{"line":67,"column":2},"end":{"line":71,"column":null}},"18":{"start":{"line":68,"column":4},"end":{"line":70,"column":null}},"19":{"start":{"line":73,"column":2},"end":{"line":73,"column":null}},"20":{"start":{"line":80,"column":17},"end":{"line":80,"column":null}},"21":{"start":{"line":81,"column":20},"end":{"line":81,"column":null}},"22":{"start":{"line":83,"column":2},"end":{"line":94,"column":null}},"23":{"start":{"line":98,"column":2},"end":{"line":102,"column":null}},"24":{"start":{"line":99,"column":4},"end":{"line":99,"column":null}},"25":{"start":{"line":101,"column":4},"end":{"line":101,"column":null}},"26":{"start":{"line":106,"column":18},"end":{"line":106,"column":null}},"27":{"start":{"line":107,"column":2},"end":{"line":109,"column":null}},"28":{"start":{"line":108,"column":4},"end":{"line":108,"column":null}},"29":{"start":{"line":111,"column":2},"end":{"line":111,"column":null}}},"fnMap":{"0":{"name":"synthesize","decl":{"start":{"line":14,"column":22},"end":{"line":14,"column":null}},"loc":{"start":{"line":17,"column":31},"end":{"line":55,"column":null}},"line":17},"1":{"name":"getMetadata","decl":{"start":{"line":57,"column":16},"end":{"line":57,"column":28}},"loc":{"start":{"line":57,"column":69},"end":{"line":64,"column":null}},"line":57},"2":{"name":"getFishAudioConfig","decl":{"start":{"line":66,"column":9},"end":{"line":66,"column":28}},"loc":{"start":{"line":66,"column":56},"end":{"line":74,"column":null}},"line":66},"3":{"name":"buildFishAudioCostLine","decl":{"start":{"line":76,"column":16},"end":{"line":76,"column":null}},"loc":{"start":{"line":79,"column":17},"end":{"line":95,"column":null}},"line":79},"4":{"name":"getErrorBody","decl":{"start":{"line":97,"column":15},"end":{"line":97,"column":28}},"loc":{"start":{"line":97,"column":65},"end":{"line":103,"column":null}},"line":97},"5":{"name":"truncateBody","decl":{"start":{"line":105,"column":9},"end":{"line":105,"column":22}},"loc":{"start":{"line":105,"column":44},"end":{"line":112,"column":null}},"line":105}},"branchMap":{"0":{"loc":{"start":{"line":19,"column":2},"end":{"line":21,"column":null}},"type":"if","locations":[{"start":{"line":19,"column":2},"end":{"line":21,"column":null}},{"start":{},"end":{}}],"line":19},"1":{"loc":{"start":{"line":42,"column":2},"end":{"line":49,"column":null}},"type":"if","locations":[{"start":{"line":42,"column":2},"end":{"line":49,"column":null}},{"start":{},"end":{}}],"line":42},"2":{"loc":{"start":{"line":44,"column":23},"end":{"line":44,"column":null}},"type":"cond-expr","locations":[{"start":{"line":44,"column":45},"end":{"line":44,"column":73}},{"start":{"line":44,"column":73},"end":{"line":44,"column":null}}],"line":44},"3":{"loc":{"start":{"line":45,"column":23},"end":{"line":45,"column":null}},"type":"cond-expr","locations":[{"start":{"line":45,"column":30},"end":{"line":45,"column":44}},{"start":{"line":45,"column":44},"end":{"line":45,"column":null}}],"line":45},"4":{"loc":{"start":{"line":67,"column":2},"end":{"line":71,"column":null}},"type":"if","locations":[{"start":{"line":67,"column":2},"end":{"line":71,"column":null}},{"start":{},"end":{}}],"line":67},"5":{"loc":{"start":{"line":85,"column":11},"end":{"line":85,"column":null}},"type":"binary-expr","locations":[{"start":{"line":85,"column":11},"end":{"line":85,"column":29}},{"start":{"line":85,"column":29},"end":{"line":85,"column":null}}],"line":85},"6":{"loc":{"start":{"line":107,"column":2},"end":{"line":109,"column":null}},"type":"if","locations":[{"start":{"line":107,"column":2},"end":{"line":109,"column":null}},{"start":{},"end":{}}],"line":107}},"s":{"0":4,"1":4,"2":4,"3":4,"4":6,"5":6,"6":1,"7":5,"8":5,"9":4,"10":3,"11":3,"12":3,"13":3,"14":1,"15":18,"16":18,"17":26,"18":1,"19":25,"20":3,"21":3,"22":3,"23":3,"24":3,"25":1,"26":2,"27":2,"28":1,"29":1},"f":{"0":6,"1":18,"2":26,"3":3,"4":3,"5":2},"b":{"0":[1,5],"1":[3,1],"2":[2,1],"3":[2,1],"4":[1,25],"5":[3,1],"6":[1,1]},"meta":{"lastBranch":7,"lastFunction":6,"lastStatement":30,"seen":{"s:8:27:8:Infinity":0,"s:9:52:9:Infinity":1,"s:11:2:11:Infinity":2,"s:12:25:12:Infinity":3,"f:14:22:14:Infinity":0,"s:18:17:18:Infinity":4,"b:19:2:21:Infinity:undefined:undefined:undefined:undefined":0,"s:19:2:21:Infinity":5,"s:20:4:20:Infinity":6,"s:23:17:23:Infinity":7,"s:24:19:40:Infinity":8,"b:42:2:49:Infinity:undefined:undefined:undefined:undefined":1,"s:42:2:49:Infinity":9,"s:43:17:43:Infinity":10,"s:44:23:44:Infinity":11,"b:44:45:44:73:44:73:44:Infinity":2,"s:45:23:45:Infinity":12,"b:45:30:45:44:45:44:45:Infinity":3,"s:46:4:48:Infinity":13,"s:51:2:54:Infinity":14,"f:57:16:57:28":1,"s:58:17:58:Infinity":15,"s:59:2:63:Infinity":16,"f:66:9:66:28":2,"b:67:2:71:Infinity:undefined:undefined:undefined:undefined":4,"s:67:2:71:Infinity":17,"s:68:4:70:Infinity":18,"s:73:2:73:Infinity":19,"f:76:16:76:Infinity":3,"s:80:17:80:Infinity":20,"s:81:20:81:Infinity":21,"s:83:2:94:Infinity":22,"b:85:11:85:29:85:29:85:Infinity":5,"f:97:15:97:28":4,"s:98:2:102:Infinity":23,"s:99:4:99:Infinity":24,"s:101:4:101:Infinity":25,"f:105:9:105:22":5,"s:106:18:106:Infinity":26,"b:107:2:109:Infinity:undefined:undefined:undefined:undefined":6,"s:107:2:109:Infinity":27,"s:108:4:108:Infinity":28,"s:111:2:111:Infinity":29}}}
,"/Users/chouyasushi/htdocs/zapPilot/zapEngine/apps/podcast-pipeline/src/services/tts/google.ts": {"path":"/Users/chouyasushi/htdocs/zapPilot/zapEngine/apps/podcast-pipeline/src/services/tts/google.ts","statementMap":{"0":{"start":{"line":12,"column":40},"end":{"line":12,"column":null}},"1":{"start":{"line":15,"column":2},"end":{"line":15,"column":null}},"2":{"start":{"line":16,"column":2},"end":{"line":16,"column":null}},"3":{"start":{"line":19,"column":18},"end":{"line":19,"column":null}},"4":{"start":{"line":20,"column":47},"end":{"line":20,"column":null}},"5":{"start":{"line":21,"column":29},"end":{"line":24,"column":null}},"6":{"start":{"line":32,"column":2},"end":{"line":32,"column":null}},"7":{"start":{"line":36,"column":27},"end":{"line":36,"column":null}},"8":{"start":{"line":37,"column":20},"end":{"line":37,"column":null}},"9":{"start":{"line":38,"column":21},"end":{"line":38,"column":null}},"10":{"start":{"line":40,"column":2},"end":{"line":59,"column":null}},"11":{"start":{"line":41,"column":22},"end":{"line":41,"column":null}},"12":{"start":{"line":42,"column":4},"end":{"line":58,"column":null}},"13":{"start":{"line":43,"column":6},"end":{"line":43,"column":null}},"14":{"start":{"line":45,"column":6},"end":{"line":47,"column":null}},"15":{"start":{"line":46,"column":8},"end":{"line":46,"column":null}},"16":{"start":{"line":48,"column":6},"end":{"line":57,"column":null}},"17":{"start":{"line":49,"column":31},"end":{"line":49,"column":null}},"18":{"start":{"line":50,"column":8},"end":{"line":50,"column":null}},"19":{"start":{"line":56,"column":8},"end":{"line":56,"column":null}},"20":{"start":{"line":61,"column":2},"end":{"line":63,"column":null}},"21":{"start":{"line":62,"column":4},"end":{"line":62,"column":null}},"22":{"start":{"line":65,"column":2},"end":{"line":65,"column":null}},"23":{"start":{"line":69,"column":27},"end":{"line":69,"column":null}},"24":{"start":{"line":70,"column":14},"end":{"line":70,"column":null}},"25":{"start":{"line":72,"column":2},"end":{"line":80,"column":null}},"26":{"start":{"line":73,"column":21},"end":{"line":73,"column":null}},"27":{"start":{"line":74,"column":4},"end":{"line":79,"column":null}},"28":{"start":{"line":75,"column":6},"end":{"line":75,"column":null}},"29":{"start":{"line":76,"column":6},"end":{"line":76,"column":null}},"30":{"start":{"line":78,"column":6},"end":{"line":78,"column":null}},"31":{"start":{"line":89,"column":2},"end":{"line":89,"column":null}},"32":{"start":{"line":96,"column":21},"end":{"line":103,"column":null}},"33":{"start":{"line":105,"column":2},"end":{"line":107,"column":null}},"34":{"start":{"line":106,"column":4},"end":{"line":106,"column":null}},"35":{"start":{"line":109,"column":2},"end":{"line":109,"column":null}},"36":{"start":{"line":115,"column":2},"end":{"line":115,"column":null}},"37":{"start":{"line":119,"column":23},"end":{"line":119,"column":null}},"38":{"start":{"line":120,"column":2},"end":{"line":124,"column":null}},"39":{"start":{"line":134,"column":23},"end":{"line":134,"column":null}},"40":{"start":{"line":135,"column":17},"end":{"line":135,"column":null}},"41":{"start":{"line":137,"column":2},"end":{"line":139,"column":null}},"42":{"start":{"line":138,"column":4},"end":{"line":138,"column":null}},"43":{"start":{"line":141,"column":2},"end":{"line":146,"column":null}},"44":{"start":{"line":142,"column":4},"end":{"line":145,"column":null}},"45":{"start":{"line":148,"column":23},"end":{"line":150,"column":null}},"46":{"start":{"line":149,"column":26},"end":{"line":149,"column":62}},"47":{"start":{"line":151,"column":2},"end":{"line":154,"column":null}},"48":{"start":{"line":160,"column":2},"end":{"line":162,"column":null}},"49":{"start":{"line":161,"column":4},"end":{"line":161,"column":null}},"50":{"start":{"line":164,"column":2},"end":{"line":168,"column":null}},"51":{"start":{"line":165,"column":4},"end":{"line":167,"column":null}},"52":{"start":{"line":170,"column":2},"end":{"line":173,"column":null}},"53":{"start":{"line":181,"column":21},"end":{"line":184,"column":null}},"54":{"start":{"line":182,"column":20},"end":{"line":182,"column":null}},"55":{"start":{"line":186,"column":2},"end":{"line":197,"column":null}},"56":{"start":{"line":201,"column":2},"end":{"line":201,"column":null}}},"fnMap":{"0":{"name":"getClient","decl":{"start":{"line":14,"column":9},"end":{"line":14,"column":41}},"loc":{"start":{"line":14,"column":41},"end":{"line":17,"column":null}},"line":14},"1":{"name":"getClientOptions","decl":{"start":{"line":31,"column":16},"end":{"line":31,"column":74}},"loc":{"start":{"line":31,"column":74},"end":{"line":33,"column":null}},"line":31},"2":{"name":"splitTextIntoChunks","decl":{"start":{"line":35,"column":16},"end":{"line":35,"column":36}},"loc":{"start":{"line":35,"column":78},"end":{"line":66,"column":null}},"line":35},"3":{"name":"splitOversizedSentence","decl":{"start":{"line":68,"column":9},"end":{"line":68,"column":32}},"loc":{"start":{"line":68,"column":78},"end":{"line":90,"column":null}},"line":68},"4":{"name":"synthesizeChunk","decl":{"start":{"line":92,"column":22},"end":{"line":92,"column":null}},"loc":{"start":{"line":95,"column":19},"end":{"line":110,"column":null}},"line":95},"5":{"name":"concatenateAudioChunks","decl":{"start":{"line":112,"column":22},"end":{"line":112,"column":null}},"loc":{"start":{"line":114,"column":19},"end":{"line":116,"column":null}},"line":114},"6":{"name":"getMetadata","decl":{"start":{"line":118,"column":16},"end":{"line":118,"column":28}},"loc":{"start":{"line":118,"column":70},"end":{"line":125,"column":null}},"line":118},"7":{"name":"synthesize","decl":{"start":{"line":127,"column":22},"end":{"line":127,"column":null}},"loc":{"start":{"line":133,"column":3},"end":{"line":155,"column":null}},"line":133},"8":{"name":"(anonymous_8)","decl":{"start":{"line":149,"column":15},"end":{"line":149,"column":16}},"loc":{"start":{"line":149,"column":26},"end":{"line":149,"column":62}},"line":149},"9":{"name":"getGoogleVoiceOptions","decl":{"start":{"line":157,"column":9},"end":{"line":157,"column":null}},"loc":{"start":{"line":159,"column":22},"end":{"line":174,"column":null}},"line":159},"10":{"name":"buildGoogleCostLine","decl":{"start":{"line":176,"column":16},"end":{"line":176,"column":null}},"loc":{"start":{"line":180,"column":17},"end":{"line":198,"column":null}},"line":180},"11":{"name":"(anonymous_11)","decl":{"start":{"line":182,"column":4},"end":{"line":182,"column":5}},"loc":{"start":{"line":182,"column":20},"end":{"line":182,"column":null}},"line":182},"12":{"name":"countUnicodeCharacters","decl":{"start":{"line":200,"column":9},"end":{"line":200,"column":32}},"loc":{"start":{"line":200,"column":54},"end":{"line":202,"column":null}},"line":200}},"branchMap":{"0":{"loc":{"start":{"line":42,"column":4},"end":{"line":58,"column":null}},"type":"if","locations":[{"start":{"line":42,"column":4},"end":{"line":58,"column":null}},{"start":{"line":44,"column":11},"end":{"line":58,"column":null}}],"line":42},"1":{"loc":{"start":{"line":45,"column":6},"end":{"line":47,"column":null}},"type":"if","locations":[{"start":{"line":45,"column":6},"end":{"line":47,"column":null}},{"start":{},"end":{}}],"line":45},"2":{"loc":{"start":{"line":48,"column":6},"end":{"line":57,"column":null}},"type":"if","locations":[{"start":{"line":48,"column":6},"end":{"line":57,"column":null}},{"start":{"line":55,"column":13},"end":{"line":57,"column":null}}],"line":48},"3":{"loc":{"start":{"line":61,"column":2},"end":{"line":63,"column":null}},"type":"if","locations":[{"start":{"line":61,"column":2},"end":{"line":63,"column":null}},{"start":{},"end":{}}],"line":61},"4":{"loc":{"start":{"line":74,"column":4},"end":{"line":79,"column":null}},"type":"if","locations":[{"start":{"line":74,"column":4},"end":{"line":79,"column":null}},{"start":{"line":77,"column":11},"end":{"line":79,"column":null}}],"line":74},"5":{"loc":{"start":{"line":94,"column":2},"end":{"line":94,"column":null}},"type":"default-arg","locations":[{"start":{"line":94,"column":37},"end":{"line":94,"column":null}}],"line":94},"6":{"loc":{"start":{"line":105,"column":2},"end":{"line":107,"column":null}},"type":"if","locations":[{"start":{"line":105,"column":2},"end":{"line":107,"column":null}},{"start":{},"end":{}}],"line":105},"7":{"loc":{"start":{"line":137,"column":2},"end":{"line":139,"column":null}},"type":"if","locations":[{"start":{"line":137,"column":2},"end":{"line":139,"column":null}},{"start":{},"end":{}}],"line":137},"8":{"loc":{"start":{"line":141,"column":2},"end":{"line":146,"column":null}},"type":"if","locations":[{"start":{"line":141,"column":2},"end":{"line":146,"column":null}},{"start":{},"end":{}}],"line":141},"9":{"loc":{"start":{"line":160,"column":2},"end":{"line":162,"column":null}},"type":"if","locations":[{"start":{"line":160,"column":2},"end":{"line":162,"column":null}},{"start":{},"end":{}}],"line":160},"10":{"loc":{"start":{"line":164,"column":2},"end":{"line":168,"column":null}},"type":"if","locations":[{"start":{"line":164,"column":2},"end":{"line":168,"column":null}},{"start":{},"end":{}}],"line":164},"11":{"loc":{"start":{"line":178,"column":2},"end":{"line":178,"column":null}},"type":"default-arg","locations":[{"start":{"line":178,"column":37},"end":{"line":178,"column":null}}],"line":178},"12":{"loc":{"start":{"line":188,"column":11},"end":{"line":188,"column":null}},"type":"binary-expr","locations":[{"start":{"line":188,"column":11},"end":{"line":188,"column":30}},{"start":{"line":188,"column":30},"end":{"line":188,"column":null}}],"line":188}},"s":{"0":5,"1":19,"2":19,"3":5,"4":5,"5":5,"6":8,"7":17,"8":17,"9":17,"10":17,"11":2222,"12":2222,"13":2211,"14":11,"15":9,"16":11,"17":2,"18":2,"19":9,"20":17,"21":14,"22":17,"23":2,"24":2,"25":2,"26":12000,"27":12000,"28":2,"29":2,"30":11998,"31":2,"32":19,"33":19,"34":1,"35":18,"36":7,"37":11,"38":11,"39":11,"40":11,"41":11,"42":2,"43":8,"44":6,"45":2,"46":11,"47":2,"48":22,"49":8,"50":14,"51":1,"52":13,"53":8,"54":18,"55":8,"56":18},"f":{"0":19,"1":8,"2":17,"3":2,"4":19,"5":7,"6":11,"7":11,"8":11,"9":22,"10":8,"11":18,"12":18},"b":{"0":[2211,11],"1":[9,2],"2":[2,9],"3":[14,3],"4":[2,11998],"5":[19],"6":[1,18],"7":[2,9],"8":[6,2],"9":[8,14],"10":[1,13],"11":[8],"12":[8,6]},"meta":{"lastBranch":13,"lastFunction":13,"lastStatement":57,"seen":{"s:12:40:12:Infinity":0,"f:14:9:14:41":0,"s:15:2:15:Infinity":1,"s:16:2:16:Infinity":2,"s:19:18:19:Infinity":3,"s:20:47:20:Infinity":4,"s:21:29:24:Infinity":5,"f:31:16:31:74":1,"s:32:2:32:Infinity":6,"f:35:16:35:36":2,"s:36:27:36:Infinity":7,"s:37:20:37:Infinity":8,"s:38:21:38:Infinity":9,"s:40:2:59:Infinity":10,"s:41:22:41:Infinity":11,"b:42:4:58:Infinity:44:11:58:Infinity":0,"s:42:4:58:Infinity":12,"s:43:6:43:Infinity":13,"b:45:6:47:Infinity:undefined:undefined:undefined:undefined":1,"s:45:6:47:Infinity":14,"s:46:8:46:Infinity":15,"b:48:6:57:Infinity:55:13:57:Infinity":2,"s:48:6:57:Infinity":16,"s:49:31:49:Infinity":17,"s:50:8:50:Infinity":18,"s:56:8:56:Infinity":19,"b:61:2:63:Infinity:undefined:undefined:undefined:undefined":3,"s:61:2:63:Infinity":20,"s:62:4:62:Infinity":21,"s:65:2:65:Infinity":22,"f:68:9:68:32":3,"s:69:27:69:Infinity":23,"s:70:14:70:Infinity":24,"s:72:2:80:Infinity":25,"s:73:21:73:Infinity":26,"b:74:4:79:Infinity:77:11:79:Infinity":4,"s:74:4:79:Infinity":27,"s:75:6:75:Infinity":28,"s:76:6:76:Infinity":29,"s:78:6:78:Infinity":30,"s:89:2:89:Infinity":31,"f:92:22:92:Infinity":4,"b:94:37:94:Infinity":5,"s:96:21:103:Infinity":32,"b:105:2:107:Infinity:undefined:undefined:undefined:undefined":6,"s:105:2:107:Infinity":33,"s:106:4:106:Infinity":34,"s:109:2:109:Infinity":35,"f:112:22:112:Infinity":5,"s:115:2:115:Infinity":36,"f:118:16:118:28":6,"s:119:23:119:Infinity":37,"s:120:2:124:Infinity":38,"f:127:22:127:Infinity":7,"s:134:23:134:Infinity":39,"s:135:17:135:Infinity":40,"b:137:2:139:Infinity:undefined:undefined:undefined:undefined":7,"s:137:2:139:Infinity":41,"s:138:4:138:Infinity":42,"b:141:2:146:Infinity:undefined:undefined:undefined:undefined":8,"s:141:2:146:Infinity":43,"s:142:4:145:Infinity":44,"s:148:23:150:Infinity":45,"f:149:15:149:16":8,"s:149:26:149:62":46,"s:151:2:154:Infinity":47,"f:157:9:157:Infinity":9,"b:160:2:162:Infinity:undefined:undefined:undefined:undefined":9,"s:160:2:162:Infinity":48,"s:161:4:161:Infinity":49,"b:164:2:168:Infinity:undefined:undefined:undefined:undefined":10,"s:164:2:168:Infinity":50,"s:165:4:167:Infinity":51,"s:170:2:173:Infinity":52,"f:176:16:176:Infinity":10,"b:178:37:178:Infinity":11,"s:181:21:184:Infinity":53,"f:182:4:182:5":11,"s:182:20:182:Infinity":54,"s:186:2:197:Infinity":55,"b:188:11:188:30:188:30:188:Infinity":12,"f:200:9:200:32":12,"s:201:2:201:Infinity":56}}}
,"/Users/chouyasushi/htdocs/zapPilot/zapEngine/apps/podcast-pipeline/src/services/tts/tts-config.ts": {"path":"/Users/chouyasushi/htdocs/zapPilot/zapEngine/apps/podcast-pipeline/src/services/tts/tts-config.ts","statementMap":{"0":{"start":{"line":23,"column":28},"end":{"line":23,"column":null}},"1":{"start":{"line":24,"column":24},"end":{"line":24,"column":null}},"2":{"start":{"line":25,"column":36},"end":{"line":25,"column":null}},"3":{"start":{"line":26,"column":30},"end":{"line":30,"column":null}},"4":{"start":{"line":31,"column":25},"end":{"line":35,"column":null}},"5":{"start":{"line":36,"column":25},"end":{"line":40,"column":null}},"6":{"start":{"line":45,"column":4},"end":{"line":53,"column":null}},"7":{"start":{"line":58,"column":4},"end":{"line":62,"column":null}},"8":{"start":{"line":68,"column":2},"end":{"line":70,"column":null}}},"fnMap":{"0":{"name":"getTtsConfig","decl":{"start":{"line":64,"column":16},"end":{"line":64,"column":null}},"loc":{"start":{"line":67,"column":21},"end":{"line":71,"column":null}},"line":67}},"branchMap":{"0":{"loc":{"start":{"line":68,"column":9},"end":{"line":70,"column":null}},"type":"cond-expr","locations":[{"start":{"line":69,"column":6},"end":{"line":69,"column":null}},{"start":{"line":70,"column":6},"end":{"line":70,"column":null}}],"line":68}},"s":{"0":5,"1":5,"2":5,"3":5,"4":5,"5":5,"6":5,"7":5,"8":46},"f":{"0":46},"b":{"0":[40,6]},"meta":{"lastBranch":1,"lastFunction":1,"lastStatement":9,"seen":{"s:23:28:23:Infinity":0,"s:24:24:24:Infinity":1,"s:25:36:25:Infinity":2,"s:26:30:30:Infinity":3,"s:31:25:35:Infinity":4,"s:36:25:40:Infinity":5,"s:45:4:53:Infinity":6,"s:58:4:62:Infinity":7,"f:64:16:64:Infinity":0,"s:68:2:70:Infinity":8,"b:69:6:69:Infinity:70:6:70:Infinity":0}}}
}
